INFO  @ Tue, 28 May 2024 19:52:20: Parameters: /Users/samgould/opt/anaconda3/envs/mageckenv/bin/mageck test -k /Users/samgould/Documents/GitHub/KEAP1-pegRNA-sensor-targeted-library/mageck_counts.txt -t REP1_Q1,REP2_Q1,REP3_Q1 -c REP1_PreSort,REP2_PreSort,REP3_PreSort --normcounts-to-file -n Q1_presort 
INFO  @ Tue, 28 May 2024 19:52:20: Welcome to MAGeCK v0.5.9.5. Command: test 
INFO  @ Tue, 28 May 2024 19:52:20: Loading count table from /Users/samgould/Documents/GitHub/KEAP1-pegRNA-sensor-targeted-library/mageck_counts.txt  
INFO  @ Tue, 28 May 2024 19:52:20: Processing 1 lines.. 
DEBUG @ Tue, 28 May 2024 19:52:20: Parsing error in line 1 (usually the header line). Skip this line. 
INFO  @ Tue, 28 May 2024 19:52:20: Loaded 500 records. 
INFO  @ Tue, 28 May 2024 19:52:20: Loading Rnw template file: /Users/samgould/opt/anaconda3/envs/mageckenv/lib/python3.10/site-packages/mageck/test_report.Rmd. 
DEBUG @ Tue, 28 May 2024 19:52:20: Setting up the visualization module... 
INFO  @ Tue, 28 May 2024 19:52:20: Loading R template file: /Users/samgould/opt/anaconda3/envs/mageckenv/lib/python3.10/site-packages/mageck/plot_template.RTemplate. 
INFO  @ Tue, 28 May 2024 19:52:20: Loading R template file: /Users/samgould/opt/anaconda3/envs/mageckenv/lib/python3.10/site-packages/mageck/plot_template_indvgene.RTemplate. 
INFO  @ Tue, 28 May 2024 19:52:20: Loading Rnw template file: /Users/samgould/opt/anaconda3/envs/mageckenv/lib/python3.10/site-packages/mageck/plot_template.Rnw. 
DEBUG @ Tue, 28 May 2024 19:52:20: Setting up the visualization module... 
DEBUG @ Tue, 28 May 2024 19:52:20: Given sample labels: REP1_Q1,REP2_Q1,REP3_Q1 
DEBUG @ Tue, 28 May 2024 19:52:20: Converted index: 0 4 8 
INFO  @ Tue, 28 May 2024 19:52:20: Treatment samples:REP1_Q1,REP2_Q1,REP3_Q1 
INFO  @ Tue, 28 May 2024 19:52:20: Treatment sample index:0,4,8 
DEBUG @ Tue, 28 May 2024 19:52:20: Given sample labels: REP1_PreSort,REP2_PreSort,REP3_PreSort 
DEBUG @ Tue, 28 May 2024 19:52:20: Converted index: 12 13 14 
INFO  @ Tue, 28 May 2024 19:52:20: Control samples:REP1_PreSort,REP2_PreSort,REP3_PreSort 
INFO  @ Tue, 28 May 2024 19:52:20: Control sample index:12,13,14 
DEBUG @ Tue, 28 May 2024 19:52:20: Initial (total) size factor: 0.9473427068828935 0.7888356144480284 1.0560176144276479 1.5167339002558973 0.8510607613906054 1.1167507260924296 
DEBUG @ Tue, 28 May 2024 19:52:20: Median factor: 1.0230142393156623 0.9611347996461139 1.070535498417089 1.3194864089609641 0.7692011380449718 1.0319308215771783 
INFO  @ Tue, 28 May 2024 19:52:20: Final size factor: 1.0230142393156623 0.9611347996461139 1.070535498417089 1.3194864089609641 0.7692011380449718 1.0319308215771783 
INFO  @ Tue, 28 May 2024 19:52:20: Writing normalized read counts to Q1_presort.normalized.txt 
INFO  @ Tue, 28 May 2024 19:52:20: Detecting outliers from variance estimation.. Avg read count:[105.14147274719397], Var: [1539256.9500256025] 
INFO  @ Tue, 28 May 2024 19:52:20: Skipping 7 sgRNAs from variance calculation because of their extreme high counts (> 4* STD (mean counts) ). 
DEBUG @ Tue, 28 May 2024 19:52:20: Adjusted model: 1.8841784965788049	0 
INFO  @ Tue, 28 May 2024 19:52:20: Before RRA, 3 sgRNAs are removed with zero counts in both group(s). 
INFO  @ Tue, 28 May 2024 19:52:20: Use qnorm to reversely calculate sgRNA scores ... 
DEBUG @ Tue, 28 May 2024 19:52:20: lower test FDR cutoff: 0.1006036217303823 
DEBUG @ Tue, 28 May 2024 19:52:20: higher test FDR cutoff: 0.09054325955734406 
INFO  @ Tue, 28 May 2024 19:52:20: Running command: RRA -i Q1_presort.plow.txt -o Q1_presort.gene.low.txt -p 0.1006036217303823 --skip-gene NA --skip-gene na  
INFO  @ Tue, 28 May 2024 19:52:20: Command message: 
INFO  @ Tue, 28 May 2024 19:52:20:   Welcome to RRA v 0.5.9. 
INFO  @ Tue, 28 May 2024 19:52:20:   Skipping gene NA for permutation ... 
INFO  @ Tue, 28 May 2024 19:52:20:   Skipping gene na for permutation ... 
INFO  @ Tue, 28 May 2024 19:52:20:   Reading input file... 
INFO  @ Tue, 28 May 2024 19:52:20:   Summary: 497 sgRNAs, 201 genes, 1 lists; skipped sgRNAs:0 
INFO  @ Tue, 28 May 2024 19:52:20:   Computing lo-values for each group... 
INFO  @ Tue, 28 May 2024 19:52:20:   Computing false discovery rate... 
INFO  @ Tue, 28 May 2024 19:52:20:   Increase the number of permutations to 498 to get precise p values. To avoid this, use the --permutation option. 
INFO  @ Tue, 28 May 2024 19:52:20:   Permuting genes with 1 sgRNAs... 
INFO  @ Tue, 28 May 2024 19:52:20:   Permuting genes with 2 sgRNAs... 
INFO  @ Tue, 28 May 2024 19:52:20:   Permuting genes with 3 sgRNAs... 
INFO  @ Tue, 28 May 2024 19:52:20:   Permuting genes with 4 sgRNAs... 
INFO  @ Tue, 28 May 2024 19:52:20:   Permuting genes with 5 sgRNAs... 
INFO  @ Tue, 28 May 2024 19:52:20:   Number of genes under FDR adjustment: 201 
INFO  @ Tue, 28 May 2024 19:52:20:   Saving to output file... 
INFO  @ Tue, 28 May 2024 19:52:20:   RRA completed. 
INFO  @ Tue, 28 May 2024 19:52:20:   Groups deletion complete. 
INFO  @ Tue, 28 May 2024 19:52:20:   Lists deletion complete. 
INFO  @ Tue, 28 May 2024 19:52:20:    
INFO  @ Tue, 28 May 2024 19:52:20: End command message. 
INFO  @ Tue, 28 May 2024 19:52:20: Running command: RRA -i Q1_presort.phigh.txt -o Q1_presort.gene.high.txt -p 0.09054325955734406 --skip-gene NA --skip-gene na  
INFO  @ Tue, 28 May 2024 19:52:20: Command message: 
INFO  @ Tue, 28 May 2024 19:52:20:   Welcome to RRA v 0.5.9. 
INFO  @ Tue, 28 May 2024 19:52:20:   Skipping gene NA for permutation ... 
INFO  @ Tue, 28 May 2024 19:52:20:   Skipping gene na for permutation ... 
INFO  @ Tue, 28 May 2024 19:52:20:   Reading input file... 
INFO  @ Tue, 28 May 2024 19:52:20:   Summary: 497 sgRNAs, 201 genes, 1 lists; skipped sgRNAs:0 
INFO  @ Tue, 28 May 2024 19:52:20:   Computing lo-values for each group... 
INFO  @ Tue, 28 May 2024 19:52:20:   Computing false discovery rate... 
INFO  @ Tue, 28 May 2024 19:52:20:   Increase the number of permutations to 498 to get precise p values. To avoid this, use the --permutation option. 
INFO  @ Tue, 28 May 2024 19:52:20:   Permuting genes with 1 sgRNAs... 
INFO  @ Tue, 28 May 2024 19:52:20:   Permuting genes with 2 sgRNAs... 
INFO  @ Tue, 28 May 2024 19:52:20:   Permuting genes with 3 sgRNAs... 
INFO  @ Tue, 28 May 2024 19:52:20:   Permuting genes with 4 sgRNAs... 
INFO  @ Tue, 28 May 2024 19:52:20:   Permuting genes with 5 sgRNAs... 
INFO  @ Tue, 28 May 2024 19:52:20:   Number of genes under FDR adjustment: 201 
INFO  @ Tue, 28 May 2024 19:52:20:   Saving to output file... 
INFO  @ Tue, 28 May 2024 19:52:20:   RRA completed. 
INFO  @ Tue, 28 May 2024 19:52:20:   Groups deletion complete. 
INFO  @ Tue, 28 May 2024 19:52:20:   Lists deletion complete. 
INFO  @ Tue, 28 May 2024 19:52:20:    
INFO  @ Tue, 28 May 2024 19:52:20: End command message. 
DEBUG @ Tue, 28 May 2024 19:52:20: Sorting the merged items by negative selection... 
INFO  @ Tue, 28 May 2024 19:52:20: Loading top 10 genes from Q1_presort.gene.low.txt: p.I416F,p.V369L,safe-target-9,safe-target-34,S45S,safe-target-12,p.R272C,safe-target-29,p.G332C,non-target-36 
DEBUG @ Tue, 28 May 2024 19:52:20: Column index:3 
INFO  @ Tue, 28 May 2024 19:52:20: Loading top 10 genes from Q1_presort.gene.high.txt: p.H210P,safe-target-15,safe-target-10,p.W403C,G364G,p.G364C,p.C171F,safe-target-26,p.G378C,p.A510V 
DEBUG @ Tue, 28 May 2024 19:52:20: Column index:9 
INFO  @ Tue, 28 May 2024 19:52:20: Running command: rm Q1_presort.plow.txt 
INFO  @ Tue, 28 May 2024 19:52:20: Running command: rm Q1_presort.phigh.txt 
INFO  @ Tue, 28 May 2024 19:52:20: Running command: rm Q1_presort.gene.low.txt 
INFO  @ Tue, 28 May 2024 19:52:20: Running command: rm Q1_presort.gene.high.txt 
