INFO  @ Wed, 29 May 2024 11:29:57: Parameters: /Users/samgould/opt/anaconda3/envs/mageckenv/bin/mageck test -k /Users/samgould/Documents/GitHub/KEAP1-pegRNA-sensor-targeted-library/mageck_counts.txt -t REP1_Q1,REP2_Q1,REP3_Q1 -c REP1_PreSort,REP2_PreSort,REP3_PreSort --paired --normcounts-to-file --control-sgrna /Users/samgould/Documents/GitHub/KEAP1-pegRNA-sensor-targeted-library/non_targeting_guides.txt -n Q1_presort_PAIRED_controls 
INFO  @ Wed, 29 May 2024 11:29:57: Welcome to MAGeCK v0.5.9.5. Command: test 
INFO  @ Wed, 29 May 2024 11:29:57: Loading count table from /Users/samgould/Documents/GitHub/KEAP1-pegRNA-sensor-targeted-library/mageck_counts.txt  
INFO  @ Wed, 29 May 2024 11:29:57: Processing 1 lines.. 
DEBUG @ Wed, 29 May 2024 11:29:57: Parsing error in line 1 (usually the header line). Skip this line. 
INFO  @ Wed, 29 May 2024 11:29:57: Loaded 500 records. 
INFO  @ Wed, 29 May 2024 11:29:57: 41 out of 41 control sgRNAs are found in count table. 
INFO  @ Wed, 29 May 2024 11:29:57: Loading Rnw template file: /Users/samgould/opt/anaconda3/envs/mageckenv/lib/python3.10/site-packages/mageck/test_report.Rmd. 
DEBUG @ Wed, 29 May 2024 11:29:57: Setting up the visualization module... 
INFO  @ Wed, 29 May 2024 11:29:57: Loading R template file: /Users/samgould/opt/anaconda3/envs/mageckenv/lib/python3.10/site-packages/mageck/plot_template.RTemplate. 
INFO  @ Wed, 29 May 2024 11:29:57: Loading R template file: /Users/samgould/opt/anaconda3/envs/mageckenv/lib/python3.10/site-packages/mageck/plot_template_indvgene.RTemplate. 
INFO  @ Wed, 29 May 2024 11:29:57: Loading Rnw template file: /Users/samgould/opt/anaconda3/envs/mageckenv/lib/python3.10/site-packages/mageck/plot_template.Rnw. 
DEBUG @ Wed, 29 May 2024 11:29:57: Setting up the visualization module... 
DEBUG @ Wed, 29 May 2024 11:29:57: Given sample labels: REP1_Q1,REP2_Q1,REP3_Q1 
DEBUG @ Wed, 29 May 2024 11:29:57: Converted index: 0 4 8 
INFO  @ Wed, 29 May 2024 11:29:57: Treatment samples:REP1_Q1,REP2_Q1,REP3_Q1 
INFO  @ Wed, 29 May 2024 11:29:57: Treatment sample index:0,4,8 
DEBUG @ Wed, 29 May 2024 11:29:57: Given sample labels: REP1_PreSort,REP2_PreSort,REP3_PreSort 
DEBUG @ Wed, 29 May 2024 11:29:57: Converted index: 12 13 14 
INFO  @ Wed, 29 May 2024 11:29:57: Control samples:REP1_PreSort,REP2_PreSort,REP3_PreSort 
INFO  @ Wed, 29 May 2024 11:29:57: Control sample index:12,13,14 
DEBUG @ Wed, 29 May 2024 11:29:57: Initial (total) size factor: 0.9473427068828935 0.7888356144480284 1.0560176144276479 1.5167339002558973 0.8510607613906054 1.1167507260924296 
DEBUG @ Wed, 29 May 2024 11:29:57: Median factor: 1.0230142393156623 0.9611347996461139 1.070535498417089 1.3194864089609641 0.7692011380449718 1.0319308215771783 
INFO  @ Wed, 29 May 2024 11:29:57: Final size factor: 1.0230142393156623 0.9611347996461139 1.070535498417089 1.3194864089609641 0.7692011380449718 1.0319308215771783 
INFO  @ Wed, 29 May 2024 11:29:57: Writing normalized read counts to Q1_presort_PAIRED_controls.normalized.txt 
INFO  @ Wed, 29 May 2024 11:29:57: The updated negative control ID file is:Q1_presort_PAIRED_controls.negctrl_ids.txt 
INFO  @ Wed, 29 May 2024 11:29:57: Detecting outliers from variance estimation.. Avg read count:[108.46693353595228], Var: [1260248.655130086] 
INFO  @ Wed, 29 May 2024 11:29:57: Skipping 22 sgRNAs from variance calculation because of their extreme high counts (> 4* STD (mean counts) ). 
DEBUG @ Wed, 29 May 2024 11:29:57: Adjusted model: 1.98846241703634	0 
INFO  @ Wed, 29 May 2024 11:29:57: Before RRA, 10 sgRNAs are removed with zero counts in both group(s). 
INFO  @ Wed, 29 May 2024 11:29:57: Use qnorm to reversely calculate sgRNA scores ... 
DEBUG @ Wed, 29 May 2024 11:29:57: lower test FDR cutoff: 0.16241610738255033 
DEBUG @ Wed, 29 May 2024 11:29:57: higher test FDR cutoff: 0.10604026845637583 
INFO  @ Wed, 29 May 2024 11:29:57: Running command: RRA -i Q1_presort_PAIRED_controls.plow.txt -o Q1_presort_PAIRED_controls.gene.low.txt -p 0.16241610738255033 --control Q1_presort_PAIRED_controls.negctrl_ids.txt --skip-gene NA --skip-gene na  
INFO  @ Wed, 29 May 2024 11:29:58: Command message: 
INFO  @ Wed, 29 May 2024 11:29:58:   Welcome to RRA v 0.5.9. 
INFO  @ Wed, 29 May 2024 11:29:58:   124 control sequences loaded. 
INFO  @ Wed, 29 May 2024 11:29:58:   Skipping gene NA for permutation ... 
INFO  @ Wed, 29 May 2024 11:29:58:   Skipping gene na for permutation ... 
INFO  @ Wed, 29 May 2024 11:29:58:   Reading input file... 
INFO  @ Wed, 29 May 2024 11:29:58:   Summary: 1490 sgRNAs, 202 genes, 1 lists; skipped sgRNAs:0 
INFO  @ Wed, 29 May 2024 11:29:58:   Computing lo-values for each group... 
INFO  @ Wed, 29 May 2024 11:29:58:   Skipping gene non-target-11 for permutation ... 
INFO  @ Wed, 29 May 2024 11:29:58:   Skipping gene non-target-33 for permutation ... 
INFO  @ Wed, 29 May 2024 11:29:58:   Skipping gene non-target-28 for permutation ... 
INFO  @ Wed, 29 May 2024 11:29:58:   Skipping gene non-target-24 for permutation ... 
INFO  @ Wed, 29 May 2024 11:29:58:   Skipping gene non-target-36 for permutation ... 
INFO  @ Wed, 29 May 2024 11:29:58:   Skipping gene non-target-23 for permutation ... 
INFO  @ Wed, 29 May 2024 11:29:58:   Skipping gene non-target-21 for permutation ... 
INFO  @ Wed, 29 May 2024 11:29:58:   Skipping gene non-target-30 for permutation ... 
INFO  @ Wed, 29 May 2024 11:29:58:   Skipping gene non-target-14 for permutation ... 
INFO  @ Wed, 29 May 2024 11:29:58:   Skipping gene non-target-8 for permutation ... 
INFO  @ Wed, 29 May 2024 11:29:58:   Skipping gene non-target-37 for permutation ... 
INFO  @ Wed, 29 May 2024 11:29:58:   Skipping gene non-target-31 for permutation ... 
INFO  @ Wed, 29 May 2024 11:29:58:   Skipping gene non-target-22 for permutation ... 
INFO  @ Wed, 29 May 2024 11:29:58:   Skipping gene non-target-1 for permutation ... 
INFO  @ Wed, 29 May 2024 11:29:58:   Skipping gene non-target-29 for permutation ... 
INFO  @ Wed, 29 May 2024 11:29:58:   Skipping gene non-target-7 for permutation ... 
INFO  @ Wed, 29 May 2024 11:29:58:   Skipping gene non-target-20 for permutation ... 
INFO  @ Wed, 29 May 2024 11:29:58:   Skipping gene non-target-18 for permutation ... 
INFO  @ Wed, 29 May 2024 11:29:58:   Skipping gene non-target-26 for permutation ... 
INFO  @ Wed, 29 May 2024 11:29:58:   Skipping gene non-target-34 for permutation ... 
INFO  @ Wed, 29 May 2024 11:29:58:   Skipping gene non-target-10 for permutation ... 
INFO  @ Wed, 29 May 2024 11:29:58:   Skipping gene non-target-15 for permutation ... 
INFO  @ Wed, 29 May 2024 11:29:58:   Skipping gene non-target-16 for permutation ... 
INFO  @ Wed, 29 May 2024 11:29:58:   Skipping gene non-target-32 for permutation ... 
INFO  @ Wed, 29 May 2024 11:29:58:   Skipping gene non-target-40 for permutation ... 
INFO  @ Wed, 29 May 2024 11:29:58:   Skipping gene non-target-17 for permutation ... 
INFO  @ Wed, 29 May 2024 11:29:58:   Skipping gene non-target-19 for permutation ... 
INFO  @ Wed, 29 May 2024 11:29:58:   Skipping gene non-target-35 for permutation ... 
INFO  @ Wed, 29 May 2024 11:29:58:   Skipping gene non-target-13 for permutation ... 
INFO  @ Wed, 29 May 2024 11:29:58:   Skipping gene non-target-27 for permutation ... 
INFO  @ Wed, 29 May 2024 11:29:58:   Skipping gene non-target-39 for permutation ... 
INFO  @ Wed, 29 May 2024 11:29:58:   Skipping gene non-target-12 for permutation ... 
INFO  @ Wed, 29 May 2024 11:29:58:   Skipping gene non-target-38 for permutation ... 
INFO  @ Wed, 29 May 2024 11:29:58:   Skipping gene non-target-6 for permutation ... 
INFO  @ Wed, 29 May 2024 11:29:58:   Skipping gene non-target-25 for permutation ... 
INFO  @ Wed, 29 May 2024 11:29:58:   Skipping gene non-target-41 for permutation ... 
INFO  @ Wed, 29 May 2024 11:29:58:   Skipping gene non-target-5 for permutation ... 
INFO  @ Wed, 29 May 2024 11:29:58:   Skipping gene non-target-9 for permutation ... 
INFO  @ Wed, 29 May 2024 11:29:58:   Skipping gene non-target-2 for permutation ... 
INFO  @ Wed, 29 May 2024 11:29:58:   Skipping gene non-target-4 for permutation ... 
INFO  @ Wed, 29 May 2024 11:29:58:   Skipping gene non-target-3 for permutation ... 
INFO  @ Wed, 29 May 2024 11:29:58:   Warning: sgRNA  not found in the ranked list.  
INFO  @ Wed, 29 May 2024 11:29:58:   Warning: sgRNA pegRNA_462_r0 not found in the ranked list.  
INFO  @ Wed, 29 May 2024 11:29:58:   Warning: sgRNA pegRNA_462_r1 not found in the ranked list.  
INFO  @ Wed, 29 May 2024 11:29:58:   Computing false discovery rate... 
INFO  @ Wed, 29 May 2024 11:29:58:   Increase the number of permutations to 496 to get precise p values. To avoid this, use the --permutation option. 
INFO  @ Wed, 29 May 2024 11:29:58:   Total # control sgRNAs: 121 
INFO  @ Wed, 29 May 2024 11:29:58:   Permuting genes with 2 sgRNAs... 
INFO  @ Wed, 29 May 2024 11:29:58:   Permuting genes with 3 sgRNAs... 
INFO  @ Wed, 29 May 2024 11:29:58:   Permuting genes with 5 sgRNAs... 
INFO  @ Wed, 29 May 2024 11:29:58:   Permuting genes with 6 sgRNAs... 
INFO  @ Wed, 29 May 2024 11:29:58:   Permuting genes with 9 sgRNAs... 
INFO  @ Wed, 29 May 2024 11:29:58:   Permuting genes with 13 sgRNAs... 
INFO  @ Wed, 29 May 2024 11:29:58:   Permuting genes with 15 sgRNAs... 
INFO  @ Wed, 29 May 2024 11:29:58:   Number of genes under FDR adjustment: 202 
INFO  @ Wed, 29 May 2024 11:29:58:   Saving to output file... 
INFO  @ Wed, 29 May 2024 11:29:58:   Suppressing the output of gene non-target-1 since it is negative ontrol genes. 
INFO  @ Wed, 29 May 2024 11:29:58:   Suppressing the output of gene non-target-36 since it is negative ontrol genes. 
INFO  @ Wed, 29 May 2024 11:29:58:   Suppressing the output of gene non-target-21 since it is negative ontrol genes. 
INFO  @ Wed, 29 May 2024 11:29:58:   Suppressing the output of gene non-target-31 since it is negative ontrol genes. 
INFO  @ Wed, 29 May 2024 11:29:58:   Suppressing the output of gene non-target-37 since it is negative ontrol genes. 
INFO  @ Wed, 29 May 2024 11:29:58:   Suppressing the output of gene non-target-16 since it is negative ontrol genes. 
INFO  @ Wed, 29 May 2024 11:29:58:   Suppressing the output of gene non-target-24 since it is negative ontrol genes. 
INFO  @ Wed, 29 May 2024 11:29:58:   Suppressing the output of gene non-target-30 since it is negative ontrol genes. 
INFO  @ Wed, 29 May 2024 11:29:58:   Suppressing the output of gene non-target-18 since it is negative ontrol genes. 
INFO  @ Wed, 29 May 2024 11:29:58:   Suppressing the output of gene non-target-20 since it is negative ontrol genes. 
INFO  @ Wed, 29 May 2024 11:29:58:   Suppressing the output of gene non-target-22 since it is negative ontrol genes. 
INFO  @ Wed, 29 May 2024 11:29:58:   Suppressing the output of gene non-target-10 since it is negative ontrol genes. 
INFO  @ Wed, 29 May 2024 11:29:58:   Suppressing the output of gene non-target-13 since it is negative ontrol genes. 
INFO  @ Wed, 29 May 2024 11:29:58:   Suppressing the output of gene non-target-40 since it is negative ontrol genes. 
INFO  @ Wed, 29 May 2024 11:29:58:   Suppressing the output of gene non-target-11 since it is negative ontrol genes. 
INFO  @ Wed, 29 May 2024 11:29:58:   Suppressing the output of gene non-target-33 since it is negative ontrol genes. 
INFO  @ Wed, 29 May 2024 11:29:58:   Suppressing the output of gene non-target-28 since it is negative ontrol genes. 
INFO  @ Wed, 29 May 2024 11:29:58:   Suppressing the output of gene non-target-23 since it is negative ontrol genes. 
INFO  @ Wed, 29 May 2024 11:29:58:   Suppressing the output of gene non-target-14 since it is negative ontrol genes. 
INFO  @ Wed, 29 May 2024 11:29:58:   Suppressing the output of gene non-target-8 since it is negative ontrol genes. 
INFO  @ Wed, 29 May 2024 11:29:58:   Suppressing the output of gene non-target-29 since it is negative ontrol genes. 
INFO  @ Wed, 29 May 2024 11:29:58:   Suppressing the output of gene non-target-7 since it is negative ontrol genes. 
INFO  @ Wed, 29 May 2024 11:29:58:   Suppressing the output of gene non-target-26 since it is negative ontrol genes. 
INFO  @ Wed, 29 May 2024 11:29:58:   Suppressing the output of gene non-target-34 since it is negative ontrol genes. 
INFO  @ Wed, 29 May 2024 11:29:58:   Suppressing the output of gene non-target-15 since it is negative ontrol genes. 
INFO  @ Wed, 29 May 2024 11:29:58:   Suppressing the output of gene non-target-32 since it is negative ontrol genes. 
INFO  @ Wed, 29 May 2024 11:29:58:   Suppressing the output of gene non-target-3 since it is negative ontrol genes. 
INFO  @ Wed, 29 May 2024 11:29:58:   Suppressing the output of gene non-target-17 since it is negative ontrol genes. 
INFO  @ Wed, 29 May 2024 11:29:58:   Suppressing the output of gene non-target-19 since it is negative ontrol genes. 
INFO  @ Wed, 29 May 2024 11:29:58:   Suppressing the output of gene non-target-35 since it is negative ontrol genes. 
INFO  @ Wed, 29 May 2024 11:29:58:   Suppressing the output of gene non-target-27 since it is negative ontrol genes. 
INFO  @ Wed, 29 May 2024 11:29:58:   Suppressing the output of gene non-target-39 since it is negative ontrol genes. 
INFO  @ Wed, 29 May 2024 11:29:58:   Suppressing the output of gene non-target-12 since it is negative ontrol genes. 
INFO  @ Wed, 29 May 2024 11:29:58:   Suppressing the output of gene non-target-38 since it is negative ontrol genes. 
INFO  @ Wed, 29 May 2024 11:29:58:   Suppressing the output of gene non-target-6 since it is negative ontrol genes. 
INFO  @ Wed, 29 May 2024 11:29:58:   Suppressing the output of gene non-target-25 since it is negative ontrol genes. 
INFO  @ Wed, 29 May 2024 11:29:58:   Suppressing the output of gene non-target-41 since it is negative ontrol genes. 
INFO  @ Wed, 29 May 2024 11:29:58:   Suppressing the output of gene non-target-5 since it is negative ontrol genes. 
INFO  @ Wed, 29 May 2024 11:29:58:   Suppressing the output of gene non-target-9 since it is negative ontrol genes. 
INFO  @ Wed, 29 May 2024 11:29:58:   Suppressing the output of gene non-target-2 since it is negative ontrol genes. 
INFO  @ Wed, 29 May 2024 11:29:58:   Suppressing the output of gene non-target-4 since it is negative ontrol genes. 
INFO  @ Wed, 29 May 2024 11:29:58:   RRA completed. 
INFO  @ Wed, 29 May 2024 11:29:58:   Groups deletion complete. 
INFO  @ Wed, 29 May 2024 11:29:58:   Lists deletion complete. 
INFO  @ Wed, 29 May 2024 11:29:58:   ControlSeqPercentile deletion complete. 
INFO  @ Wed, 29 May 2024 11:29:58:    
INFO  @ Wed, 29 May 2024 11:29:58: End command message. 
INFO  @ Wed, 29 May 2024 11:29:58: Running command: RRA -i Q1_presort_PAIRED_controls.phigh.txt -o Q1_presort_PAIRED_controls.gene.high.txt -p 0.10604026845637583 --control Q1_presort_PAIRED_controls.negctrl_ids.txt --skip-gene NA --skip-gene na  
INFO  @ Wed, 29 May 2024 11:29:58: Command message: 
INFO  @ Wed, 29 May 2024 11:29:58:   Welcome to RRA v 0.5.9. 
INFO  @ Wed, 29 May 2024 11:29:58:   124 control sequences loaded. 
INFO  @ Wed, 29 May 2024 11:29:58:   Skipping gene NA for permutation ... 
INFO  @ Wed, 29 May 2024 11:29:58:   Skipping gene na for permutation ... 
INFO  @ Wed, 29 May 2024 11:29:58:   Reading input file... 
INFO  @ Wed, 29 May 2024 11:29:58:   Summary: 1490 sgRNAs, 202 genes, 1 lists; skipped sgRNAs:0 
INFO  @ Wed, 29 May 2024 11:29:58:   Computing lo-values for each group... 
INFO  @ Wed, 29 May 2024 11:29:58:   Skipping gene non-target-4 for permutation ... 
INFO  @ Wed, 29 May 2024 11:29:58:   Skipping gene non-target-11 for permutation ... 
INFO  @ Wed, 29 May 2024 11:29:58:   Skipping gene non-target-15 for permutation ... 
INFO  @ Wed, 29 May 2024 11:29:58:   Skipping gene non-target-38 for permutation ... 
INFO  @ Wed, 29 May 2024 11:29:58:   Skipping gene non-target-6 for permutation ... 
INFO  @ Wed, 29 May 2024 11:29:58:   Skipping gene non-target-33 for permutation ... 
INFO  @ Wed, 29 May 2024 11:29:58:   Skipping gene non-target-2 for permutation ... 
INFO  @ Wed, 29 May 2024 11:29:58:   Skipping gene non-target-5 for permutation ... 
INFO  @ Wed, 29 May 2024 11:29:58:   Skipping gene non-target-17 for permutation ... 
INFO  @ Wed, 29 May 2024 11:29:58:   Skipping gene non-target-9 for permutation ... 
INFO  @ Wed, 29 May 2024 11:29:58:   Skipping gene non-target-35 for permutation ... 
INFO  @ Wed, 29 May 2024 11:29:58:   Skipping gene non-target-27 for permutation ... 
INFO  @ Wed, 29 May 2024 11:29:58:   Skipping gene non-target-14 for permutation ... 
INFO  @ Wed, 29 May 2024 11:29:58:   Skipping gene non-target-3 for permutation ... 
INFO  @ Wed, 29 May 2024 11:29:58:   Skipping gene non-target-25 for permutation ... 
INFO  @ Wed, 29 May 2024 11:29:58:   Skipping gene non-target-26 for permutation ... 
INFO  @ Wed, 29 May 2024 11:29:58:   Skipping gene non-target-12 for permutation ... 
INFO  @ Wed, 29 May 2024 11:29:58:   Skipping gene non-target-7 for permutation ... 
INFO  @ Wed, 29 May 2024 11:29:58:   Skipping gene non-target-41 for permutation ... 
INFO  @ Wed, 29 May 2024 11:29:58:   Skipping gene non-target-30 for permutation ... 
INFO  @ Wed, 29 May 2024 11:29:58:   Skipping gene non-target-39 for permutation ... 
INFO  @ Wed, 29 May 2024 11:29:58:   Skipping gene non-target-23 for permutation ... 
INFO  @ Wed, 29 May 2024 11:29:58:   Skipping gene non-target-29 for permutation ... 
INFO  @ Wed, 29 May 2024 11:29:58:   Skipping gene non-target-40 for permutation ... 
INFO  @ Wed, 29 May 2024 11:29:58:   Skipping gene non-target-34 for permutation ... 
INFO  @ Wed, 29 May 2024 11:29:58:   Skipping gene non-target-19 for permutation ... 
INFO  @ Wed, 29 May 2024 11:29:58:   Skipping gene non-target-22 for permutation ... 
INFO  @ Wed, 29 May 2024 11:29:58:   Skipping gene non-target-13 for permutation ... 
INFO  @ Wed, 29 May 2024 11:29:58:   Skipping gene non-target-28 for permutation ... 
INFO  @ Wed, 29 May 2024 11:29:58:   Skipping gene non-target-8 for permutation ... 
INFO  @ Wed, 29 May 2024 11:29:58:   Skipping gene non-target-18 for permutation ... 
INFO  @ Wed, 29 May 2024 11:29:58:   Skipping gene non-target-32 for permutation ... 
INFO  @ Wed, 29 May 2024 11:29:58:   Skipping gene non-target-10 for permutation ... 
INFO  @ Wed, 29 May 2024 11:29:58:   Skipping gene non-target-24 for permutation ... 
INFO  @ Wed, 29 May 2024 11:29:58:   Skipping gene non-target-20 for permutation ... 
INFO  @ Wed, 29 May 2024 11:29:58:   Skipping gene non-target-16 for permutation ... 
INFO  @ Wed, 29 May 2024 11:29:58:   Skipping gene non-target-37 for permutation ... 
INFO  @ Wed, 29 May 2024 11:29:58:   Skipping gene non-target-31 for permutation ... 
INFO  @ Wed, 29 May 2024 11:29:58:   Skipping gene non-target-21 for permutation ... 
INFO  @ Wed, 29 May 2024 11:29:58:   Skipping gene non-target-36 for permutation ... 
INFO  @ Wed, 29 May 2024 11:29:58:   Skipping gene non-target-1 for permutation ... 
INFO  @ Wed, 29 May 2024 11:29:58:   Warning: sgRNA  not found in the ranked list.  
INFO  @ Wed, 29 May 2024 11:29:58:   Warning: sgRNA pegRNA_462_r0 not found in the ranked list.  
INFO  @ Wed, 29 May 2024 11:29:58:   Warning: sgRNA pegRNA_462_r1 not found in the ranked list.  
INFO  @ Wed, 29 May 2024 11:29:58:   Computing false discovery rate... 
INFO  @ Wed, 29 May 2024 11:29:58:   Increase the number of permutations to 496 to get precise p values. To avoid this, use the --permutation option. 
INFO  @ Wed, 29 May 2024 11:29:58:   Total # control sgRNAs: 121 
INFO  @ Wed, 29 May 2024 11:29:58:   Permuting genes with 2 sgRNAs... 
INFO  @ Wed, 29 May 2024 11:29:58:   Permuting genes with 3 sgRNAs... 
INFO  @ Wed, 29 May 2024 11:29:58:   Permuting genes with 5 sgRNAs... 
INFO  @ Wed, 29 May 2024 11:29:58:   Permuting genes with 6 sgRNAs... 
INFO  @ Wed, 29 May 2024 11:29:58:   Permuting genes with 9 sgRNAs... 
INFO  @ Wed, 29 May 2024 11:29:58:   Permuting genes with 13 sgRNAs... 
INFO  @ Wed, 29 May 2024 11:29:58:   Permuting genes with 15 sgRNAs... 
INFO  @ Wed, 29 May 2024 11:29:58:   Number of genes under FDR adjustment: 202 
INFO  @ Wed, 29 May 2024 11:29:58:   Saving to output file... 
INFO  @ Wed, 29 May 2024 11:29:58:   Suppressing the output of gene non-target-4 since it is negative ontrol genes. 
INFO  @ Wed, 29 May 2024 11:29:58:   Suppressing the output of gene non-target-11 since it is negative ontrol genes. 
INFO  @ Wed, 29 May 2024 11:29:58:   Suppressing the output of gene non-target-3 since it is negative ontrol genes. 
INFO  @ Wed, 29 May 2024 11:29:58:   Suppressing the output of gene non-target-15 since it is negative ontrol genes. 
INFO  @ Wed, 29 May 2024 11:29:58:   Suppressing the output of gene non-target-38 since it is negative ontrol genes. 
INFO  @ Wed, 29 May 2024 11:29:58:   Suppressing the output of gene non-target-6 since it is negative ontrol genes. 
INFO  @ Wed, 29 May 2024 11:29:58:   Suppressing the output of gene non-target-33 since it is negative ontrol genes. 
INFO  @ Wed, 29 May 2024 11:29:58:   Suppressing the output of gene non-target-2 since it is negative ontrol genes. 
INFO  @ Wed, 29 May 2024 11:29:58:   Suppressing the output of gene non-target-5 since it is negative ontrol genes. 
INFO  @ Wed, 29 May 2024 11:29:58:   Suppressing the output of gene non-target-17 since it is negative ontrol genes. 
INFO  @ Wed, 29 May 2024 11:29:58:   Suppressing the output of gene non-target-9 since it is negative ontrol genes. 
INFO  @ Wed, 29 May 2024 11:29:58:   Suppressing the output of gene non-target-35 since it is negative ontrol genes. 
INFO  @ Wed, 29 May 2024 11:29:58:   Suppressing the output of gene non-target-27 since it is negative ontrol genes. 
INFO  @ Wed, 29 May 2024 11:29:58:   Suppressing the output of gene non-target-14 since it is negative ontrol genes. 
INFO  @ Wed, 29 May 2024 11:29:58:   Suppressing the output of gene non-target-25 since it is negative ontrol genes. 
INFO  @ Wed, 29 May 2024 11:29:58:   Suppressing the output of gene non-target-26 since it is negative ontrol genes. 
INFO  @ Wed, 29 May 2024 11:29:58:   Suppressing the output of gene non-target-12 since it is negative ontrol genes. 
INFO  @ Wed, 29 May 2024 11:29:58:   Suppressing the output of gene non-target-7 since it is negative ontrol genes. 
INFO  @ Wed, 29 May 2024 11:29:58:   Suppressing the output of gene non-target-41 since it is negative ontrol genes. 
INFO  @ Wed, 29 May 2024 11:29:58:   Suppressing the output of gene non-target-30 since it is negative ontrol genes. 
INFO  @ Wed, 29 May 2024 11:29:58:   Suppressing the output of gene non-target-39 since it is negative ontrol genes. 
INFO  @ Wed, 29 May 2024 11:29:58:   Suppressing the output of gene non-target-23 since it is negative ontrol genes. 
INFO  @ Wed, 29 May 2024 11:29:58:   Suppressing the output of gene non-target-29 since it is negative ontrol genes. 
INFO  @ Wed, 29 May 2024 11:29:58:   Suppressing the output of gene non-target-40 since it is negative ontrol genes. 
INFO  @ Wed, 29 May 2024 11:29:58:   Suppressing the output of gene non-target-34 since it is negative ontrol genes. 
INFO  @ Wed, 29 May 2024 11:29:58:   Suppressing the output of gene non-target-19 since it is negative ontrol genes. 
INFO  @ Wed, 29 May 2024 11:29:58:   Suppressing the output of gene non-target-22 since it is negative ontrol genes. 
INFO  @ Wed, 29 May 2024 11:29:58:   Suppressing the output of gene non-target-13 since it is negative ontrol genes. 
INFO  @ Wed, 29 May 2024 11:29:58:   Suppressing the output of gene non-target-28 since it is negative ontrol genes. 
INFO  @ Wed, 29 May 2024 11:29:58:   Suppressing the output of gene non-target-8 since it is negative ontrol genes. 
INFO  @ Wed, 29 May 2024 11:29:58:   Suppressing the output of gene non-target-18 since it is negative ontrol genes. 
INFO  @ Wed, 29 May 2024 11:29:58:   Suppressing the output of gene non-target-32 since it is negative ontrol genes. 
INFO  @ Wed, 29 May 2024 11:29:58:   Suppressing the output of gene non-target-10 since it is negative ontrol genes. 
INFO  @ Wed, 29 May 2024 11:29:58:   Suppressing the output of gene non-target-24 since it is negative ontrol genes. 
INFO  @ Wed, 29 May 2024 11:29:58:   Suppressing the output of gene non-target-20 since it is negative ontrol genes. 
INFO  @ Wed, 29 May 2024 11:29:58:   Suppressing the output of gene non-target-16 since it is negative ontrol genes. 
INFO  @ Wed, 29 May 2024 11:29:58:   Suppressing the output of gene non-target-37 since it is negative ontrol genes. 
INFO  @ Wed, 29 May 2024 11:29:58:   Suppressing the output of gene non-target-31 since it is negative ontrol genes. 
INFO  @ Wed, 29 May 2024 11:29:58:   Suppressing the output of gene non-target-21 since it is negative ontrol genes. 
INFO  @ Wed, 29 May 2024 11:29:58:   Suppressing the output of gene non-target-36 since it is negative ontrol genes. 
INFO  @ Wed, 29 May 2024 11:29:58:   Suppressing the output of gene non-target-1 since it is negative ontrol genes. 
INFO  @ Wed, 29 May 2024 11:29:58:   RRA completed. 
INFO  @ Wed, 29 May 2024 11:29:58:   Groups deletion complete. 
INFO  @ Wed, 29 May 2024 11:29:58:   Lists deletion complete. 
INFO  @ Wed, 29 May 2024 11:29:58:   ControlSeqPercentile deletion complete. 
INFO  @ Wed, 29 May 2024 11:29:58:    
INFO  @ Wed, 29 May 2024 11:29:58: End command message. 
DEBUG @ Wed, 29 May 2024 11:29:58: Sorting the merged items by negative selection... 
INFO  @ Wed, 29 May 2024 11:29:58: Loading top 10 genes from Q1_presort_PAIRED_controls.gene.low.txt: safe-target-9,p.V369L,p.I416F,V369V,safe-target-34,S45S,safe-target-12,p.G364C,p.R71L,p.G332C 
DEBUG @ Wed, 29 May 2024 11:29:58: Column index:3 
INFO  @ Wed, 29 May 2024 11:29:58: Loading top 10 genes from Q1_presort_PAIRED_controls.gene.high.txt: safe-target-15,p.H210P,G364G,safe-target-10,p.W403C,p.R362Q,safe-target-26,P278P,p.C171F,p.G378C 
DEBUG @ Wed, 29 May 2024 11:29:58: Column index:9 
INFO  @ Wed, 29 May 2024 11:29:58: Running command: rm Q1_presort_PAIRED_controls.plow.txt 
INFO  @ Wed, 29 May 2024 11:29:58: Running command: rm Q1_presort_PAIRED_controls.phigh.txt 
INFO  @ Wed, 29 May 2024 11:29:58: Running command: rm Q1_presort_PAIRED_controls.gene.low.txt 
INFO  @ Wed, 29 May 2024 11:29:58: Running command: rm Q1_presort_PAIRED_controls.gene.high.txt 
