INFO  @ Tue, 11 Jun 2024 14:58:48: Parameters: /Users/samgould/opt/anaconda3/envs/mageckenv/bin/mageck test -k /Users/samgould/Documents/GitHub/KEAP1-mutLOH-prime-editing-sensor/mageck/mageck_counts_Q1Q2_comb.txt -t REP1_Q1Q2,REP2_Q1Q2,REP3_Q1Q2 -c REP1_PreSort,REP2_PreSort,REP3_PreSort --paired --normcounts-to-file --control-sgrna /Users/samgould/Documents/GitHub/KEAP1-mutLOH-prime-editing-sensor/mageck/non_targeting_guides.txt -n Q1Q2_presort_PAIRED_controls 
INFO  @ Tue, 11 Jun 2024 14:58:48: Welcome to MAGeCK v0.5.9.5. Command: test 
INFO  @ Tue, 11 Jun 2024 14:58:48: Loading count table from /Users/samgould/Documents/GitHub/KEAP1-mutLOH-prime-editing-sensor/mageck/mageck_counts_Q1Q2_comb.txt  
INFO  @ Tue, 11 Jun 2024 14:58:48: Processing 1 lines.. 
DEBUG @ Tue, 11 Jun 2024 14:58:48: Parsing error in line 1 (usually the header line). Skip this line. 
INFO  @ Tue, 11 Jun 2024 14:58:48: Loaded 500 records. 
INFO  @ Tue, 11 Jun 2024 14:58:48: 41 out of 41 control sgRNAs are found in count table. 
INFO  @ Tue, 11 Jun 2024 14:58:48: Loading Rnw template file: /Users/samgould/opt/anaconda3/envs/mageckenv/lib/python3.10/site-packages/mageck/test_report.Rmd. 
DEBUG @ Tue, 11 Jun 2024 14:58:48: Setting up the visualization module... 
INFO  @ Tue, 11 Jun 2024 14:58:48: Loading R template file: /Users/samgould/opt/anaconda3/envs/mageckenv/lib/python3.10/site-packages/mageck/plot_template.RTemplate. 
INFO  @ Tue, 11 Jun 2024 14:58:48: Loading R template file: /Users/samgould/opt/anaconda3/envs/mageckenv/lib/python3.10/site-packages/mageck/plot_template_indvgene.RTemplate. 
INFO  @ Tue, 11 Jun 2024 14:58:48: Loading Rnw template file: /Users/samgould/opt/anaconda3/envs/mageckenv/lib/python3.10/site-packages/mageck/plot_template.Rnw. 
DEBUG @ Tue, 11 Jun 2024 14:58:48: Setting up the visualization module... 
DEBUG @ Tue, 11 Jun 2024 14:58:48: Given sample labels: REP1_Q1Q2,REP2_Q1Q2,REP3_Q1Q2 
DEBUG @ Tue, 11 Jun 2024 14:58:48: Converted index: 16 17 18 
INFO  @ Tue, 11 Jun 2024 14:58:48: Treatment samples:REP1_Q1Q2,REP2_Q1Q2,REP3_Q1Q2 
INFO  @ Tue, 11 Jun 2024 14:58:48: Treatment sample index:16,17,18 
DEBUG @ Tue, 11 Jun 2024 14:58:48: Given sample labels: REP1_PreSort,REP2_PreSort,REP3_PreSort 
DEBUG @ Tue, 11 Jun 2024 14:58:48: Converted index: 12 13 14 
INFO  @ Tue, 11 Jun 2024 14:58:48: Control samples:REP1_PreSort,REP2_PreSort,REP3_PreSort 
INFO  @ Tue, 11 Jun 2024 14:58:48: Control sample index:12,13,14 
DEBUG @ Tue, 11 Jun 2024 14:58:48: Initial (total) size factor: 1.5053056291317544 1.25344152887959 1.677987541267606 0.8566406438770315 0.7411381211419356 0.7016062702335777 
DEBUG @ Tue, 11 Jun 2024 14:58:48: Median factor: 1.5143963689359432 1.4156724657575344 1.5763869725097466 0.739679854010414 0.6421862081221992 0.6720602865540055 
INFO  @ Tue, 11 Jun 2024 14:58:48: Final size factor: 1.5143963689359432 1.4156724657575344 1.5763869725097466 0.739679854010414 0.6421862081221992 0.6720602865540055 
INFO  @ Tue, 11 Jun 2024 14:58:48: Writing normalized read counts to Q1Q2_presort_PAIRED_controls.normalized.txt 
INFO  @ Tue, 11 Jun 2024 14:58:48: The updated negative control ID file is:Q1Q2_presort_PAIRED_controls.negctrl_ids.txt 
INFO  @ Tue, 11 Jun 2024 14:58:48: Detecting outliers from variance estimation.. Avg read count:[161.02571799211964], Var: [2983583.1250508227] 
INFO  @ Tue, 11 Jun 2024 14:58:48: Skipping 21 sgRNAs from variance calculation because of their extreme high counts (> 4* STD (mean counts) ). 
DEBUG @ Tue, 11 Jun 2024 14:58:48: Adjusted model: 1.9284681599263935	0 
INFO  @ Tue, 11 Jun 2024 14:58:48: Before RRA, 7 sgRNAs are removed with zero counts in both group(s). 
INFO  @ Tue, 11 Jun 2024 14:58:48: Use qnorm to reversely calculate sgRNA scores ... 
DEBUG @ Tue, 11 Jun 2024 14:58:48: lower test FDR cutoff: 0.08506363027461487 
DEBUG @ Tue, 11 Jun 2024 14:58:48: higher test FDR cutoff: 0.10515740120562625 
INFO  @ Tue, 11 Jun 2024 14:58:48: Running command: RRA -i Q1Q2_presort_PAIRED_controls.plow.txt -o Q1Q2_presort_PAIRED_controls.gene.low.txt -p 0.08506363027461487 --control Q1Q2_presort_PAIRED_controls.negctrl_ids.txt --skip-gene NA --skip-gene na  
INFO  @ Tue, 11 Jun 2024 14:58:49: Command message: 
INFO  @ Tue, 11 Jun 2024 14:58:49:   Welcome to RRA v 0.5.9. 
INFO  @ Tue, 11 Jun 2024 14:58:49:   124 control sequences loaded. 
INFO  @ Tue, 11 Jun 2024 14:58:49:   Skipping gene NA for permutation ... 
INFO  @ Tue, 11 Jun 2024 14:58:49:   Skipping gene na for permutation ... 
INFO  @ Tue, 11 Jun 2024 14:58:49:   Reading input file... 
INFO  @ Tue, 11 Jun 2024 14:58:49:   Summary: 1493 sgRNAs, 202 genes, 1 lists; skipped sgRNAs:0 
INFO  @ Tue, 11 Jun 2024 14:58:49:   Computing lo-values for each group... 
INFO  @ Tue, 11 Jun 2024 14:58:49:   Skipping gene non-target-3 for permutation ... 
INFO  @ Tue, 11 Jun 2024 14:58:49:   Skipping gene non-target-28 for permutation ... 
INFO  @ Tue, 11 Jun 2024 14:58:49:   Skipping gene non-target-36 for permutation ... 
INFO  @ Tue, 11 Jun 2024 14:58:49:   Skipping gene non-target-8 for permutation ... 
INFO  @ Tue, 11 Jun 2024 14:58:49:   Skipping gene non-target-23 for permutation ... 
INFO  @ Tue, 11 Jun 2024 14:58:49:   Skipping gene non-target-31 for permutation ... 
INFO  @ Tue, 11 Jun 2024 14:58:49:   Skipping gene non-target-2 for permutation ... 
INFO  @ Tue, 11 Jun 2024 14:58:49:   Skipping gene non-target-21 for permutation ... 
INFO  @ Tue, 11 Jun 2024 14:58:49:   Skipping gene non-target-5 for permutation ... 
INFO  @ Tue, 11 Jun 2024 14:58:49:   Skipping gene non-target-24 for permutation ... 
INFO  @ Tue, 11 Jun 2024 14:58:49:   Skipping gene non-target-22 for permutation ... 
INFO  @ Tue, 11 Jun 2024 14:58:49:   Skipping gene non-target-29 for permutation ... 
INFO  @ Tue, 11 Jun 2024 14:58:49:   Skipping gene non-target-33 for permutation ... 
INFO  @ Tue, 11 Jun 2024 14:58:49:   Skipping gene non-target-20 for permutation ... 
INFO  @ Tue, 11 Jun 2024 14:58:49:   Skipping gene non-target-10 for permutation ... 
INFO  @ Tue, 11 Jun 2024 14:58:49:   Skipping gene non-target-14 for permutation ... 
INFO  @ Tue, 11 Jun 2024 14:58:49:   Skipping gene non-target-17 for permutation ... 
INFO  @ Tue, 11 Jun 2024 14:58:49:   Skipping gene non-target-30 for permutation ... 
INFO  @ Tue, 11 Jun 2024 14:58:49:   Skipping gene non-target-15 for permutation ... 
INFO  @ Tue, 11 Jun 2024 14:58:49:   Skipping gene non-target-37 for permutation ... 
INFO  @ Tue, 11 Jun 2024 14:58:49:   Skipping gene non-target-1 for permutation ... 
INFO  @ Tue, 11 Jun 2024 14:58:49:   Skipping gene non-target-7 for permutation ... 
INFO  @ Tue, 11 Jun 2024 14:58:49:   Skipping gene non-target-32 for permutation ... 
INFO  @ Tue, 11 Jun 2024 14:58:49:   Skipping gene non-target-25 for permutation ... 
INFO  @ Tue, 11 Jun 2024 14:58:49:   Skipping gene non-target-12 for permutation ... 
INFO  @ Tue, 11 Jun 2024 14:58:49:   Skipping gene non-target-38 for permutation ... 
INFO  @ Tue, 11 Jun 2024 14:58:49:   Skipping gene non-target-13 for permutation ... 
INFO  @ Tue, 11 Jun 2024 14:58:49:   Skipping gene non-target-18 for permutation ... 
INFO  @ Tue, 11 Jun 2024 14:58:49:   Skipping gene non-target-39 for permutation ... 
INFO  @ Tue, 11 Jun 2024 14:58:49:   Skipping gene non-target-26 for permutation ... 
INFO  @ Tue, 11 Jun 2024 14:58:49:   Skipping gene non-target-40 for permutation ... 
INFO  @ Tue, 11 Jun 2024 14:58:49:   Skipping gene non-target-16 for permutation ... 
INFO  @ Tue, 11 Jun 2024 14:58:49:   Skipping gene non-target-41 for permutation ... 
INFO  @ Tue, 11 Jun 2024 14:58:49:   Skipping gene non-target-11 for permutation ... 
INFO  @ Tue, 11 Jun 2024 14:58:49:   Skipping gene non-target-19 for permutation ... 
INFO  @ Tue, 11 Jun 2024 14:58:49:   Skipping gene non-target-35 for permutation ... 
INFO  @ Tue, 11 Jun 2024 14:58:49:   Skipping gene non-target-34 for permutation ... 
INFO  @ Tue, 11 Jun 2024 14:58:49:   Skipping gene non-target-27 for permutation ... 
INFO  @ Tue, 11 Jun 2024 14:58:49:   Skipping gene non-target-9 for permutation ... 
INFO  @ Tue, 11 Jun 2024 14:58:49:   Skipping gene non-target-6 for permutation ... 
INFO  @ Tue, 11 Jun 2024 14:58:49:   Skipping gene non-target-4 for permutation ... 
INFO  @ Tue, 11 Jun 2024 14:58:49:   Warning: sgRNA  not found in the ranked list.  
INFO  @ Tue, 11 Jun 2024 14:58:49:   Warning: sgRNA pegRNA_462_r1 not found in the ranked list.  
INFO  @ Tue, 11 Jun 2024 14:58:49:   Computing false discovery rate... 
INFO  @ Tue, 11 Jun 2024 14:58:49:   Increase the number of permutations to 496 to get precise p values. To avoid this, use the --permutation option. 
INFO  @ Tue, 11 Jun 2024 14:58:49:   Total # control sgRNAs: 122 
INFO  @ Tue, 11 Jun 2024 14:58:49:   Permuting genes with 3 sgRNAs... 
INFO  @ Tue, 11 Jun 2024 14:58:49:   Permuting genes with 5 sgRNAs... 
INFO  @ Tue, 11 Jun 2024 14:58:49:   Permuting genes with 6 sgRNAs... 
INFO  @ Tue, 11 Jun 2024 14:58:49:   Permuting genes with 9 sgRNAs... 
INFO  @ Tue, 11 Jun 2024 14:58:49:   Permuting genes with 13 sgRNAs... 
INFO  @ Tue, 11 Jun 2024 14:58:49:   Permuting genes with 15 sgRNAs... 
INFO  @ Tue, 11 Jun 2024 14:58:49:   Number of genes under FDR adjustment: 202 
INFO  @ Tue, 11 Jun 2024 14:58:49:   Saving to output file... 
INFO  @ Tue, 11 Jun 2024 14:58:49:   Suppressing the output of gene non-target-24 since it is negative ontrol genes. 
INFO  @ Tue, 11 Jun 2024 14:58:49:   Suppressing the output of gene non-target-36 since it is negative ontrol genes. 
INFO  @ Tue, 11 Jun 2024 14:58:49:   Suppressing the output of gene non-target-31 since it is negative ontrol genes. 
INFO  @ Tue, 11 Jun 2024 14:58:49:   Suppressing the output of gene non-target-1 since it is negative ontrol genes. 
INFO  @ Tue, 11 Jun 2024 14:58:49:   Suppressing the output of gene non-target-30 since it is negative ontrol genes. 
INFO  @ Tue, 11 Jun 2024 14:58:49:   Suppressing the output of gene non-target-5 since it is negative ontrol genes. 
INFO  @ Tue, 11 Jun 2024 14:58:49:   Suppressing the output of gene non-target-3 since it is negative ontrol genes. 
INFO  @ Tue, 11 Jun 2024 14:58:49:   Suppressing the output of gene non-target-28 since it is negative ontrol genes. 
INFO  @ Tue, 11 Jun 2024 14:58:49:   Suppressing the output of gene non-target-8 since it is negative ontrol genes. 
INFO  @ Tue, 11 Jun 2024 14:58:49:   Suppressing the output of gene non-target-23 since it is negative ontrol genes. 
INFO  @ Tue, 11 Jun 2024 14:58:49:   Suppressing the output of gene non-target-2 since it is negative ontrol genes. 
INFO  @ Tue, 11 Jun 2024 14:58:49:   Suppressing the output of gene non-target-21 since it is negative ontrol genes. 
INFO  @ Tue, 11 Jun 2024 14:58:49:   Suppressing the output of gene non-target-22 since it is negative ontrol genes. 
INFO  @ Tue, 11 Jun 2024 14:58:49:   Suppressing the output of gene non-target-29 since it is negative ontrol genes. 
INFO  @ Tue, 11 Jun 2024 14:58:49:   Suppressing the output of gene non-target-33 since it is negative ontrol genes. 
INFO  @ Tue, 11 Jun 2024 14:58:49:   Suppressing the output of gene non-target-20 since it is negative ontrol genes. 
INFO  @ Tue, 11 Jun 2024 14:58:49:   Suppressing the output of gene non-target-10 since it is negative ontrol genes. 
INFO  @ Tue, 11 Jun 2024 14:58:49:   Suppressing the output of gene non-target-14 since it is negative ontrol genes. 
INFO  @ Tue, 11 Jun 2024 14:58:49:   Suppressing the output of gene non-target-17 since it is negative ontrol genes. 
INFO  @ Tue, 11 Jun 2024 14:58:49:   Suppressing the output of gene non-target-15 since it is negative ontrol genes. 
INFO  @ Tue, 11 Jun 2024 14:58:49:   Suppressing the output of gene non-target-37 since it is negative ontrol genes. 
INFO  @ Tue, 11 Jun 2024 14:58:49:   Suppressing the output of gene non-target-7 since it is negative ontrol genes. 
INFO  @ Tue, 11 Jun 2024 14:58:49:   Suppressing the output of gene non-target-32 since it is negative ontrol genes. 
INFO  @ Tue, 11 Jun 2024 14:58:49:   Suppressing the output of gene non-target-25 since it is negative ontrol genes. 
INFO  @ Tue, 11 Jun 2024 14:58:49:   Suppressing the output of gene non-target-12 since it is negative ontrol genes. 
INFO  @ Tue, 11 Jun 2024 14:58:49:   Suppressing the output of gene non-target-38 since it is negative ontrol genes. 
INFO  @ Tue, 11 Jun 2024 14:58:49:   Suppressing the output of gene non-target-13 since it is negative ontrol genes. 
INFO  @ Tue, 11 Jun 2024 14:58:49:   Suppressing the output of gene non-target-18 since it is negative ontrol genes. 
INFO  @ Tue, 11 Jun 2024 14:58:49:   Suppressing the output of gene non-target-39 since it is negative ontrol genes. 
INFO  @ Tue, 11 Jun 2024 14:58:49:   Suppressing the output of gene non-target-26 since it is negative ontrol genes. 
INFO  @ Tue, 11 Jun 2024 14:58:49:   Suppressing the output of gene non-target-40 since it is negative ontrol genes. 
INFO  @ Tue, 11 Jun 2024 14:58:49:   Suppressing the output of gene non-target-16 since it is negative ontrol genes. 
INFO  @ Tue, 11 Jun 2024 14:58:49:   Suppressing the output of gene non-target-41 since it is negative ontrol genes. 
INFO  @ Tue, 11 Jun 2024 14:58:49:   Suppressing the output of gene non-target-11 since it is negative ontrol genes. 
INFO  @ Tue, 11 Jun 2024 14:58:49:   Suppressing the output of gene non-target-19 since it is negative ontrol genes. 
INFO  @ Tue, 11 Jun 2024 14:58:49:   Suppressing the output of gene non-target-35 since it is negative ontrol genes. 
INFO  @ Tue, 11 Jun 2024 14:58:49:   Suppressing the output of gene non-target-34 since it is negative ontrol genes. 
INFO  @ Tue, 11 Jun 2024 14:58:49:   Suppressing the output of gene non-target-27 since it is negative ontrol genes. 
INFO  @ Tue, 11 Jun 2024 14:58:49:   Suppressing the output of gene non-target-9 since it is negative ontrol genes. 
INFO  @ Tue, 11 Jun 2024 14:58:49:   Suppressing the output of gene non-target-6 since it is negative ontrol genes. 
INFO  @ Tue, 11 Jun 2024 14:58:49:   Suppressing the output of gene non-target-4 since it is negative ontrol genes. 
INFO  @ Tue, 11 Jun 2024 14:58:49:   RRA completed. 
INFO  @ Tue, 11 Jun 2024 14:58:49:   Groups deletion complete. 
INFO  @ Tue, 11 Jun 2024 14:58:49:   Lists deletion complete. 
INFO  @ Tue, 11 Jun 2024 14:58:49:   ControlSeqPercentile deletion complete. 
INFO  @ Tue, 11 Jun 2024 14:58:49:    
INFO  @ Tue, 11 Jun 2024 14:58:49: End command message. 
INFO  @ Tue, 11 Jun 2024 14:58:49: Running command: RRA -i Q1Q2_presort_PAIRED_controls.phigh.txt -o Q1Q2_presort_PAIRED_controls.gene.high.txt -p 0.10515740120562625 --control Q1Q2_presort_PAIRED_controls.negctrl_ids.txt --skip-gene NA --skip-gene na  
INFO  @ Tue, 11 Jun 2024 14:58:49: Command message: 
INFO  @ Tue, 11 Jun 2024 14:58:49:   Welcome to RRA v 0.5.9. 
INFO  @ Tue, 11 Jun 2024 14:58:49:   124 control sequences loaded. 
INFO  @ Tue, 11 Jun 2024 14:58:49:   Skipping gene NA for permutation ... 
INFO  @ Tue, 11 Jun 2024 14:58:49:   Skipping gene na for permutation ... 
INFO  @ Tue, 11 Jun 2024 14:58:49:   Reading input file... 
INFO  @ Tue, 11 Jun 2024 14:58:49:   Summary: 1493 sgRNAs, 202 genes, 1 lists; skipped sgRNAs:0 
INFO  @ Tue, 11 Jun 2024 14:58:49:   Computing lo-values for each group... 
INFO  @ Tue, 11 Jun 2024 14:58:49:   Skipping gene non-target-11 for permutation ... 
INFO  @ Tue, 11 Jun 2024 14:58:49:   Skipping gene non-target-5 for permutation ... 
INFO  @ Tue, 11 Jun 2024 14:58:49:   Skipping gene non-target-4 for permutation ... 
INFO  @ Tue, 11 Jun 2024 14:58:49:   Skipping gene non-target-3 for permutation ... 
INFO  @ Tue, 11 Jun 2024 14:58:49:   Skipping gene non-target-27 for permutation ... 
INFO  @ Tue, 11 Jun 2024 14:58:49:   Skipping gene non-target-6 for permutation ... 
INFO  @ Tue, 11 Jun 2024 14:58:49:   Skipping gene non-target-15 for permutation ... 
INFO  @ Tue, 11 Jun 2024 14:58:49:   Skipping gene non-target-35 for permutation ... 
INFO  @ Tue, 11 Jun 2024 14:58:49:   Skipping gene non-target-2 for permutation ... 
INFO  @ Tue, 11 Jun 2024 14:58:49:   Skipping gene non-target-38 for permutation ... 
INFO  @ Tue, 11 Jun 2024 14:58:49:   Skipping gene non-target-7 for permutation ... 
INFO  @ Tue, 11 Jun 2024 14:58:49:   Skipping gene non-target-33 for permutation ... 
INFO  @ Tue, 11 Jun 2024 14:58:49:   Skipping gene non-target-14 for permutation ... 
INFO  @ Tue, 11 Jun 2024 14:58:49:   Skipping gene non-target-29 for permutation ... 
INFO  @ Tue, 11 Jun 2024 14:58:49:   Skipping gene non-target-18 for permutation ... 
INFO  @ Tue, 11 Jun 2024 14:58:49:   Skipping gene non-target-25 for permutation ... 
INFO  @ Tue, 11 Jun 2024 14:58:49:   Skipping gene non-target-39 for permutation ... 
INFO  @ Tue, 11 Jun 2024 14:58:49:   Skipping gene non-target-16 for permutation ... 
INFO  @ Tue, 11 Jun 2024 14:58:49:   Skipping gene non-target-19 for permutation ... 
INFO  @ Tue, 11 Jun 2024 14:58:49:   Skipping gene non-target-41 for permutation ... 
INFO  @ Tue, 11 Jun 2024 14:58:49:   Skipping gene non-target-13 for permutation ... 
INFO  @ Tue, 11 Jun 2024 14:58:49:   Skipping gene non-target-40 for permutation ... 
INFO  @ Tue, 11 Jun 2024 14:58:49:   Skipping gene non-target-30 for permutation ... 
INFO  @ Tue, 11 Jun 2024 14:58:49:   Skipping gene non-target-8 for permutation ... 
INFO  @ Tue, 11 Jun 2024 14:58:49:   Skipping gene non-target-22 for permutation ... 
INFO  @ Tue, 11 Jun 2024 14:58:49:   Skipping gene non-target-20 for permutation ... 
INFO  @ Tue, 11 Jun 2024 14:58:49:   Skipping gene non-target-23 for permutation ... 
INFO  @ Tue, 11 Jun 2024 14:58:49:   Skipping gene non-target-37 for permutation ... 
INFO  @ Tue, 11 Jun 2024 14:58:49:   Skipping gene non-target-12 for permutation ... 
INFO  @ Tue, 11 Jun 2024 14:58:49:   Skipping gene non-target-31 for permutation ... 
INFO  @ Tue, 11 Jun 2024 14:58:49:   Skipping gene non-target-17 for permutation ... 
INFO  @ Tue, 11 Jun 2024 14:58:49:   Skipping gene non-target-26 for permutation ... 
INFO  @ Tue, 11 Jun 2024 14:58:49:   Skipping gene non-target-10 for permutation ... 
INFO  @ Tue, 11 Jun 2024 14:58:49:   Skipping gene non-target-32 for permutation ... 
INFO  @ Tue, 11 Jun 2024 14:58:49:   Skipping gene non-target-9 for permutation ... 
INFO  @ Tue, 11 Jun 2024 14:58:49:   Skipping gene non-target-36 for permutation ... 
INFO  @ Tue, 11 Jun 2024 14:58:49:   Skipping gene non-target-34 for permutation ... 
INFO  @ Tue, 11 Jun 2024 14:58:49:   Skipping gene non-target-21 for permutation ... 
INFO  @ Tue, 11 Jun 2024 14:58:49:   Skipping gene non-target-24 for permutation ... 
INFO  @ Tue, 11 Jun 2024 14:58:49:   Skipping gene non-target-28 for permutation ... 
INFO  @ Tue, 11 Jun 2024 14:58:49:   Skipping gene non-target-1 for permutation ... 
INFO  @ Tue, 11 Jun 2024 14:58:49:   Warning: sgRNA  not found in the ranked list.  
INFO  @ Tue, 11 Jun 2024 14:58:49:   Warning: sgRNA pegRNA_462_r1 not found in the ranked list.  
INFO  @ Tue, 11 Jun 2024 14:58:49:   Computing false discovery rate... 
INFO  @ Tue, 11 Jun 2024 14:58:49:   Increase the number of permutations to 496 to get precise p values. To avoid this, use the --permutation option. 
INFO  @ Tue, 11 Jun 2024 14:58:49:   Total # control sgRNAs: 122 
INFO  @ Tue, 11 Jun 2024 14:58:49:   Permuting genes with 3 sgRNAs... 
INFO  @ Tue, 11 Jun 2024 14:58:49:   Permuting genes with 5 sgRNAs... 
INFO  @ Tue, 11 Jun 2024 14:58:49:   Permuting genes with 6 sgRNAs... 
INFO  @ Tue, 11 Jun 2024 14:58:49:   Permuting genes with 9 sgRNAs... 
INFO  @ Tue, 11 Jun 2024 14:58:49:   Permuting genes with 13 sgRNAs... 
INFO  @ Tue, 11 Jun 2024 14:58:49:   Permuting genes with 15 sgRNAs... 
INFO  @ Tue, 11 Jun 2024 14:58:49:   Number of genes under FDR adjustment: 202 
INFO  @ Tue, 11 Jun 2024 14:58:49:   Saving to output file... 
INFO  @ Tue, 11 Jun 2024 14:58:49:   Suppressing the output of gene non-target-11 since it is negative ontrol genes. 
INFO  @ Tue, 11 Jun 2024 14:58:49:   Suppressing the output of gene non-target-3 since it is negative ontrol genes. 
INFO  @ Tue, 11 Jun 2024 14:58:49:   Suppressing the output of gene non-target-5 since it is negative ontrol genes. 
INFO  @ Tue, 11 Jun 2024 14:58:49:   Suppressing the output of gene non-target-4 since it is negative ontrol genes. 
INFO  @ Tue, 11 Jun 2024 14:58:49:   Suppressing the output of gene non-target-27 since it is negative ontrol genes. 
INFO  @ Tue, 11 Jun 2024 14:58:49:   Suppressing the output of gene non-target-6 since it is negative ontrol genes. 
INFO  @ Tue, 11 Jun 2024 14:58:49:   Suppressing the output of gene non-target-15 since it is negative ontrol genes. 
INFO  @ Tue, 11 Jun 2024 14:58:49:   Suppressing the output of gene non-target-35 since it is negative ontrol genes. 
INFO  @ Tue, 11 Jun 2024 14:58:49:   Suppressing the output of gene non-target-2 since it is negative ontrol genes. 
INFO  @ Tue, 11 Jun 2024 14:58:49:   Suppressing the output of gene non-target-38 since it is negative ontrol genes. 
INFO  @ Tue, 11 Jun 2024 14:58:49:   Suppressing the output of gene non-target-7 since it is negative ontrol genes. 
INFO  @ Tue, 11 Jun 2024 14:58:49:   Suppressing the output of gene non-target-33 since it is negative ontrol genes. 
INFO  @ Tue, 11 Jun 2024 14:58:49:   Suppressing the output of gene non-target-14 since it is negative ontrol genes. 
INFO  @ Tue, 11 Jun 2024 14:58:49:   Suppressing the output of gene non-target-29 since it is negative ontrol genes. 
INFO  @ Tue, 11 Jun 2024 14:58:49:   Suppressing the output of gene non-target-18 since it is negative ontrol genes. 
INFO  @ Tue, 11 Jun 2024 14:58:49:   Suppressing the output of gene non-target-25 since it is negative ontrol genes. 
INFO  @ Tue, 11 Jun 2024 14:58:49:   Suppressing the output of gene non-target-39 since it is negative ontrol genes. 
INFO  @ Tue, 11 Jun 2024 14:58:49:   Suppressing the output of gene non-target-16 since it is negative ontrol genes. 
INFO  @ Tue, 11 Jun 2024 14:58:49:   Suppressing the output of gene non-target-19 since it is negative ontrol genes. 
INFO  @ Tue, 11 Jun 2024 14:58:49:   Suppressing the output of gene non-target-41 since it is negative ontrol genes. 
INFO  @ Tue, 11 Jun 2024 14:58:49:   Suppressing the output of gene non-target-13 since it is negative ontrol genes. 
INFO  @ Tue, 11 Jun 2024 14:58:49:   Suppressing the output of gene non-target-40 since it is negative ontrol genes. 
INFO  @ Tue, 11 Jun 2024 14:58:49:   Suppressing the output of gene non-target-30 since it is negative ontrol genes. 
INFO  @ Tue, 11 Jun 2024 14:58:49:   Suppressing the output of gene non-target-8 since it is negative ontrol genes. 
INFO  @ Tue, 11 Jun 2024 14:58:49:   Suppressing the output of gene non-target-22 since it is negative ontrol genes. 
INFO  @ Tue, 11 Jun 2024 14:58:49:   Suppressing the output of gene non-target-20 since it is negative ontrol genes. 
INFO  @ Tue, 11 Jun 2024 14:58:49:   Suppressing the output of gene non-target-23 since it is negative ontrol genes. 
INFO  @ Tue, 11 Jun 2024 14:58:49:   Suppressing the output of gene non-target-37 since it is negative ontrol genes. 
INFO  @ Tue, 11 Jun 2024 14:58:49:   Suppressing the output of gene non-target-12 since it is negative ontrol genes. 
INFO  @ Tue, 11 Jun 2024 14:58:49:   Suppressing the output of gene non-target-31 since it is negative ontrol genes. 
INFO  @ Tue, 11 Jun 2024 14:58:49:   Suppressing the output of gene non-target-17 since it is negative ontrol genes. 
INFO  @ Tue, 11 Jun 2024 14:58:49:   Suppressing the output of gene non-target-26 since it is negative ontrol genes. 
INFO  @ Tue, 11 Jun 2024 14:58:49:   Suppressing the output of gene non-target-10 since it is negative ontrol genes. 
INFO  @ Tue, 11 Jun 2024 14:58:49:   Suppressing the output of gene non-target-32 since it is negative ontrol genes. 
INFO  @ Tue, 11 Jun 2024 14:58:49:   Suppressing the output of gene non-target-9 since it is negative ontrol genes. 
INFO  @ Tue, 11 Jun 2024 14:58:49:   Suppressing the output of gene non-target-36 since it is negative ontrol genes. 
INFO  @ Tue, 11 Jun 2024 14:58:49:   Suppressing the output of gene non-target-34 since it is negative ontrol genes. 
INFO  @ Tue, 11 Jun 2024 14:58:49:   Suppressing the output of gene non-target-21 since it is negative ontrol genes. 
INFO  @ Tue, 11 Jun 2024 14:58:49:   Suppressing the output of gene non-target-24 since it is negative ontrol genes. 
INFO  @ Tue, 11 Jun 2024 14:58:49:   Suppressing the output of gene non-target-28 since it is negative ontrol genes. 
INFO  @ Tue, 11 Jun 2024 14:58:49:   Suppressing the output of gene non-target-1 since it is negative ontrol genes. 
INFO  @ Tue, 11 Jun 2024 14:58:49:   RRA completed. 
INFO  @ Tue, 11 Jun 2024 14:58:49:   Groups deletion complete. 
INFO  @ Tue, 11 Jun 2024 14:58:49:   Lists deletion complete. 
INFO  @ Tue, 11 Jun 2024 14:58:49:   ControlSeqPercentile deletion complete. 
INFO  @ Tue, 11 Jun 2024 14:58:49:    
INFO  @ Tue, 11 Jun 2024 14:58:49: End command message. 
DEBUG @ Tue, 11 Jun 2024 14:58:49: Sorting the merged items by negative selection... 
INFO  @ Tue, 11 Jun 2024 14:58:49: Loading top 10 genes from Q1Q2_presort_PAIRED_controls.gene.low.txt: p.I416F,V369V,S45S,safe-target-30,safe-target-29,safe-target-12,safe-target-13,P361P,safe-target-9,safe-target-24 
DEBUG @ Tue, 11 Jun 2024 14:58:49: Column index:3 
INFO  @ Tue, 11 Jun 2024 14:58:49: Loading top 10 genes from Q1Q2_presort_PAIRED_controls.gene.high.txt: safe-target-15,p.H210P,safe-target-10,G364G,safe-target-26,p.W403C,p.G364C,p.R362Q,p.M550K,p.C171F 
DEBUG @ Tue, 11 Jun 2024 14:58:49: Column index:9 
INFO  @ Tue, 11 Jun 2024 14:58:49: Running command: rm Q1Q2_presort_PAIRED_controls.plow.txt 
INFO  @ Tue, 11 Jun 2024 14:58:49: Running command: rm Q1Q2_presort_PAIRED_controls.phigh.txt 
INFO  @ Tue, 11 Jun 2024 14:58:49: Running command: rm Q1Q2_presort_PAIRED_controls.gene.low.txt 
INFO  @ Tue, 11 Jun 2024 14:58:49: Running command: rm Q1Q2_presort_PAIRED_controls.gene.high.txt 
