INFO  @ Wed, 29 May 2024 11:29:49: Parameters: /Users/samgould/opt/anaconda3/envs/mageckenv/bin/mageck test -k /Users/samgould/Documents/GitHub/KEAP1-pegRNA-sensor-targeted-library/mageck_counts.txt -t REP1_Q2,REP2_Q2,REP3_Q2 -c REP1_PreSort,REP2_PreSort,REP3_PreSort --paired --normcounts-to-file --control-sgrna /Users/samgould/Documents/GitHub/KEAP1-pegRNA-sensor-targeted-library/non_targeting_guides.txt -n Q2_presort_PAIRED_controls 
INFO  @ Wed, 29 May 2024 11:29:49: Welcome to MAGeCK v0.5.9.5. Command: test 
INFO  @ Wed, 29 May 2024 11:29:49: Loading count table from /Users/samgould/Documents/GitHub/KEAP1-pegRNA-sensor-targeted-library/mageck_counts.txt  
INFO  @ Wed, 29 May 2024 11:29:49: Processing 1 lines.. 
DEBUG @ Wed, 29 May 2024 11:29:49: Parsing error in line 1 (usually the header line). Skip this line. 
INFO  @ Wed, 29 May 2024 11:29:49: Loaded 500 records. 
INFO  @ Wed, 29 May 2024 11:29:49: 41 out of 41 control sgRNAs are found in count table. 
INFO  @ Wed, 29 May 2024 11:29:49: Loading Rnw template file: /Users/samgould/opt/anaconda3/envs/mageckenv/lib/python3.10/site-packages/mageck/test_report.Rmd. 
DEBUG @ Wed, 29 May 2024 11:29:49: Setting up the visualization module... 
INFO  @ Wed, 29 May 2024 11:29:49: Loading R template file: /Users/samgould/opt/anaconda3/envs/mageckenv/lib/python3.10/site-packages/mageck/plot_template.RTemplate. 
INFO  @ Wed, 29 May 2024 11:29:49: Loading R template file: /Users/samgould/opt/anaconda3/envs/mageckenv/lib/python3.10/site-packages/mageck/plot_template_indvgene.RTemplate. 
INFO  @ Wed, 29 May 2024 11:29:49: Loading Rnw template file: /Users/samgould/opt/anaconda3/envs/mageckenv/lib/python3.10/site-packages/mageck/plot_template.Rnw. 
DEBUG @ Wed, 29 May 2024 11:29:49: Setting up the visualization module... 
DEBUG @ Wed, 29 May 2024 11:29:49: Given sample labels: REP1_Q2,REP2_Q2,REP3_Q2 
DEBUG @ Wed, 29 May 2024 11:29:49: Converted index: 1 5 9 
INFO  @ Wed, 29 May 2024 11:29:49: Treatment samples:REP1_Q2,REP2_Q2,REP3_Q2 
INFO  @ Wed, 29 May 2024 11:29:49: Treatment sample index:1,5,9 
DEBUG @ Wed, 29 May 2024 11:29:49: Given sample labels: REP1_PreSort,REP2_PreSort,REP3_PreSort 
DEBUG @ Wed, 29 May 2024 11:29:49: Converted index: 12 13 14 
INFO  @ Wed, 29 May 2024 11:29:49: Control samples:REP1_PreSort,REP2_PreSort,REP3_PreSort 
INFO  @ Wed, 29 May 2024 11:29:49: Control sample index:12,13,14 
DEBUG @ Wed, 29 May 2024 11:29:49: Initial (total) size factor: 1.0743009097856926 0.8945514776392642 1.1975398930997192 0.9485048759070112 1.170337252933998 0.8281622847488815 
DEBUG @ Wed, 29 May 2024 11:29:49: Median factor: 1.0868192049630165 1.0115854712525154 1.1453732219833292 0.8746014020025488 1.10476853964067 0.8776035372508176 
INFO  @ Wed, 29 May 2024 11:29:49: Final size factor: 1.0868192049630165 1.0115854712525154 1.1453732219833292 0.8746014020025488 1.10476853964067 0.8776035372508176 
INFO  @ Wed, 29 May 2024 11:29:49: Writing normalized read counts to Q2_presort_PAIRED_controls.normalized.txt 
INFO  @ Wed, 29 May 2024 11:29:49: The updated negative control ID file is:Q2_presort_PAIRED_controls.negctrl_ids.txt 
INFO  @ Wed, 29 May 2024 11:29:49: Detecting outliers from variance estimation.. Avg read count:[117.5984251590742], Var: [1689422.5761730287] 
INFO  @ Wed, 29 May 2024 11:29:49: Skipping 21 sgRNAs from variance calculation because of their extreme high counts (> 4* STD (mean counts) ). 
DEBUG @ Wed, 29 May 2024 11:29:49: Adjusted model: 1.7271181592046314	0 
INFO  @ Wed, 29 May 2024 11:29:49: Before RRA, 8 sgRNAs are removed with zero counts in both group(s). 
INFO  @ Wed, 29 May 2024 11:29:49: Use qnorm to reversely calculate sgRNA scores ... 
DEBUG @ Wed, 29 May 2024 11:29:49: lower test FDR cutoff: 0.16085790884718498 
DEBUG @ Wed, 29 May 2024 11:29:49: higher test FDR cutoff: 0.20040214477211796 
INFO  @ Wed, 29 May 2024 11:29:49: Running command: RRA -i Q2_presort_PAIRED_controls.plow.txt -o Q2_presort_PAIRED_controls.gene.low.txt -p 0.16085790884718498 --control Q2_presort_PAIRED_controls.negctrl_ids.txt --skip-gene NA --skip-gene na  
INFO  @ Wed, 29 May 2024 11:29:50: Command message: 
INFO  @ Wed, 29 May 2024 11:29:50:   Welcome to RRA v 0.5.9. 
INFO  @ Wed, 29 May 2024 11:29:50:   124 control sequences loaded. 
INFO  @ Wed, 29 May 2024 11:29:50:   Skipping gene NA for permutation ... 
INFO  @ Wed, 29 May 2024 11:29:50:   Skipping gene na for permutation ... 
INFO  @ Wed, 29 May 2024 11:29:50:   Reading input file... 
INFO  @ Wed, 29 May 2024 11:29:50:   Summary: 1492 sgRNAs, 202 genes, 1 lists; skipped sgRNAs:0 
INFO  @ Wed, 29 May 2024 11:29:50:   Computing lo-values for each group... 
INFO  @ Wed, 29 May 2024 11:29:50:   Skipping gene non-target-5 for permutation ... 
INFO  @ Wed, 29 May 2024 11:29:50:   Skipping gene non-target-2 for permutation ... 
INFO  @ Wed, 29 May 2024 11:29:50:   Skipping gene non-target-36 for permutation ... 
INFO  @ Wed, 29 May 2024 11:29:50:   Skipping gene non-target-31 for permutation ... 
INFO  @ Wed, 29 May 2024 11:29:50:   Skipping gene non-target-8 for permutation ... 
INFO  @ Wed, 29 May 2024 11:29:50:   Skipping gene non-target-28 for permutation ... 
INFO  @ Wed, 29 May 2024 11:29:50:   Skipping gene non-target-24 for permutation ... 
INFO  @ Wed, 29 May 2024 11:29:50:   Skipping gene non-target-23 for permutation ... 
INFO  @ Wed, 29 May 2024 11:29:50:   Skipping gene non-target-32 for permutation ... 
INFO  @ Wed, 29 May 2024 11:29:50:   Skipping gene non-target-25 for permutation ... 
INFO  @ Wed, 29 May 2024 11:29:50:   Skipping gene non-target-22 for permutation ... 
INFO  @ Wed, 29 May 2024 11:29:50:   Skipping gene non-target-29 for permutation ... 
INFO  @ Wed, 29 May 2024 11:29:50:   Skipping gene non-target-21 for permutation ... 
INFO  @ Wed, 29 May 2024 11:29:50:   Skipping gene non-target-17 for permutation ... 
INFO  @ Wed, 29 May 2024 11:29:50:   Skipping gene non-target-10 for permutation ... 
INFO  @ Wed, 29 May 2024 11:29:50:   Skipping gene non-target-13 for permutation ... 
INFO  @ Wed, 29 May 2024 11:29:50:   Skipping gene non-target-12 for permutation ... 
INFO  @ Wed, 29 May 2024 11:29:50:   Skipping gene non-target-20 for permutation ... 
INFO  @ Wed, 29 May 2024 11:29:50:   Skipping gene non-target-38 for permutation ... 
INFO  @ Wed, 29 May 2024 11:29:50:   Skipping gene non-target-1 for permutation ... 
INFO  @ Wed, 29 May 2024 11:29:50:   Skipping gene non-target-15 for permutation ... 
INFO  @ Wed, 29 May 2024 11:29:50:   Skipping gene non-target-39 for permutation ... 
INFO  @ Wed, 29 May 2024 11:29:50:   Skipping gene non-target-37 for permutation ... 
INFO  @ Wed, 29 May 2024 11:29:50:   Skipping gene non-target-9 for permutation ... 
INFO  @ Wed, 29 May 2024 11:29:50:   Skipping gene non-target-40 for permutation ... 
INFO  @ Wed, 29 May 2024 11:29:50:   Skipping gene non-target-30 for permutation ... 
INFO  @ Wed, 29 May 2024 11:29:50:   Skipping gene non-target-18 for permutation ... 
INFO  @ Wed, 29 May 2024 11:29:50:   Skipping gene non-target-33 for permutation ... 
INFO  @ Wed, 29 May 2024 11:29:50:   Skipping gene non-target-41 for permutation ... 
INFO  @ Wed, 29 May 2024 11:29:50:   Skipping gene non-target-26 for permutation ... 
INFO  @ Wed, 29 May 2024 11:29:50:   Skipping gene non-target-16 for permutation ... 
INFO  @ Wed, 29 May 2024 11:29:50:   Skipping gene non-target-14 for permutation ... 
INFO  @ Wed, 29 May 2024 11:29:50:   Skipping gene non-target-7 for permutation ... 
INFO  @ Wed, 29 May 2024 11:29:50:   Skipping gene non-target-11 for permutation ... 
INFO  @ Wed, 29 May 2024 11:29:50:   Skipping gene non-target-35 for permutation ... 
INFO  @ Wed, 29 May 2024 11:29:50:   Skipping gene non-target-19 for permutation ... 
INFO  @ Wed, 29 May 2024 11:29:50:   Skipping gene non-target-3 for permutation ... 
INFO  @ Wed, 29 May 2024 11:29:50:   Skipping gene non-target-34 for permutation ... 
INFO  @ Wed, 29 May 2024 11:29:50:   Skipping gene non-target-27 for permutation ... 
INFO  @ Wed, 29 May 2024 11:29:50:   Skipping gene non-target-6 for permutation ... 
INFO  @ Wed, 29 May 2024 11:29:50:   Skipping gene non-target-4 for permutation ... 
INFO  @ Wed, 29 May 2024 11:29:50:   Warning: sgRNA  not found in the ranked list.  
INFO  @ Wed, 29 May 2024 11:29:50:   Warning: sgRNA pegRNA_462_r1 not found in the ranked list.  
INFO  @ Wed, 29 May 2024 11:29:50:   Computing false discovery rate... 
INFO  @ Wed, 29 May 2024 11:29:50:   Increase the number of permutations to 496 to get precise p values. To avoid this, use the --permutation option. 
INFO  @ Wed, 29 May 2024 11:29:50:   Total # control sgRNAs: 122 
INFO  @ Wed, 29 May 2024 11:29:50:   Permuting genes with 3 sgRNAs... 
INFO  @ Wed, 29 May 2024 11:29:50:   Permuting genes with 5 sgRNAs... 
INFO  @ Wed, 29 May 2024 11:29:50:   Permuting genes with 6 sgRNAs... 
INFO  @ Wed, 29 May 2024 11:29:50:   Permuting genes with 9 sgRNAs... 
INFO  @ Wed, 29 May 2024 11:29:50:   Permuting genes with 13 sgRNAs... 
INFO  @ Wed, 29 May 2024 11:29:50:   Permuting genes with 14 sgRNAs... 
INFO  @ Wed, 29 May 2024 11:29:50:   Permuting genes with 15 sgRNAs... 
INFO  @ Wed, 29 May 2024 11:29:50:   Number of genes under FDR adjustment: 202 
INFO  @ Wed, 29 May 2024 11:29:50:   Saving to output file... 
INFO  @ Wed, 29 May 2024 11:29:50:   Suppressing the output of gene non-target-28 since it is negative ontrol genes. 
INFO  @ Wed, 29 May 2024 11:29:50:   Suppressing the output of gene non-target-1 since it is negative ontrol genes. 
INFO  @ Wed, 29 May 2024 11:29:50:   Suppressing the output of gene non-target-5 since it is negative ontrol genes. 
INFO  @ Wed, 29 May 2024 11:29:50:   Suppressing the output of gene non-target-31 since it is negative ontrol genes. 
INFO  @ Wed, 29 May 2024 11:29:50:   Suppressing the output of gene non-target-2 since it is negative ontrol genes. 
INFO  @ Wed, 29 May 2024 11:29:50:   Suppressing the output of gene non-target-36 since it is negative ontrol genes. 
INFO  @ Wed, 29 May 2024 11:29:50:   Suppressing the output of gene non-target-22 since it is negative ontrol genes. 
INFO  @ Wed, 29 May 2024 11:29:50:   Suppressing the output of gene non-target-25 since it is negative ontrol genes. 
INFO  @ Wed, 29 May 2024 11:29:50:   Suppressing the output of gene non-target-24 since it is negative ontrol genes. 
INFO  @ Wed, 29 May 2024 11:29:50:   Suppressing the output of gene non-target-21 since it is negative ontrol genes. 
INFO  @ Wed, 29 May 2024 11:29:50:   Suppressing the output of gene non-target-10 since it is negative ontrol genes. 
INFO  @ Wed, 29 May 2024 11:29:50:   Suppressing the output of gene non-target-17 since it is negative ontrol genes. 
INFO  @ Wed, 29 May 2024 11:29:50:   Suppressing the output of gene non-target-9 since it is negative ontrol genes. 
INFO  @ Wed, 29 May 2024 11:29:50:   Suppressing the output of gene non-target-8 since it is negative ontrol genes. 
INFO  @ Wed, 29 May 2024 11:29:50:   Suppressing the output of gene non-target-30 since it is negative ontrol genes. 
INFO  @ Wed, 29 May 2024 11:29:50:   Suppressing the output of gene non-target-37 since it is negative ontrol genes. 
INFO  @ Wed, 29 May 2024 11:29:50:   Suppressing the output of gene non-target-18 since it is negative ontrol genes. 
INFO  @ Wed, 29 May 2024 11:29:50:   Suppressing the output of gene non-target-32 since it is negative ontrol genes. 
INFO  @ Wed, 29 May 2024 11:29:50:   Suppressing the output of gene non-target-40 since it is negative ontrol genes. 
INFO  @ Wed, 29 May 2024 11:29:50:   Suppressing the output of gene non-target-41 since it is negative ontrol genes. 
INFO  @ Wed, 29 May 2024 11:29:50:   Suppressing the output of gene non-target-29 since it is negative ontrol genes. 
INFO  @ Wed, 29 May 2024 11:29:50:   Suppressing the output of gene non-target-15 since it is negative ontrol genes. 
INFO  @ Wed, 29 May 2024 11:29:50:   Suppressing the output of gene non-target-39 since it is negative ontrol genes. 
INFO  @ Wed, 29 May 2024 11:29:50:   Suppressing the output of gene non-target-20 since it is negative ontrol genes. 
INFO  @ Wed, 29 May 2024 11:29:50:   Suppressing the output of gene non-target-38 since it is negative ontrol genes. 
INFO  @ Wed, 29 May 2024 11:29:50:   Suppressing the output of gene non-target-23 since it is negative ontrol genes. 
INFO  @ Wed, 29 May 2024 11:29:50:   Suppressing the output of gene non-target-13 since it is negative ontrol genes. 
INFO  @ Wed, 29 May 2024 11:29:50:   Suppressing the output of gene non-target-12 since it is negative ontrol genes. 
INFO  @ Wed, 29 May 2024 11:29:50:   Suppressing the output of gene non-target-33 since it is negative ontrol genes. 
INFO  @ Wed, 29 May 2024 11:29:50:   Suppressing the output of gene non-target-3 since it is negative ontrol genes. 
INFO  @ Wed, 29 May 2024 11:29:50:   Suppressing the output of gene non-target-26 since it is negative ontrol genes. 
INFO  @ Wed, 29 May 2024 11:29:50:   Suppressing the output of gene non-target-16 since it is negative ontrol genes. 
INFO  @ Wed, 29 May 2024 11:29:50:   Suppressing the output of gene non-target-14 since it is negative ontrol genes. 
INFO  @ Wed, 29 May 2024 11:29:50:   Suppressing the output of gene non-target-7 since it is negative ontrol genes. 
INFO  @ Wed, 29 May 2024 11:29:50:   Suppressing the output of gene non-target-11 since it is negative ontrol genes. 
INFO  @ Wed, 29 May 2024 11:29:50:   Suppressing the output of gene non-target-35 since it is negative ontrol genes. 
INFO  @ Wed, 29 May 2024 11:29:50:   Suppressing the output of gene non-target-19 since it is negative ontrol genes. 
INFO  @ Wed, 29 May 2024 11:29:50:   Suppressing the output of gene non-target-34 since it is negative ontrol genes. 
INFO  @ Wed, 29 May 2024 11:29:50:   Suppressing the output of gene non-target-27 since it is negative ontrol genes. 
INFO  @ Wed, 29 May 2024 11:29:50:   Suppressing the output of gene non-target-6 since it is negative ontrol genes. 
INFO  @ Wed, 29 May 2024 11:29:50:   Suppressing the output of gene non-target-4 since it is negative ontrol genes. 
INFO  @ Wed, 29 May 2024 11:29:50:   RRA completed. 
INFO  @ Wed, 29 May 2024 11:29:50:   Groups deletion complete. 
INFO  @ Wed, 29 May 2024 11:29:50:   Lists deletion complete. 
INFO  @ Wed, 29 May 2024 11:29:50:   ControlSeqPercentile deletion complete. 
INFO  @ Wed, 29 May 2024 11:29:50:    
INFO  @ Wed, 29 May 2024 11:29:50: End command message. 
INFO  @ Wed, 29 May 2024 11:29:50: Running command: RRA -i Q2_presort_PAIRED_controls.phigh.txt -o Q2_presort_PAIRED_controls.gene.high.txt -p 0.20040214477211796 --control Q2_presort_PAIRED_controls.negctrl_ids.txt --skip-gene NA --skip-gene na  
INFO  @ Wed, 29 May 2024 11:29:50: Command message: 
INFO  @ Wed, 29 May 2024 11:29:50:   Welcome to RRA v 0.5.9. 
INFO  @ Wed, 29 May 2024 11:29:50:   124 control sequences loaded. 
INFO  @ Wed, 29 May 2024 11:29:50:   Skipping gene NA for permutation ... 
INFO  @ Wed, 29 May 2024 11:29:50:   Skipping gene na for permutation ... 
INFO  @ Wed, 29 May 2024 11:29:50:   Reading input file... 
INFO  @ Wed, 29 May 2024 11:29:50:   Summary: 1492 sgRNAs, 202 genes, 1 lists; skipped sgRNAs:0 
INFO  @ Wed, 29 May 2024 11:29:50:   Computing lo-values for each group... 
INFO  @ Wed, 29 May 2024 11:29:50:   Skipping gene non-target-5 for permutation ... 
INFO  @ Wed, 29 May 2024 11:29:50:   Skipping gene non-target-3 for permutation ... 
INFO  @ Wed, 29 May 2024 11:29:50:   Skipping gene non-target-7 for permutation ... 
INFO  @ Wed, 29 May 2024 11:29:50:   Skipping gene non-target-27 for permutation ... 
INFO  @ Wed, 29 May 2024 11:29:50:   Skipping gene non-target-11 for permutation ... 
INFO  @ Wed, 29 May 2024 11:29:50:   Skipping gene non-target-2 for permutation ... 
INFO  @ Wed, 29 May 2024 11:29:50:   Skipping gene non-target-29 for permutation ... 
INFO  @ Wed, 29 May 2024 11:29:50:   Skipping gene non-target-16 for permutation ... 
INFO  @ Wed, 29 May 2024 11:29:50:   Skipping gene non-target-18 for permutation ... 
INFO  @ Wed, 29 May 2024 11:29:50:   Skipping gene non-target-39 for permutation ... 
INFO  @ Wed, 29 May 2024 11:29:50:   Skipping gene non-target-35 for permutation ... 
INFO  @ Wed, 29 May 2024 11:29:50:   Skipping gene non-target-14 for permutation ... 
INFO  @ Wed, 29 May 2024 11:29:50:   Skipping gene non-target-25 for permutation ... 
INFO  @ Wed, 29 May 2024 11:29:50:   Skipping gene non-target-19 for permutation ... 
INFO  @ Wed, 29 May 2024 11:29:50:   Skipping gene non-target-6 for permutation ... 
INFO  @ Wed, 29 May 2024 11:29:50:   Skipping gene non-target-37 for permutation ... 
INFO  @ Wed, 29 May 2024 11:29:50:   Skipping gene non-target-20 for permutation ... 
INFO  @ Wed, 29 May 2024 11:29:50:   Skipping gene non-target-31 for permutation ... 
INFO  @ Wed, 29 May 2024 11:29:50:   Skipping gene non-target-12 for permutation ... 
INFO  @ Wed, 29 May 2024 11:29:50:   Skipping gene non-target-13 for permutation ... 
INFO  @ Wed, 29 May 2024 11:29:50:   Skipping gene non-target-8 for permutation ... 
INFO  @ Wed, 29 May 2024 11:29:50:   Skipping gene non-target-4 for permutation ... 
INFO  @ Wed, 29 May 2024 11:29:50:   Skipping gene non-target-36 for permutation ... 
INFO  @ Wed, 29 May 2024 11:29:50:   Skipping gene non-target-23 for permutation ... 
INFO  @ Wed, 29 May 2024 11:29:50:   Skipping gene non-target-40 for permutation ... 
INFO  @ Wed, 29 May 2024 11:29:50:   Skipping gene non-target-41 for permutation ... 
INFO  @ Wed, 29 May 2024 11:29:50:   Skipping gene non-target-33 for permutation ... 
INFO  @ Wed, 29 May 2024 11:29:50:   Skipping gene non-target-10 for permutation ... 
INFO  @ Wed, 29 May 2024 11:29:50:   Skipping gene non-target-22 for permutation ... 
INFO  @ Wed, 29 May 2024 11:29:50:   Skipping gene non-target-9 for permutation ... 
INFO  @ Wed, 29 May 2024 11:29:50:   Skipping gene non-target-30 for permutation ... 
INFO  @ Wed, 29 May 2024 11:29:50:   Skipping gene non-target-15 for permutation ... 
INFO  @ Wed, 29 May 2024 11:29:50:   Skipping gene non-target-38 for permutation ... 
INFO  @ Wed, 29 May 2024 11:29:50:   Skipping gene non-target-32 for permutation ... 
INFO  @ Wed, 29 May 2024 11:29:50:   Skipping gene non-target-21 for permutation ... 
INFO  @ Wed, 29 May 2024 11:29:50:   Skipping gene non-target-34 for permutation ... 
INFO  @ Wed, 29 May 2024 11:29:50:   Skipping gene non-target-26 for permutation ... 
INFO  @ Wed, 29 May 2024 11:29:50:   Skipping gene non-target-17 for permutation ... 
INFO  @ Wed, 29 May 2024 11:29:50:   Skipping gene non-target-24 for permutation ... 
INFO  @ Wed, 29 May 2024 11:29:50:   Skipping gene non-target-1 for permutation ... 
INFO  @ Wed, 29 May 2024 11:29:50:   Skipping gene non-target-28 for permutation ... 
INFO  @ Wed, 29 May 2024 11:29:50:   Warning: sgRNA  not found in the ranked list.  
INFO  @ Wed, 29 May 2024 11:29:50:   Warning: sgRNA pegRNA_462_r1 not found in the ranked list.  
INFO  @ Wed, 29 May 2024 11:29:50:   Computing false discovery rate... 
INFO  @ Wed, 29 May 2024 11:29:50:   Increase the number of permutations to 496 to get precise p values. To avoid this, use the --permutation option. 
INFO  @ Wed, 29 May 2024 11:29:50:   Total # control sgRNAs: 122 
INFO  @ Wed, 29 May 2024 11:29:50:   Permuting genes with 3 sgRNAs... 
INFO  @ Wed, 29 May 2024 11:29:50:   Permuting genes with 5 sgRNAs... 
INFO  @ Wed, 29 May 2024 11:29:50:   Permuting genes with 6 sgRNAs... 
INFO  @ Wed, 29 May 2024 11:29:50:   Permuting genes with 9 sgRNAs... 
INFO  @ Wed, 29 May 2024 11:29:50:   Permuting genes with 13 sgRNAs... 
INFO  @ Wed, 29 May 2024 11:29:50:   Permuting genes with 14 sgRNAs... 
INFO  @ Wed, 29 May 2024 11:29:50:   Permuting genes with 15 sgRNAs... 
INFO  @ Wed, 29 May 2024 11:29:50:   Number of genes under FDR adjustment: 202 
INFO  @ Wed, 29 May 2024 11:29:50:   Saving to output file... 
INFO  @ Wed, 29 May 2024 11:29:50:   Suppressing the output of gene non-target-5 since it is negative ontrol genes. 
INFO  @ Wed, 29 May 2024 11:29:50:   Suppressing the output of gene non-target-3 since it is negative ontrol genes. 
INFO  @ Wed, 29 May 2024 11:29:50:   Suppressing the output of gene non-target-7 since it is negative ontrol genes. 
INFO  @ Wed, 29 May 2024 11:29:50:   Suppressing the output of gene non-target-27 since it is negative ontrol genes. 
INFO  @ Wed, 29 May 2024 11:29:50:   Suppressing the output of gene non-target-11 since it is negative ontrol genes. 
INFO  @ Wed, 29 May 2024 11:29:50:   Suppressing the output of gene non-target-2 since it is negative ontrol genes. 
INFO  @ Wed, 29 May 2024 11:29:50:   Suppressing the output of gene non-target-29 since it is negative ontrol genes. 
INFO  @ Wed, 29 May 2024 11:29:50:   Suppressing the output of gene non-target-16 since it is negative ontrol genes. 
INFO  @ Wed, 29 May 2024 11:29:50:   Suppressing the output of gene non-target-18 since it is negative ontrol genes. 
INFO  @ Wed, 29 May 2024 11:29:50:   Suppressing the output of gene non-target-39 since it is negative ontrol genes. 
INFO  @ Wed, 29 May 2024 11:29:50:   Suppressing the output of gene non-target-35 since it is negative ontrol genes. 
INFO  @ Wed, 29 May 2024 11:29:50:   Suppressing the output of gene non-target-14 since it is negative ontrol genes. 
INFO  @ Wed, 29 May 2024 11:29:50:   Suppressing the output of gene non-target-25 since it is negative ontrol genes. 
INFO  @ Wed, 29 May 2024 11:29:50:   Suppressing the output of gene non-target-19 since it is negative ontrol genes. 
INFO  @ Wed, 29 May 2024 11:29:50:   Suppressing the output of gene non-target-6 since it is negative ontrol genes. 
INFO  @ Wed, 29 May 2024 11:29:50:   Suppressing the output of gene non-target-37 since it is negative ontrol genes. 
INFO  @ Wed, 29 May 2024 11:29:50:   Suppressing the output of gene non-target-20 since it is negative ontrol genes. 
INFO  @ Wed, 29 May 2024 11:29:50:   Suppressing the output of gene non-target-31 since it is negative ontrol genes. 
INFO  @ Wed, 29 May 2024 11:29:50:   Suppressing the output of gene non-target-12 since it is negative ontrol genes. 
INFO  @ Wed, 29 May 2024 11:29:50:   Suppressing the output of gene non-target-13 since it is negative ontrol genes. 
INFO  @ Wed, 29 May 2024 11:29:50:   Suppressing the output of gene non-target-8 since it is negative ontrol genes. 
INFO  @ Wed, 29 May 2024 11:29:50:   Suppressing the output of gene non-target-4 since it is negative ontrol genes. 
INFO  @ Wed, 29 May 2024 11:29:50:   Suppressing the output of gene non-target-36 since it is negative ontrol genes. 
INFO  @ Wed, 29 May 2024 11:29:50:   Suppressing the output of gene non-target-23 since it is negative ontrol genes. 
INFO  @ Wed, 29 May 2024 11:29:50:   Suppressing the output of gene non-target-40 since it is negative ontrol genes. 
INFO  @ Wed, 29 May 2024 11:29:50:   Suppressing the output of gene non-target-41 since it is negative ontrol genes. 
INFO  @ Wed, 29 May 2024 11:29:50:   Suppressing the output of gene non-target-33 since it is negative ontrol genes. 
INFO  @ Wed, 29 May 2024 11:29:50:   Suppressing the output of gene non-target-10 since it is negative ontrol genes. 
INFO  @ Wed, 29 May 2024 11:29:50:   Suppressing the output of gene non-target-22 since it is negative ontrol genes. 
INFO  @ Wed, 29 May 2024 11:29:50:   Suppressing the output of gene non-target-9 since it is negative ontrol genes. 
INFO  @ Wed, 29 May 2024 11:29:50:   Suppressing the output of gene non-target-30 since it is negative ontrol genes. 
INFO  @ Wed, 29 May 2024 11:29:50:   Suppressing the output of gene non-target-15 since it is negative ontrol genes. 
INFO  @ Wed, 29 May 2024 11:29:50:   Suppressing the output of gene non-target-38 since it is negative ontrol genes. 
INFO  @ Wed, 29 May 2024 11:29:50:   Suppressing the output of gene non-target-32 since it is negative ontrol genes. 
INFO  @ Wed, 29 May 2024 11:29:50:   Suppressing the output of gene non-target-21 since it is negative ontrol genes. 
INFO  @ Wed, 29 May 2024 11:29:50:   Suppressing the output of gene non-target-34 since it is negative ontrol genes. 
INFO  @ Wed, 29 May 2024 11:29:50:   Suppressing the output of gene non-target-26 since it is negative ontrol genes. 
INFO  @ Wed, 29 May 2024 11:29:50:   Suppressing the output of gene non-target-17 since it is negative ontrol genes. 
INFO  @ Wed, 29 May 2024 11:29:50:   Suppressing the output of gene non-target-24 since it is negative ontrol genes. 
INFO  @ Wed, 29 May 2024 11:29:50:   Suppressing the output of gene non-target-1 since it is negative ontrol genes. 
INFO  @ Wed, 29 May 2024 11:29:50:   Suppressing the output of gene non-target-28 since it is negative ontrol genes. 
INFO  @ Wed, 29 May 2024 11:29:50:   RRA completed. 
INFO  @ Wed, 29 May 2024 11:29:50:   Groups deletion complete. 
INFO  @ Wed, 29 May 2024 11:29:50:   Lists deletion complete. 
INFO  @ Wed, 29 May 2024 11:29:50:   ControlSeqPercentile deletion complete. 
INFO  @ Wed, 29 May 2024 11:29:50:    
INFO  @ Wed, 29 May 2024 11:29:50: End command message. 
DEBUG @ Wed, 29 May 2024 11:29:50: Sorting the merged items by negative selection... 
INFO  @ Wed, 29 May 2024 11:29:50: Loading top 10 genes from Q2_presort_PAIRED_controls.gene.low.txt: S45S,p.I416F,safe-target-30,safe-target-13,p.R71L,G332G,p.W252L,G364G,p.A184G,G378G 
DEBUG @ Wed, 29 May 2024 11:29:50: Column index:3 
INFO  @ Wed, 29 May 2024 11:29:50: Loading top 10 genes from Q2_presort_PAIRED_controls.gene.high.txt: safe-target-15,safe-target-10,p.Arg34Gly,p.M550K,safe-target-26,p.Gly31Glu,G364G,p.A510V,safe-target-30,p.H210P 
DEBUG @ Wed, 29 May 2024 11:29:50: Column index:9 
INFO  @ Wed, 29 May 2024 11:29:50: Running command: rm Q2_presort_PAIRED_controls.plow.txt 
INFO  @ Wed, 29 May 2024 11:29:50: Running command: rm Q2_presort_PAIRED_controls.phigh.txt 
INFO  @ Wed, 29 May 2024 11:29:50: Running command: rm Q2_presort_PAIRED_controls.gene.low.txt 
INFO  @ Wed, 29 May 2024 11:29:50: Running command: rm Q2_presort_PAIRED_controls.gene.high.txt 
