INFO  @ Tue, 28 May 2024 19:52:40: Parameters: /Users/samgould/opt/anaconda3/envs/mageckenv/bin/mageck test -k /Users/samgould/Documents/GitHub/KEAP1-pegRNA-sensor-targeted-library/mageck_counts.txt -t REP1_Q2,REP2_Q2,REP3_Q2 -c REP1_PreSort,REP2_PreSort,REP3_PreSort --normcounts-to-file -n Q2_presort 
INFO  @ Tue, 28 May 2024 19:52:40: Welcome to MAGeCK v0.5.9.5. Command: test 
INFO  @ Tue, 28 May 2024 19:52:40: Loading count table from /Users/samgould/Documents/GitHub/KEAP1-pegRNA-sensor-targeted-library/mageck_counts.txt  
INFO  @ Tue, 28 May 2024 19:52:40: Processing 1 lines.. 
DEBUG @ Tue, 28 May 2024 19:52:40: Parsing error in line 1 (usually the header line). Skip this line. 
INFO  @ Tue, 28 May 2024 19:52:40: Loaded 500 records. 
INFO  @ Tue, 28 May 2024 19:52:40: Loading Rnw template file: /Users/samgould/opt/anaconda3/envs/mageckenv/lib/python3.10/site-packages/mageck/test_report.Rmd. 
DEBUG @ Tue, 28 May 2024 19:52:40: Setting up the visualization module... 
INFO  @ Tue, 28 May 2024 19:52:40: Loading R template file: /Users/samgould/opt/anaconda3/envs/mageckenv/lib/python3.10/site-packages/mageck/plot_template.RTemplate. 
INFO  @ Tue, 28 May 2024 19:52:40: Loading R template file: /Users/samgould/opt/anaconda3/envs/mageckenv/lib/python3.10/site-packages/mageck/plot_template_indvgene.RTemplate. 
INFO  @ Tue, 28 May 2024 19:52:40: Loading Rnw template file: /Users/samgould/opt/anaconda3/envs/mageckenv/lib/python3.10/site-packages/mageck/plot_template.Rnw. 
DEBUG @ Tue, 28 May 2024 19:52:40: Setting up the visualization module... 
DEBUG @ Tue, 28 May 2024 19:52:40: Given sample labels: REP1_Q2,REP2_Q2,REP3_Q2 
DEBUG @ Tue, 28 May 2024 19:52:40: Converted index: 1 5 9 
INFO  @ Tue, 28 May 2024 19:52:40: Treatment samples:REP1_Q2,REP2_Q2,REP3_Q2 
INFO  @ Tue, 28 May 2024 19:52:40: Treatment sample index:1,5,9 
DEBUG @ Tue, 28 May 2024 19:52:40: Given sample labels: REP1_PreSort,REP2_PreSort,REP3_PreSort 
DEBUG @ Tue, 28 May 2024 19:52:40: Converted index: 12 13 14 
INFO  @ Tue, 28 May 2024 19:52:40: Control samples:REP1_PreSort,REP2_PreSort,REP3_PreSort 
INFO  @ Tue, 28 May 2024 19:52:40: Control sample index:12,13,14 
DEBUG @ Tue, 28 May 2024 19:52:40: Initial (total) size factor: 1.0743009097856926 0.8945514776392642 1.1975398930997192 0.9485048759070112 1.170337252933998 0.8281622847488815 
DEBUG @ Tue, 28 May 2024 19:52:40: Median factor: 1.0868192049630165 1.0115854712525154 1.1453732219833292 0.8746014020025488 1.10476853964067 0.8776035372508176 
INFO  @ Tue, 28 May 2024 19:52:40: Final size factor: 1.0868192049630165 1.0115854712525154 1.1453732219833292 0.8746014020025488 1.10476853964067 0.8776035372508176 
INFO  @ Tue, 28 May 2024 19:52:40: Writing normalized read counts to Q2_presort.normalized.txt 
INFO  @ Tue, 28 May 2024 19:52:40: Detecting outliers from variance estimation.. Avg read count:[112.09447693277849], Var: [1738184.2295204406] 
INFO  @ Tue, 28 May 2024 19:52:40: Skipping 7 sgRNAs from variance calculation because of their extreme high counts (> 4* STD (mean counts) ). 
DEBUG @ Tue, 28 May 2024 19:52:40: Adjusted model: 1.8180109313651016	0 
INFO  @ Tue, 28 May 2024 19:52:40: Before RRA, 3 sgRNAs are removed with zero counts in both group(s). 
INFO  @ Tue, 28 May 2024 19:52:40: Use qnorm to reversely calculate sgRNA scores ... 
DEBUG @ Tue, 28 May 2024 19:52:40: lower test FDR cutoff: 0.060362173038229376 
DEBUG @ Tue, 28 May 2024 19:52:40: higher test FDR cutoff: 0.08853118712273642 
INFO  @ Tue, 28 May 2024 19:52:40: Running command: RRA -i Q2_presort.plow.txt -o Q2_presort.gene.low.txt -p 0.060362173038229376 --skip-gene NA --skip-gene na  
INFO  @ Tue, 28 May 2024 19:52:40: Command message: 
INFO  @ Tue, 28 May 2024 19:52:40:   Welcome to RRA v 0.5.9. 
INFO  @ Tue, 28 May 2024 19:52:40:   Skipping gene NA for permutation ... 
INFO  @ Tue, 28 May 2024 19:52:40:   Skipping gene na for permutation ... 
INFO  @ Tue, 28 May 2024 19:52:40:   Reading input file... 
INFO  @ Tue, 28 May 2024 19:52:40:   Summary: 497 sgRNAs, 201 genes, 1 lists; skipped sgRNAs:0 
INFO  @ Tue, 28 May 2024 19:52:40:   Computing lo-values for each group... 
INFO  @ Tue, 28 May 2024 19:52:40:   Computing false discovery rate... 
INFO  @ Tue, 28 May 2024 19:52:40:   Increase the number of permutations to 498 to get precise p values. To avoid this, use the --permutation option. 
INFO  @ Tue, 28 May 2024 19:52:40:   Permuting genes with 1 sgRNAs... 
INFO  @ Tue, 28 May 2024 19:52:40:   Permuting genes with 2 sgRNAs... 
INFO  @ Tue, 28 May 2024 19:52:40:   Permuting genes with 3 sgRNAs... 
INFO  @ Tue, 28 May 2024 19:52:40:   Permuting genes with 4 sgRNAs... 
INFO  @ Tue, 28 May 2024 19:52:40:   Permuting genes with 5 sgRNAs... 
INFO  @ Tue, 28 May 2024 19:52:40:   Number of genes under FDR adjustment: 201 
INFO  @ Tue, 28 May 2024 19:52:40:   Saving to output file... 
INFO  @ Tue, 28 May 2024 19:52:40:   RRA completed. 
INFO  @ Tue, 28 May 2024 19:52:40:   Groups deletion complete. 
INFO  @ Tue, 28 May 2024 19:52:40:   Lists deletion complete. 
INFO  @ Tue, 28 May 2024 19:52:40:    
INFO  @ Tue, 28 May 2024 19:52:40: End command message. 
INFO  @ Tue, 28 May 2024 19:52:40: Running command: RRA -i Q2_presort.phigh.txt -o Q2_presort.gene.high.txt -p 0.08853118712273642 --skip-gene NA --skip-gene na  
INFO  @ Tue, 28 May 2024 19:52:40: Command message: 
INFO  @ Tue, 28 May 2024 19:52:40:   Welcome to RRA v 0.5.9. 
INFO  @ Tue, 28 May 2024 19:52:40:   Skipping gene NA for permutation ... 
INFO  @ Tue, 28 May 2024 19:52:40:   Skipping gene na for permutation ... 
INFO  @ Tue, 28 May 2024 19:52:40:   Reading input file... 
INFO  @ Tue, 28 May 2024 19:52:40:   Summary: 497 sgRNAs, 201 genes, 1 lists; skipped sgRNAs:0 
INFO  @ Tue, 28 May 2024 19:52:40:   Computing lo-values for each group... 
INFO  @ Tue, 28 May 2024 19:52:40:   Computing false discovery rate... 
INFO  @ Tue, 28 May 2024 19:52:40:   Increase the number of permutations to 498 to get precise p values. To avoid this, use the --permutation option. 
INFO  @ Tue, 28 May 2024 19:52:40:   Permuting genes with 1 sgRNAs... 
INFO  @ Tue, 28 May 2024 19:52:40:   Permuting genes with 2 sgRNAs... 
INFO  @ Tue, 28 May 2024 19:52:40:   Permuting genes with 3 sgRNAs... 
INFO  @ Tue, 28 May 2024 19:52:40:   Permuting genes with 4 sgRNAs... 
INFO  @ Tue, 28 May 2024 19:52:40:   Permuting genes with 5 sgRNAs... 
INFO  @ Tue, 28 May 2024 19:52:40:   Number of genes under FDR adjustment: 201 
INFO  @ Tue, 28 May 2024 19:52:40:   Saving to output file... 
INFO  @ Tue, 28 May 2024 19:52:40:   RRA completed. 
INFO  @ Tue, 28 May 2024 19:52:40:   Groups deletion complete. 
INFO  @ Tue, 28 May 2024 19:52:40:   Lists deletion complete. 
INFO  @ Tue, 28 May 2024 19:52:40:    
INFO  @ Tue, 28 May 2024 19:52:40: End command message. 
DEBUG @ Tue, 28 May 2024 19:52:40: Sorting the merged items by negative selection... 
INFO  @ Tue, 28 May 2024 19:52:40: Loading top 10 genes from Q2_presort.gene.low.txt: p.A184G,p.I416F,p.S45F,V369V,p.G333C,S45S,G378G,non-target-2,p.R71L,non-target-8 
DEBUG @ Tue, 28 May 2024 19:52:40: Column index:3 
INFO  @ Tue, 28 May 2024 19:52:40: Loading top 10 genes from Q2_presort.gene.high.txt: safe-target-15,safe-target-10,p.Arg34Gly,safe-target-30,p.V369L,safe-target-26,p.G364C,V369V,G186G,G364G 
DEBUG @ Tue, 28 May 2024 19:52:40: Column index:9 
INFO  @ Tue, 28 May 2024 19:52:40: Running command: rm Q2_presort.plow.txt 
INFO  @ Tue, 28 May 2024 19:52:41: Running command: rm Q2_presort.phigh.txt 
INFO  @ Tue, 28 May 2024 19:52:41: Running command: rm Q2_presort.gene.low.txt 
INFO  @ Tue, 28 May 2024 19:52:41: Running command: rm Q2_presort.gene.high.txt 
