INFO  @ Tue, 28 May 2024 19:53:05: Parameters: /Users/samgould/opt/anaconda3/envs/mageckenv/bin/mageck test -k /Users/samgould/Documents/GitHub/KEAP1-pegRNA-sensor-targeted-library/mageck_counts.txt -t REP1_Q3,REP2_Q3,REP3_Q3 -c REP1_PreSort,REP2_PreSort,REP3_PreSort --normcounts-to-file -n Q3_presort 
INFO  @ Tue, 28 May 2024 19:53:05: Welcome to MAGeCK v0.5.9.5. Command: test 
INFO  @ Tue, 28 May 2024 19:53:05: Loading count table from /Users/samgould/Documents/GitHub/KEAP1-pegRNA-sensor-targeted-library/mageck_counts.txt  
INFO  @ Tue, 28 May 2024 19:53:05: Processing 1 lines.. 
DEBUG @ Tue, 28 May 2024 19:53:05: Parsing error in line 1 (usually the header line). Skip this line. 
INFO  @ Tue, 28 May 2024 19:53:05: Loaded 500 records. 
INFO  @ Tue, 28 May 2024 19:53:05: Loading Rnw template file: /Users/samgould/opt/anaconda3/envs/mageckenv/lib/python3.10/site-packages/mageck/test_report.Rmd. 
DEBUG @ Tue, 28 May 2024 19:53:05: Setting up the visualization module... 
INFO  @ Tue, 28 May 2024 19:53:05: Loading R template file: /Users/samgould/opt/anaconda3/envs/mageckenv/lib/python3.10/site-packages/mageck/plot_template.RTemplate. 
INFO  @ Tue, 28 May 2024 19:53:05: Loading R template file: /Users/samgould/opt/anaconda3/envs/mageckenv/lib/python3.10/site-packages/mageck/plot_template_indvgene.RTemplate. 
INFO  @ Tue, 28 May 2024 19:53:05: Loading Rnw template file: /Users/samgould/opt/anaconda3/envs/mageckenv/lib/python3.10/site-packages/mageck/plot_template.Rnw. 
DEBUG @ Tue, 28 May 2024 19:53:05: Setting up the visualization module... 
DEBUG @ Tue, 28 May 2024 19:53:05: Given sample labels: REP1_Q3,REP2_Q3,REP3_Q3 
DEBUG @ Tue, 28 May 2024 19:53:05: Converted index: 2 6 10 
INFO  @ Tue, 28 May 2024 19:53:05: Treatment samples:REP1_Q3,REP2_Q3,REP3_Q3 
INFO  @ Tue, 28 May 2024 19:53:05: Treatment sample index:2,6,10 
DEBUG @ Tue, 28 May 2024 19:53:05: Given sample labels: REP1_PreSort,REP2_PreSort,REP3_PreSort 
DEBUG @ Tue, 28 May 2024 19:53:05: Converted index: 12 13 14 
INFO  @ Tue, 28 May 2024 19:53:05: Control samples:REP1_PreSort,REP2_PreSort,REP3_PreSort 
INFO  @ Tue, 28 May 2024 19:53:05: Control sample index:12,13,14 
DEBUG @ Tue, 28 May 2024 19:53:05: Initial (total) size factor: 0.9677247680168626 0.8058073983668962 1.078737814223806 1.6670223510033304 0.9258168014369562 0.89393592603577 
DEBUG @ Tue, 28 May 2024 19:53:05: Median factor: 1.013022467134693 0.9667350026477708 1.0607875077333344 1.4038893359268787 0.881912953266305 0.8437464781454784 
INFO  @ Tue, 28 May 2024 19:53:05: Final size factor: 1.013022467134693 0.9667350026477708 1.0607875077333344 1.4038893359268787 0.881912953266305 0.8437464781454784 
INFO  @ Tue, 28 May 2024 19:53:05: Writing normalized read counts to Q3_presort.normalized.txt 
INFO  @ Tue, 28 May 2024 19:53:05: Detecting outliers from variance estimation.. Avg read count:[104.67963869023674], Var: [1510686.5246630777] 
INFO  @ Tue, 28 May 2024 19:53:05: Skipping 7 sgRNAs from variance calculation because of their extreme high counts (> 4* STD (mean counts) ). 
DEBUG @ Tue, 28 May 2024 19:53:05: Adjusted model: 1.9289151055313531	0 
INFO  @ Tue, 28 May 2024 19:53:05: Before RRA, 3 sgRNAs are removed with zero counts in both group(s). 
INFO  @ Tue, 28 May 2024 19:53:05: Use qnorm to reversely calculate sgRNA scores ... 
DEBUG @ Tue, 28 May 2024 19:53:05: lower test FDR cutoff: 0.060362173038229376 
DEBUG @ Tue, 28 May 2024 19:53:05: higher test FDR cutoff: 0.0482897384305835 
INFO  @ Tue, 28 May 2024 19:53:05: Running command: RRA -i Q3_presort.plow.txt -o Q3_presort.gene.low.txt -p 0.060362173038229376 --skip-gene NA --skip-gene na  
INFO  @ Tue, 28 May 2024 19:53:05: Command message: 
INFO  @ Tue, 28 May 2024 19:53:05:   Welcome to RRA v 0.5.9. 
INFO  @ Tue, 28 May 2024 19:53:05:   Skipping gene NA for permutation ... 
INFO  @ Tue, 28 May 2024 19:53:05:   Skipping gene na for permutation ... 
INFO  @ Tue, 28 May 2024 19:53:05:   Reading input file... 
INFO  @ Tue, 28 May 2024 19:53:05:   Summary: 497 sgRNAs, 201 genes, 1 lists; skipped sgRNAs:0 
INFO  @ Tue, 28 May 2024 19:53:05:   Computing lo-values for each group... 
INFO  @ Tue, 28 May 2024 19:53:05:   Computing false discovery rate... 
INFO  @ Tue, 28 May 2024 19:53:05:   Increase the number of permutations to 498 to get precise p values. To avoid this, use the --permutation option. 
INFO  @ Tue, 28 May 2024 19:53:05:   Permuting genes with 1 sgRNAs... 
INFO  @ Tue, 28 May 2024 19:53:05:   Permuting genes with 2 sgRNAs... 
INFO  @ Tue, 28 May 2024 19:53:05:   Permuting genes with 3 sgRNAs... 
INFO  @ Tue, 28 May 2024 19:53:05:   Permuting genes with 4 sgRNAs... 
INFO  @ Tue, 28 May 2024 19:53:05:   Permuting genes with 5 sgRNAs... 
INFO  @ Tue, 28 May 2024 19:53:05:   Number of genes under FDR adjustment: 201 
INFO  @ Tue, 28 May 2024 19:53:05:   Saving to output file... 
INFO  @ Tue, 28 May 2024 19:53:05:   RRA completed. 
INFO  @ Tue, 28 May 2024 19:53:05:   Groups deletion complete. 
INFO  @ Tue, 28 May 2024 19:53:05:   Lists deletion complete. 
INFO  @ Tue, 28 May 2024 19:53:05:    
INFO  @ Tue, 28 May 2024 19:53:05: End command message. 
INFO  @ Tue, 28 May 2024 19:53:05: Running command: RRA -i Q3_presort.phigh.txt -o Q3_presort.gene.high.txt -p 0.0482897384305835 --skip-gene NA --skip-gene na  
INFO  @ Tue, 28 May 2024 19:53:05: Command message: 
INFO  @ Tue, 28 May 2024 19:53:05:   Welcome to RRA v 0.5.9. 
INFO  @ Tue, 28 May 2024 19:53:05:   Skipping gene NA for permutation ... 
INFO  @ Tue, 28 May 2024 19:53:05:   Skipping gene na for permutation ... 
INFO  @ Tue, 28 May 2024 19:53:05:   Reading input file... 
INFO  @ Tue, 28 May 2024 19:53:05:   Summary: 497 sgRNAs, 201 genes, 1 lists; skipped sgRNAs:0 
INFO  @ Tue, 28 May 2024 19:53:05:   Computing lo-values for each group... 
INFO  @ Tue, 28 May 2024 19:53:05:   Computing false discovery rate... 
INFO  @ Tue, 28 May 2024 19:53:05:   Increase the number of permutations to 498 to get precise p values. To avoid this, use the --permutation option. 
INFO  @ Tue, 28 May 2024 19:53:05:   Permuting genes with 1 sgRNAs... 
INFO  @ Tue, 28 May 2024 19:53:05:   Permuting genes with 2 sgRNAs... 
INFO  @ Tue, 28 May 2024 19:53:05:   Permuting genes with 3 sgRNAs... 
INFO  @ Tue, 28 May 2024 19:53:05:   Permuting genes with 4 sgRNAs... 
INFO  @ Tue, 28 May 2024 19:53:05:   Permuting genes with 5 sgRNAs... 
INFO  @ Tue, 28 May 2024 19:53:05:   Number of genes under FDR adjustment: 201 
INFO  @ Tue, 28 May 2024 19:53:05:   Saving to output file... 
INFO  @ Tue, 28 May 2024 19:53:05:   RRA completed. 
INFO  @ Tue, 28 May 2024 19:53:05:   Groups deletion complete. 
INFO  @ Tue, 28 May 2024 19:53:05:   Lists deletion complete. 
INFO  @ Tue, 28 May 2024 19:53:05:    
INFO  @ Tue, 28 May 2024 19:53:05: End command message. 
DEBUG @ Tue, 28 May 2024 19:53:05: Sorting the merged items by negative selection... 
INFO  @ Tue, 28 May 2024 19:53:05: Loading top 10 genes from Q3_presort.gene.low.txt: p.V369L,G378G,V369V,P361P,safe-target-9,safe-target-29,p.G364C,G332G,H274H,non-target-24 
DEBUG @ Tue, 28 May 2024 19:53:05: Column index:3 
INFO  @ Tue, 28 May 2024 19:53:05: Loading top 10 genes from Q3_presort.gene.high.txt: safe-target-15,p.H210P,safe-target-10,safe-target-26,p.G378C,p.R362Q,p.C171F,p.R320Q,R272R,p.V568F 
DEBUG @ Tue, 28 May 2024 19:53:05: Column index:9 
INFO  @ Tue, 28 May 2024 19:53:05: Running command: rm Q3_presort.plow.txt 
INFO  @ Tue, 28 May 2024 19:53:05: Running command: rm Q3_presort.phigh.txt 
INFO  @ Tue, 28 May 2024 19:53:05: Running command: rm Q3_presort.gene.low.txt 
INFO  @ Tue, 28 May 2024 19:53:05: Running command: rm Q3_presort.gene.high.txt 
