INFO  @ Wed, 29 May 2024 11:29:40: Parameters: /Users/samgould/opt/anaconda3/envs/mageckenv/bin/mageck test -k /Users/samgould/Documents/GitHub/KEAP1-pegRNA-sensor-targeted-library/mageck_counts.txt -t REP1_Q3,REP2_Q3,REP3_Q3 -c REP1_PreSort,REP2_PreSort,REP3_PreSort --paired --normcounts-to-file --control-sgrna /Users/samgould/Documents/GitHub/KEAP1-pegRNA-sensor-targeted-library/non_targeting_guides.txt -n Q3_presort_PAIRED_controls 
INFO  @ Wed, 29 May 2024 11:29:40: Welcome to MAGeCK v0.5.9.5. Command: test 
INFO  @ Wed, 29 May 2024 11:29:40: Loading count table from /Users/samgould/Documents/GitHub/KEAP1-pegRNA-sensor-targeted-library/mageck_counts.txt  
INFO  @ Wed, 29 May 2024 11:29:40: Processing 1 lines.. 
DEBUG @ Wed, 29 May 2024 11:29:40: Parsing error in line 1 (usually the header line). Skip this line. 
INFO  @ Wed, 29 May 2024 11:29:40: Loaded 500 records. 
INFO  @ Wed, 29 May 2024 11:29:40: 41 out of 41 control sgRNAs are found in count table. 
INFO  @ Wed, 29 May 2024 11:29:40: Loading Rnw template file: /Users/samgould/opt/anaconda3/envs/mageckenv/lib/python3.10/site-packages/mageck/test_report.Rmd. 
DEBUG @ Wed, 29 May 2024 11:29:40: Setting up the visualization module... 
INFO  @ Wed, 29 May 2024 11:29:40: Loading R template file: /Users/samgould/opt/anaconda3/envs/mageckenv/lib/python3.10/site-packages/mageck/plot_template.RTemplate. 
INFO  @ Wed, 29 May 2024 11:29:40: Loading R template file: /Users/samgould/opt/anaconda3/envs/mageckenv/lib/python3.10/site-packages/mageck/plot_template_indvgene.RTemplate. 
INFO  @ Wed, 29 May 2024 11:29:40: Loading Rnw template file: /Users/samgould/opt/anaconda3/envs/mageckenv/lib/python3.10/site-packages/mageck/plot_template.Rnw. 
DEBUG @ Wed, 29 May 2024 11:29:40: Setting up the visualization module... 
DEBUG @ Wed, 29 May 2024 11:29:40: Given sample labels: REP1_Q3,REP2_Q3,REP3_Q3 
DEBUG @ Wed, 29 May 2024 11:29:40: Converted index: 2 6 10 
INFO  @ Wed, 29 May 2024 11:29:40: Treatment samples:REP1_Q3,REP2_Q3,REP3_Q3 
INFO  @ Wed, 29 May 2024 11:29:40: Treatment sample index:2,6,10 
DEBUG @ Wed, 29 May 2024 11:29:40: Given sample labels: REP1_PreSort,REP2_PreSort,REP3_PreSort 
DEBUG @ Wed, 29 May 2024 11:29:40: Converted index: 12 13 14 
INFO  @ Wed, 29 May 2024 11:29:40: Control samples:REP1_PreSort,REP2_PreSort,REP3_PreSort 
INFO  @ Wed, 29 May 2024 11:29:40: Control sample index:12,13,14 
DEBUG @ Wed, 29 May 2024 11:29:40: Initial (total) size factor: 0.9677247680168626 0.8058073983668962 1.078737814223806 1.6670223510033304 0.9258168014369562 0.89393592603577 
DEBUG @ Wed, 29 May 2024 11:29:40: Median factor: 1.013022467134693 0.9667350026477708 1.0607875077333344 1.4038893359268787 0.881912953266305 0.8437464781454784 
INFO  @ Wed, 29 May 2024 11:29:40: Final size factor: 1.013022467134693 0.9667350026477708 1.0607875077333344 1.4038893359268787 0.881912953266305 0.8437464781454784 
INFO  @ Wed, 29 May 2024 11:29:40: Writing normalized read counts to Q3_presort_PAIRED_controls.normalized.txt 
INFO  @ Wed, 29 May 2024 11:29:40: The updated negative control ID file is:Q3_presort_PAIRED_controls.negctrl_ids.txt 
INFO  @ Wed, 29 May 2024 11:29:40: Detecting outliers from variance estimation.. Avg read count:[110.30561538576532], Var: [1310791.8305999285] 
INFO  @ Wed, 29 May 2024 11:29:40: Skipping 23 sgRNAs from variance calculation because of their extreme high counts (> 4* STD (mean counts) ). 
DEBUG @ Wed, 29 May 2024 11:29:40: Adjusted model: 1.9339635305572842	0 
INFO  @ Wed, 29 May 2024 11:29:40: Before RRA, 10 sgRNAs are removed with zero counts in both group(s). 
INFO  @ Wed, 29 May 2024 11:29:40: Use qnorm to reversely calculate sgRNA scores ... 
DEBUG @ Wed, 29 May 2024 11:29:40: lower test FDR cutoff: 0.12550335570469798 
DEBUG @ Wed, 29 May 2024 11:29:40: higher test FDR cutoff: 0.09798657718120805 
INFO  @ Wed, 29 May 2024 11:29:40: Running command: RRA -i Q3_presort_PAIRED_controls.plow.txt -o Q3_presort_PAIRED_controls.gene.low.txt -p 0.12550335570469798 --control Q3_presort_PAIRED_controls.negctrl_ids.txt --skip-gene NA --skip-gene na  
INFO  @ Wed, 29 May 2024 11:29:41: Command message: 
INFO  @ Wed, 29 May 2024 11:29:41:   Welcome to RRA v 0.5.9. 
INFO  @ Wed, 29 May 2024 11:29:41:   124 control sequences loaded. 
INFO  @ Wed, 29 May 2024 11:29:41:   Skipping gene NA for permutation ... 
INFO  @ Wed, 29 May 2024 11:29:41:   Skipping gene na for permutation ... 
INFO  @ Wed, 29 May 2024 11:29:41:   Reading input file... 
INFO  @ Wed, 29 May 2024 11:29:41:   Summary: 1490 sgRNAs, 202 genes, 1 lists; skipped sgRNAs:0 
INFO  @ Wed, 29 May 2024 11:29:41:   Computing lo-values for each group... 
INFO  @ Wed, 29 May 2024 11:29:41:   Skipping gene non-target-19 for permutation ... 
INFO  @ Wed, 29 May 2024 11:29:41:   Skipping gene non-target-5 for permutation ... 
INFO  @ Wed, 29 May 2024 11:29:41:   Skipping gene non-target-25 for permutation ... 
INFO  @ Wed, 29 May 2024 11:29:41:   Skipping gene non-target-24 for permutation ... 
INFO  @ Wed, 29 May 2024 11:29:41:   Skipping gene non-target-20 for permutation ... 
INFO  @ Wed, 29 May 2024 11:29:41:   Skipping gene non-target-1 for permutation ... 
INFO  @ Wed, 29 May 2024 11:29:41:   Skipping gene non-target-10 for permutation ... 
INFO  @ Wed, 29 May 2024 11:29:41:   Skipping gene non-target-8 for permutation ... 
INFO  @ Wed, 29 May 2024 11:29:41:   Skipping gene non-target-37 for permutation ... 
INFO  @ Wed, 29 May 2024 11:29:41:   Skipping gene non-target-31 for permutation ... 
INFO  @ Wed, 29 May 2024 11:29:41:   Skipping gene non-target-21 for permutation ... 
INFO  @ Wed, 29 May 2024 11:29:41:   Skipping gene non-target-16 for permutation ... 
INFO  @ Wed, 29 May 2024 11:29:41:   Skipping gene non-target-36 for permutation ... 
INFO  @ Wed, 29 May 2024 11:29:41:   Skipping gene non-target-40 for permutation ... 
INFO  @ Wed, 29 May 2024 11:29:41:   Skipping gene non-target-32 for permutation ... 
INFO  @ Wed, 29 May 2024 11:29:41:   Skipping gene non-target-23 for permutation ... 
INFO  @ Wed, 29 May 2024 11:29:41:   Skipping gene non-target-13 for permutation ... 
INFO  @ Wed, 29 May 2024 11:29:41:   Skipping gene non-target-41 for permutation ... 
INFO  @ Wed, 29 May 2024 11:29:41:   Skipping gene non-target-12 for permutation ... 
INFO  @ Wed, 29 May 2024 11:29:41:   Skipping gene non-target-34 for permutation ... 
INFO  @ Wed, 29 May 2024 11:29:41:   Skipping gene non-target-9 for permutation ... 
INFO  @ Wed, 29 May 2024 11:29:41:   Skipping gene non-target-35 for permutation ... 
INFO  @ Wed, 29 May 2024 11:29:41:   Skipping gene non-target-22 for permutation ... 
INFO  @ Wed, 29 May 2024 11:29:41:   Skipping gene non-target-2 for permutation ... 
INFO  @ Wed, 29 May 2024 11:29:41:   Skipping gene non-target-28 for permutation ... 
INFO  @ Wed, 29 May 2024 11:29:41:   Skipping gene non-target-7 for permutation ... 
INFO  @ Wed, 29 May 2024 11:29:41:   Skipping gene non-target-27 for permutation ... 
INFO  @ Wed, 29 May 2024 11:29:41:   Skipping gene non-target-30 for permutation ... 
INFO  @ Wed, 29 May 2024 11:29:41:   Skipping gene non-target-17 for permutation ... 
INFO  @ Wed, 29 May 2024 11:29:41:   Skipping gene non-target-6 for permutation ... 
INFO  @ Wed, 29 May 2024 11:29:41:   Skipping gene non-target-29 for permutation ... 
INFO  @ Wed, 29 May 2024 11:29:41:   Skipping gene non-target-14 for permutation ... 
INFO  @ Wed, 29 May 2024 11:29:41:   Skipping gene non-target-3 for permutation ... 
INFO  @ Wed, 29 May 2024 11:29:41:   Skipping gene non-target-15 for permutation ... 
INFO  @ Wed, 29 May 2024 11:29:41:   Skipping gene non-target-18 for permutation ... 
INFO  @ Wed, 29 May 2024 11:29:41:   Skipping gene non-target-26 for permutation ... 
INFO  @ Wed, 29 May 2024 11:29:41:   Skipping gene non-target-39 for permutation ... 
INFO  @ Wed, 29 May 2024 11:29:41:   Skipping gene non-target-38 for permutation ... 
INFO  @ Wed, 29 May 2024 11:29:41:   Skipping gene non-target-33 for permutation ... 
INFO  @ Wed, 29 May 2024 11:29:41:   Skipping gene non-target-11 for permutation ... 
INFO  @ Wed, 29 May 2024 11:29:41:   Skipping gene non-target-4 for permutation ... 
INFO  @ Wed, 29 May 2024 11:29:41:   Warning: sgRNA  not found in the ranked list.  
INFO  @ Wed, 29 May 2024 11:29:41:   Warning: sgRNA pegRNA_462_r0 not found in the ranked list.  
INFO  @ Wed, 29 May 2024 11:29:41:   Warning: sgRNA pegRNA_462_r1 not found in the ranked list.  
INFO  @ Wed, 29 May 2024 11:29:41:   Computing false discovery rate... 
INFO  @ Wed, 29 May 2024 11:29:41:   Increase the number of permutations to 496 to get precise p values. To avoid this, use the --permutation option. 
INFO  @ Wed, 29 May 2024 11:29:41:   Total # control sgRNAs: 121 
INFO  @ Wed, 29 May 2024 11:29:41:   Permuting genes with 2 sgRNAs... 
INFO  @ Wed, 29 May 2024 11:29:41:   Permuting genes with 3 sgRNAs... 
INFO  @ Wed, 29 May 2024 11:29:41:   Permuting genes with 5 sgRNAs... 
INFO  @ Wed, 29 May 2024 11:29:41:   Permuting genes with 6 sgRNAs... 
INFO  @ Wed, 29 May 2024 11:29:41:   Permuting genes with 9 sgRNAs... 
INFO  @ Wed, 29 May 2024 11:29:41:   Permuting genes with 13 sgRNAs... 
INFO  @ Wed, 29 May 2024 11:29:41:   Permuting genes with 14 sgRNAs... 
INFO  @ Wed, 29 May 2024 11:29:41:   Permuting genes with 15 sgRNAs... 
INFO  @ Wed, 29 May 2024 11:29:41:   Number of genes under FDR adjustment: 202 
INFO  @ Wed, 29 May 2024 11:29:41:   Saving to output file... 
INFO  @ Wed, 29 May 2024 11:29:41:   Suppressing the output of gene non-target-24 since it is negative ontrol genes. 
INFO  @ Wed, 29 May 2024 11:29:41:   Suppressing the output of gene non-target-31 since it is negative ontrol genes. 
INFO  @ Wed, 29 May 2024 11:29:41:   Suppressing the output of gene non-target-10 since it is negative ontrol genes. 
INFO  @ Wed, 29 May 2024 11:29:41:   Suppressing the output of gene non-target-32 since it is negative ontrol genes. 
INFO  @ Wed, 29 May 2024 11:29:41:   Suppressing the output of gene non-target-21 since it is negative ontrol genes. 
INFO  @ Wed, 29 May 2024 11:29:41:   Suppressing the output of gene non-target-36 since it is negative ontrol genes. 
INFO  @ Wed, 29 May 2024 11:29:41:   Suppressing the output of gene non-target-16 since it is negative ontrol genes. 
INFO  @ Wed, 29 May 2024 11:29:41:   Suppressing the output of gene non-target-34 since it is negative ontrol genes. 
INFO  @ Wed, 29 May 2024 11:29:41:   Suppressing the output of gene non-target-19 since it is negative ontrol genes. 
INFO  @ Wed, 29 May 2024 11:29:41:   Suppressing the output of gene non-target-8 since it is negative ontrol genes. 
INFO  @ Wed, 29 May 2024 11:29:41:   Suppressing the output of gene non-target-23 since it is negative ontrol genes. 
INFO  @ Wed, 29 May 2024 11:29:41:   Suppressing the output of gene non-target-37 since it is negative ontrol genes. 
INFO  @ Wed, 29 May 2024 11:29:41:   Suppressing the output of gene non-target-22 since it is negative ontrol genes. 
INFO  @ Wed, 29 May 2024 11:29:41:   Suppressing the output of gene non-target-7 since it is negative ontrol genes. 
INFO  @ Wed, 29 May 2024 11:29:41:   Suppressing the output of gene non-target-40 since it is negative ontrol genes. 
INFO  @ Wed, 29 May 2024 11:29:41:   Suppressing the output of gene non-target-5 since it is negative ontrol genes. 
INFO  @ Wed, 29 May 2024 11:29:41:   Suppressing the output of gene non-target-25 since it is negative ontrol genes. 
INFO  @ Wed, 29 May 2024 11:29:41:   Suppressing the output of gene non-target-20 since it is negative ontrol genes. 
INFO  @ Wed, 29 May 2024 11:29:41:   Suppressing the output of gene non-target-1 since it is negative ontrol genes. 
INFO  @ Wed, 29 May 2024 11:29:41:   Suppressing the output of gene non-target-3 since it is negative ontrol genes. 
INFO  @ Wed, 29 May 2024 11:29:41:   Suppressing the output of gene non-target-13 since it is negative ontrol genes. 
INFO  @ Wed, 29 May 2024 11:29:41:   Suppressing the output of gene non-target-41 since it is negative ontrol genes. 
INFO  @ Wed, 29 May 2024 11:29:41:   Suppressing the output of gene non-target-12 since it is negative ontrol genes. 
INFO  @ Wed, 29 May 2024 11:29:41:   Suppressing the output of gene non-target-9 since it is negative ontrol genes. 
INFO  @ Wed, 29 May 2024 11:29:41:   Suppressing the output of gene non-target-35 since it is negative ontrol genes. 
INFO  @ Wed, 29 May 2024 11:29:41:   Suppressing the output of gene non-target-2 since it is negative ontrol genes. 
INFO  @ Wed, 29 May 2024 11:29:41:   Suppressing the output of gene non-target-28 since it is negative ontrol genes. 
INFO  @ Wed, 29 May 2024 11:29:41:   Suppressing the output of gene non-target-27 since it is negative ontrol genes. 
INFO  @ Wed, 29 May 2024 11:29:41:   Suppressing the output of gene non-target-30 since it is negative ontrol genes. 
INFO  @ Wed, 29 May 2024 11:29:41:   Suppressing the output of gene non-target-17 since it is negative ontrol genes. 
INFO  @ Wed, 29 May 2024 11:29:41:   Suppressing the output of gene non-target-6 since it is negative ontrol genes. 
INFO  @ Wed, 29 May 2024 11:29:41:   Suppressing the output of gene non-target-29 since it is negative ontrol genes. 
INFO  @ Wed, 29 May 2024 11:29:41:   Suppressing the output of gene non-target-14 since it is negative ontrol genes. 
INFO  @ Wed, 29 May 2024 11:29:41:   Suppressing the output of gene non-target-15 since it is negative ontrol genes. 
INFO  @ Wed, 29 May 2024 11:29:41:   Suppressing the output of gene non-target-18 since it is negative ontrol genes. 
INFO  @ Wed, 29 May 2024 11:29:41:   Suppressing the output of gene non-target-26 since it is negative ontrol genes. 
INFO  @ Wed, 29 May 2024 11:29:41:   Suppressing the output of gene non-target-39 since it is negative ontrol genes. 
INFO  @ Wed, 29 May 2024 11:29:41:   Suppressing the output of gene non-target-38 since it is negative ontrol genes. 
INFO  @ Wed, 29 May 2024 11:29:41:   Suppressing the output of gene non-target-33 since it is negative ontrol genes. 
INFO  @ Wed, 29 May 2024 11:29:41:   Suppressing the output of gene non-target-11 since it is negative ontrol genes. 
INFO  @ Wed, 29 May 2024 11:29:41:   Suppressing the output of gene non-target-4 since it is negative ontrol genes. 
INFO  @ Wed, 29 May 2024 11:29:41:   RRA completed. 
INFO  @ Wed, 29 May 2024 11:29:41:   Groups deletion complete. 
INFO  @ Wed, 29 May 2024 11:29:41:   Lists deletion complete. 
INFO  @ Wed, 29 May 2024 11:29:41:   ControlSeqPercentile deletion complete. 
INFO  @ Wed, 29 May 2024 11:29:41:    
INFO  @ Wed, 29 May 2024 11:29:41: End command message. 
INFO  @ Wed, 29 May 2024 11:29:41: Running command: RRA -i Q3_presort_PAIRED_controls.phigh.txt -o Q3_presort_PAIRED_controls.gene.high.txt -p 0.09798657718120805 --control Q3_presort_PAIRED_controls.negctrl_ids.txt --skip-gene NA --skip-gene na  
INFO  @ Wed, 29 May 2024 11:29:41: Command message: 
INFO  @ Wed, 29 May 2024 11:29:41:   Welcome to RRA v 0.5.9. 
INFO  @ Wed, 29 May 2024 11:29:41:   124 control sequences loaded. 
INFO  @ Wed, 29 May 2024 11:29:41:   Skipping gene NA for permutation ... 
INFO  @ Wed, 29 May 2024 11:29:41:   Skipping gene na for permutation ... 
INFO  @ Wed, 29 May 2024 11:29:41:   Reading input file... 
INFO  @ Wed, 29 May 2024 11:29:41:   Summary: 1490 sgRNAs, 202 genes, 1 lists; skipped sgRNAs:0 
INFO  @ Wed, 29 May 2024 11:29:41:   Computing lo-values for each group... 
INFO  @ Wed, 29 May 2024 11:29:41:   Skipping gene non-target-2 for permutation ... 
INFO  @ Wed, 29 May 2024 11:29:41:   Skipping gene non-target-5 for permutation ... 
INFO  @ Wed, 29 May 2024 11:29:41:   Skipping gene non-target-4 for permutation ... 
INFO  @ Wed, 29 May 2024 11:29:41:   Skipping gene non-target-17 for permutation ... 
INFO  @ Wed, 29 May 2024 11:29:41:   Skipping gene non-target-38 for permutation ... 
INFO  @ Wed, 29 May 2024 11:29:41:   Skipping gene non-target-6 for permutation ... 
INFO  @ Wed, 29 May 2024 11:29:41:   Skipping gene non-target-33 for permutation ... 
INFO  @ Wed, 29 May 2024 11:29:41:   Skipping gene non-target-11 for permutation ... 
INFO  @ Wed, 29 May 2024 11:29:41:   Skipping gene non-target-35 for permutation ... 
INFO  @ Wed, 29 May 2024 11:29:41:   Skipping gene non-target-12 for permutation ... 
INFO  @ Wed, 29 May 2024 11:29:41:   Skipping gene non-target-28 for permutation ... 
INFO  @ Wed, 29 May 2024 11:29:41:   Skipping gene non-target-7 for permutation ... 
INFO  @ Wed, 29 May 2024 11:29:41:   Skipping gene non-target-30 for permutation ... 
INFO  @ Wed, 29 May 2024 11:29:41:   Skipping gene non-target-27 for permutation ... 
INFO  @ Wed, 29 May 2024 11:29:41:   Skipping gene non-target-18 for permutation ... 
INFO  @ Wed, 29 May 2024 11:29:41:   Skipping gene non-target-41 for permutation ... 
INFO  @ Wed, 29 May 2024 11:29:41:   Skipping gene non-target-26 for permutation ... 
INFO  @ Wed, 29 May 2024 11:29:41:   Skipping gene non-target-34 for permutation ... 
INFO  @ Wed, 29 May 2024 11:29:41:   Skipping gene non-target-15 for permutation ... 
INFO  @ Wed, 29 May 2024 11:29:41:   Skipping gene non-target-8 for permutation ... 
INFO  @ Wed, 29 May 2024 11:29:41:   Skipping gene non-target-13 for permutation ... 
INFO  @ Wed, 29 May 2024 11:29:41:   Skipping gene non-target-25 for permutation ... 
INFO  @ Wed, 29 May 2024 11:29:41:   Skipping gene non-target-14 for permutation ... 
INFO  @ Wed, 29 May 2024 11:29:41:   Skipping gene non-target-39 for permutation ... 
INFO  @ Wed, 29 May 2024 11:29:41:   Skipping gene non-target-36 for permutation ... 
INFO  @ Wed, 29 May 2024 11:29:41:   Skipping gene non-target-37 for permutation ... 
INFO  @ Wed, 29 May 2024 11:29:41:   Skipping gene non-target-10 for permutation ... 
INFO  @ Wed, 29 May 2024 11:29:41:   Skipping gene non-target-9 for permutation ... 
INFO  @ Wed, 29 May 2024 11:29:41:   Skipping gene non-target-1 for permutation ... 
INFO  @ Wed, 29 May 2024 11:29:41:   Skipping gene non-target-22 for permutation ... 
INFO  @ Wed, 29 May 2024 11:29:41:   Skipping gene non-target-40 for permutation ... 
INFO  @ Wed, 29 May 2024 11:29:41:   Skipping gene non-target-19 for permutation ... 
INFO  @ Wed, 29 May 2024 11:29:41:   Skipping gene non-target-20 for permutation ... 
INFO  @ Wed, 29 May 2024 11:29:41:   Skipping gene non-target-29 for permutation ... 
INFO  @ Wed, 29 May 2024 11:29:41:   Skipping gene non-target-32 for permutation ... 
INFO  @ Wed, 29 May 2024 11:29:41:   Skipping gene non-target-23 for permutation ... 
INFO  @ Wed, 29 May 2024 11:29:41:   Skipping gene non-target-31 for permutation ... 
INFO  @ Wed, 29 May 2024 11:29:41:   Skipping gene non-target-16 for permutation ... 
INFO  @ Wed, 29 May 2024 11:29:41:   Skipping gene non-target-3 for permutation ... 
INFO  @ Wed, 29 May 2024 11:29:41:   Skipping gene non-target-21 for permutation ... 
INFO  @ Wed, 29 May 2024 11:29:41:   Skipping gene non-target-24 for permutation ... 
INFO  @ Wed, 29 May 2024 11:29:41:   Warning: sgRNA  not found in the ranked list.  
INFO  @ Wed, 29 May 2024 11:29:41:   Warning: sgRNA pegRNA_462_r0 not found in the ranked list.  
INFO  @ Wed, 29 May 2024 11:29:41:   Warning: sgRNA pegRNA_462_r1 not found in the ranked list.  
INFO  @ Wed, 29 May 2024 11:29:41:   Computing false discovery rate... 
INFO  @ Wed, 29 May 2024 11:29:41:   Increase the number of permutations to 496 to get precise p values. To avoid this, use the --permutation option. 
INFO  @ Wed, 29 May 2024 11:29:41:   Total # control sgRNAs: 121 
INFO  @ Wed, 29 May 2024 11:29:41:   Permuting genes with 2 sgRNAs... 
INFO  @ Wed, 29 May 2024 11:29:41:   Permuting genes with 3 sgRNAs... 
INFO  @ Wed, 29 May 2024 11:29:41:   Permuting genes with 5 sgRNAs... 
INFO  @ Wed, 29 May 2024 11:29:41:   Permuting genes with 6 sgRNAs... 
INFO  @ Wed, 29 May 2024 11:29:41:   Permuting genes with 9 sgRNAs... 
INFO  @ Wed, 29 May 2024 11:29:41:   Permuting genes with 13 sgRNAs... 
INFO  @ Wed, 29 May 2024 11:29:41:   Permuting genes with 14 sgRNAs... 
INFO  @ Wed, 29 May 2024 11:29:41:   Permuting genes with 15 sgRNAs... 
INFO  @ Wed, 29 May 2024 11:29:41:   Number of genes under FDR adjustment: 202 
INFO  @ Wed, 29 May 2024 11:29:41:   Saving to output file... 
INFO  @ Wed, 29 May 2024 11:29:41:   Suppressing the output of gene non-target-2 since it is negative ontrol genes. 
INFO  @ Wed, 29 May 2024 11:29:41:   Suppressing the output of gene non-target-5 since it is negative ontrol genes. 
INFO  @ Wed, 29 May 2024 11:29:41:   Suppressing the output of gene non-target-4 since it is negative ontrol genes. 
INFO  @ Wed, 29 May 2024 11:29:41:   Suppressing the output of gene non-target-17 since it is negative ontrol genes. 
INFO  @ Wed, 29 May 2024 11:29:41:   Suppressing the output of gene non-target-38 since it is negative ontrol genes. 
INFO  @ Wed, 29 May 2024 11:29:41:   Suppressing the output of gene non-target-6 since it is negative ontrol genes. 
INFO  @ Wed, 29 May 2024 11:29:41:   Suppressing the output of gene non-target-33 since it is negative ontrol genes. 
INFO  @ Wed, 29 May 2024 11:29:41:   Suppressing the output of gene non-target-11 since it is negative ontrol genes. 
INFO  @ Wed, 29 May 2024 11:29:41:   Suppressing the output of gene non-target-3 since it is negative ontrol genes. 
INFO  @ Wed, 29 May 2024 11:29:41:   Suppressing the output of gene non-target-35 since it is negative ontrol genes. 
INFO  @ Wed, 29 May 2024 11:29:41:   Suppressing the output of gene non-target-12 since it is negative ontrol genes. 
INFO  @ Wed, 29 May 2024 11:29:41:   Suppressing the output of gene non-target-28 since it is negative ontrol genes. 
INFO  @ Wed, 29 May 2024 11:29:41:   Suppressing the output of gene non-target-7 since it is negative ontrol genes. 
INFO  @ Wed, 29 May 2024 11:29:41:   Suppressing the output of gene non-target-30 since it is negative ontrol genes. 
INFO  @ Wed, 29 May 2024 11:29:41:   Suppressing the output of gene non-target-27 since it is negative ontrol genes. 
INFO  @ Wed, 29 May 2024 11:29:41:   Suppressing the output of gene non-target-18 since it is negative ontrol genes. 
INFO  @ Wed, 29 May 2024 11:29:41:   Suppressing the output of gene non-target-41 since it is negative ontrol genes. 
INFO  @ Wed, 29 May 2024 11:29:41:   Suppressing the output of gene non-target-26 since it is negative ontrol genes. 
INFO  @ Wed, 29 May 2024 11:29:41:   Suppressing the output of gene non-target-34 since it is negative ontrol genes. 
INFO  @ Wed, 29 May 2024 11:29:41:   Suppressing the output of gene non-target-15 since it is negative ontrol genes. 
INFO  @ Wed, 29 May 2024 11:29:41:   Suppressing the output of gene non-target-8 since it is negative ontrol genes. 
INFO  @ Wed, 29 May 2024 11:29:41:   Suppressing the output of gene non-target-13 since it is negative ontrol genes. 
INFO  @ Wed, 29 May 2024 11:29:41:   Suppressing the output of gene non-target-25 since it is negative ontrol genes. 
INFO  @ Wed, 29 May 2024 11:29:41:   Suppressing the output of gene non-target-14 since it is negative ontrol genes. 
INFO  @ Wed, 29 May 2024 11:29:41:   Suppressing the output of gene non-target-39 since it is negative ontrol genes. 
INFO  @ Wed, 29 May 2024 11:29:41:   Suppressing the output of gene non-target-36 since it is negative ontrol genes. 
INFO  @ Wed, 29 May 2024 11:29:41:   Suppressing the output of gene non-target-37 since it is negative ontrol genes. 
INFO  @ Wed, 29 May 2024 11:29:41:   Suppressing the output of gene non-target-10 since it is negative ontrol genes. 
INFO  @ Wed, 29 May 2024 11:29:41:   Suppressing the output of gene non-target-9 since it is negative ontrol genes. 
INFO  @ Wed, 29 May 2024 11:29:41:   Suppressing the output of gene non-target-1 since it is negative ontrol genes. 
INFO  @ Wed, 29 May 2024 11:29:41:   Suppressing the output of gene non-target-22 since it is negative ontrol genes. 
INFO  @ Wed, 29 May 2024 11:29:41:   Suppressing the output of gene non-target-40 since it is negative ontrol genes. 
INFO  @ Wed, 29 May 2024 11:29:41:   Suppressing the output of gene non-target-19 since it is negative ontrol genes. 
INFO  @ Wed, 29 May 2024 11:29:41:   Suppressing the output of gene non-target-20 since it is negative ontrol genes. 
INFO  @ Wed, 29 May 2024 11:29:41:   Suppressing the output of gene non-target-29 since it is negative ontrol genes. 
INFO  @ Wed, 29 May 2024 11:29:41:   Suppressing the output of gene non-target-32 since it is negative ontrol genes. 
INFO  @ Wed, 29 May 2024 11:29:41:   Suppressing the output of gene non-target-23 since it is negative ontrol genes. 
INFO  @ Wed, 29 May 2024 11:29:41:   Suppressing the output of gene non-target-31 since it is negative ontrol genes. 
INFO  @ Wed, 29 May 2024 11:29:41:   Suppressing the output of gene non-target-16 since it is negative ontrol genes. 
INFO  @ Wed, 29 May 2024 11:29:41:   Suppressing the output of gene non-target-21 since it is negative ontrol genes. 
INFO  @ Wed, 29 May 2024 11:29:41:   Suppressing the output of gene non-target-24 since it is negative ontrol genes. 
INFO  @ Wed, 29 May 2024 11:29:41:   RRA completed. 
INFO  @ Wed, 29 May 2024 11:29:41:   Groups deletion complete. 
INFO  @ Wed, 29 May 2024 11:29:41:   Lists deletion complete. 
INFO  @ Wed, 29 May 2024 11:29:41:   ControlSeqPercentile deletion complete. 
INFO  @ Wed, 29 May 2024 11:29:41:    
INFO  @ Wed, 29 May 2024 11:29:41: End command message. 
DEBUG @ Wed, 29 May 2024 11:29:41: Sorting the merged items by negative selection... 
INFO  @ Wed, 29 May 2024 11:29:41: Loading top 10 genes from Q3_presort_PAIRED_controls.gene.low.txt: p.V369L,G378G,V369V,p.I416F,safe-target-30,safe-target-29,p.G364C,p.G603V,safe-target-24,G332G 
DEBUG @ Wed, 29 May 2024 11:29:41: Column index:3 
INFO  @ Wed, 29 May 2024 11:29:41: Loading top 10 genes from Q3_presort_PAIRED_controls.gene.high.txt: safe-target-15,safe-target-10,p.H210P,p.M550K,safe-target-26,p.A184G,p.G364C,p.G558R,p.A510V,p.C171F 
DEBUG @ Wed, 29 May 2024 11:29:41: Column index:9 
INFO  @ Wed, 29 May 2024 11:29:41: Running command: rm Q3_presort_PAIRED_controls.plow.txt 
INFO  @ Wed, 29 May 2024 11:29:41: Running command: rm Q3_presort_PAIRED_controls.phigh.txt 
INFO  @ Wed, 29 May 2024 11:29:41: Running command: rm Q3_presort_PAIRED_controls.gene.low.txt 
INFO  @ Wed, 29 May 2024 11:29:41: Running command: rm Q3_presort_PAIRED_controls.gene.high.txt 
