INFO  @ Wed, 29 May 2024 11:20:18: Parameters: /Users/samgould/opt/anaconda3/envs/mageckenv/bin/mageck test -k /Users/samgould/Documents/GitHub/KEAP1-pegRNA-sensor-targeted-library/mageck_counts.txt -t REP1_Q4,REP2_Q4,REP3_Q4 -c REP1_PreSort,REP2_PreSort,REP3_PreSort --paired --normcounts-to-file --control-sgrna /Users/samgould/Documents/GitHub/KEAP1-pegRNA-sensor-targeted-library/non_targeting_guides.txt -n Q4_presort_PAIRED_controls 
INFO  @ Wed, 29 May 2024 11:20:18: Welcome to MAGeCK v0.5.9.5. Command: test 
INFO  @ Wed, 29 May 2024 11:20:18: Loading count table from /Users/samgould/Documents/GitHub/KEAP1-pegRNA-sensor-targeted-library/mageck_counts.txt  
INFO  @ Wed, 29 May 2024 11:20:18: Processing 1 lines.. 
DEBUG @ Wed, 29 May 2024 11:20:18: Parsing error in line 1 (usually the header line). Skip this line. 
INFO  @ Wed, 29 May 2024 11:20:18: Loaded 500 records. 
INFO  @ Wed, 29 May 2024 11:20:18: 41 out of 41 control sgRNAs are found in count table. 
INFO  @ Wed, 29 May 2024 11:20:18: Loading Rnw template file: /Users/samgould/opt/anaconda3/envs/mageckenv/lib/python3.10/site-packages/mageck/test_report.Rmd. 
DEBUG @ Wed, 29 May 2024 11:20:18: Setting up the visualization module... 
INFO  @ Wed, 29 May 2024 11:20:18: Loading R template file: /Users/samgould/opt/anaconda3/envs/mageckenv/lib/python3.10/site-packages/mageck/plot_template.RTemplate. 
INFO  @ Wed, 29 May 2024 11:20:18: Loading R template file: /Users/samgould/opt/anaconda3/envs/mageckenv/lib/python3.10/site-packages/mageck/plot_template_indvgene.RTemplate. 
INFO  @ Wed, 29 May 2024 11:20:18: Loading Rnw template file: /Users/samgould/opt/anaconda3/envs/mageckenv/lib/python3.10/site-packages/mageck/plot_template.Rnw. 
DEBUG @ Wed, 29 May 2024 11:20:18: Setting up the visualization module... 
DEBUG @ Wed, 29 May 2024 11:20:18: Given sample labels: REP1_Q4,REP2_Q4,REP3_Q4 
DEBUG @ Wed, 29 May 2024 11:20:18: Converted index: 3 7 11 
INFO  @ Wed, 29 May 2024 11:20:18: Treatment samples:REP1_Q4,REP2_Q4,REP3_Q4 
INFO  @ Wed, 29 May 2024 11:20:18: Treatment sample index:3,7,11 
DEBUG @ Wed, 29 May 2024 11:20:18: Given sample labels: REP1_PreSort,REP2_PreSort,REP3_PreSort 
DEBUG @ Wed, 29 May 2024 11:20:18: Converted index: 12 13 14 
INFO  @ Wed, 29 May 2024 11:20:18: Control samples:REP1_PreSort,REP2_PreSort,REP3_PreSort 
INFO  @ Wed, 29 May 2024 11:20:18: Control sample index:12,13,14 
DEBUG @ Wed, 29 May 2024 11:20:18: Initial (total) size factor: 0.9603776174805416 0.7996895553037128 1.070547831521838 1.2908237372671343 0.8013685333426517 1.3305090345329957 
DEBUG @ Wed, 29 May 2024 11:20:18: Median factor: 0.9998526376339824 0.9622128831240498 1.0612901369891292 1.1446676592726401 0.7712224723918462 1.2360359346168759 
INFO  @ Wed, 29 May 2024 11:20:18: Final size factor: 0.9998526376339824 0.9622128831240498 1.0612901369891292 1.1446676592726401 0.7712224723918462 1.2360359346168759 
INFO  @ Wed, 29 May 2024 11:20:18: Writing normalized read counts to Q4_presort_PAIRED_controls.normalized.txt 
INFO  @ Wed, 29 May 2024 11:20:18: The updated negative control ID file is:Q4_presort_PAIRED_controls.negctrl_ids.txt 
INFO  @ Wed, 29 May 2024 11:20:18: Detecting outliers from variance estimation.. Avg read count:[108.35502957309349], Var: [1311559.7831716214] 
INFO  @ Wed, 29 May 2024 11:20:18: Skipping 22 sgRNAs from variance calculation because of their extreme high counts (> 4* STD (mean counts) ). 
DEBUG @ Wed, 29 May 2024 11:20:18: Adjusted model: 1.8955708768541741	0 
INFO  @ Wed, 29 May 2024 11:20:18: Before RRA, 9 sgRNAs are removed with zero counts in both group(s). 
INFO  @ Wed, 29 May 2024 11:20:18: Use qnorm to reversely calculate sgRNA scores ... 
DEBUG @ Wed, 29 May 2024 11:20:18: lower test FDR cutoff: 0.10261569416498995 
DEBUG @ Wed, 29 May 2024 11:20:18: higher test FDR cutoff: 0.1381623071763917 
INFO  @ Wed, 29 May 2024 11:20:18: Running command: RRA -i Q4_presort_PAIRED_controls.plow.txt -o Q4_presort_PAIRED_controls.gene.low.txt -p 0.10261569416498995 --control Q4_presort_PAIRED_controls.negctrl_ids.txt --skip-gene NA --skip-gene na  
INFO  @ Wed, 29 May 2024 11:20:18: Command message: 
INFO  @ Wed, 29 May 2024 11:20:18:   Welcome to RRA v 0.5.9. 
INFO  @ Wed, 29 May 2024 11:20:18:   124 control sequences loaded. 
INFO  @ Wed, 29 May 2024 11:20:18:   Skipping gene NA for permutation ... 
INFO  @ Wed, 29 May 2024 11:20:18:   Skipping gene na for permutation ... 
INFO  @ Wed, 29 May 2024 11:20:18:   Reading input file... 
INFO  @ Wed, 29 May 2024 11:20:18:   Summary: 1491 sgRNAs, 202 genes, 1 lists; skipped sgRNAs:0 
INFO  @ Wed, 29 May 2024 11:20:18:   Computing lo-values for each group... 
INFO  @ Wed, 29 May 2024 11:20:18:   Skipping gene non-target-24 for permutation ... 
INFO  @ Wed, 29 May 2024 11:20:18:   Skipping gene non-target-5 for permutation ... 
INFO  @ Wed, 29 May 2024 11:20:18:   Skipping gene non-target-15 for permutation ... 
INFO  @ Wed, 29 May 2024 11:20:18:   Skipping gene non-target-28 for permutation ... 
INFO  @ Wed, 29 May 2024 11:20:18:   Skipping gene non-target-22 for permutation ... 
INFO  @ Wed, 29 May 2024 11:20:18:   Skipping gene non-target-36 for permutation ... 
INFO  @ Wed, 29 May 2024 11:20:18:   Skipping gene non-target-17 for permutation ... 
INFO  @ Wed, 29 May 2024 11:20:18:   Skipping gene non-target-31 for permutation ... 
INFO  @ Wed, 29 May 2024 11:20:18:   Skipping gene non-target-13 for permutation ... 
INFO  @ Wed, 29 May 2024 11:20:18:   Skipping gene non-target-2 for permutation ... 
INFO  @ Wed, 29 May 2024 11:20:18:   Skipping gene non-target-10 for permutation ... 
INFO  @ Wed, 29 May 2024 11:20:18:   Skipping gene non-target-26 for permutation ... 
INFO  @ Wed, 29 May 2024 11:20:18:   Skipping gene non-target-21 for permutation ... 
INFO  @ Wed, 29 May 2024 11:20:18:   Skipping gene non-target-37 for permutation ... 
INFO  @ Wed, 29 May 2024 11:20:18:   Skipping gene non-target-1 for permutation ... 
INFO  @ Wed, 29 May 2024 11:20:18:   Skipping gene non-target-14 for permutation ... 
INFO  @ Wed, 29 May 2024 11:20:18:   Skipping gene non-target-40 for permutation ... 
INFO  @ Wed, 29 May 2024 11:20:18:   Skipping gene non-target-33 for permutation ... 
INFO  @ Wed, 29 May 2024 11:20:18:   Skipping gene non-target-8 for permutation ... 
INFO  @ Wed, 29 May 2024 11:20:18:   Skipping gene non-target-29 for permutation ... 
INFO  @ Wed, 29 May 2024 11:20:18:   Skipping gene non-target-23 for permutation ... 
INFO  @ Wed, 29 May 2024 11:20:18:   Skipping gene non-target-6 for permutation ... 
INFO  @ Wed, 29 May 2024 11:20:18:   Skipping gene non-target-39 for permutation ... 
INFO  @ Wed, 29 May 2024 11:20:18:   Skipping gene non-target-19 for permutation ... 
INFO  @ Wed, 29 May 2024 11:20:18:   Skipping gene non-target-3 for permutation ... 
INFO  @ Wed, 29 May 2024 11:20:18:   Skipping gene non-target-27 for permutation ... 
INFO  @ Wed, 29 May 2024 11:20:18:   Skipping gene non-target-32 for permutation ... 
INFO  @ Wed, 29 May 2024 11:20:18:   Skipping gene non-target-25 for permutation ... 
INFO  @ Wed, 29 May 2024 11:20:18:   Skipping gene non-target-16 for permutation ... 
INFO  @ Wed, 29 May 2024 11:20:18:   Skipping gene non-target-30 for permutation ... 
INFO  @ Wed, 29 May 2024 11:20:18:   Skipping gene non-target-38 for permutation ... 
INFO  @ Wed, 29 May 2024 11:20:18:   Skipping gene non-target-35 for permutation ... 
INFO  @ Wed, 29 May 2024 11:20:18:   Skipping gene non-target-41 for permutation ... 
INFO  @ Wed, 29 May 2024 11:20:18:   Skipping gene non-target-18 for permutation ... 
INFO  @ Wed, 29 May 2024 11:20:18:   Skipping gene non-target-7 for permutation ... 
INFO  @ Wed, 29 May 2024 11:20:18:   Skipping gene non-target-20 for permutation ... 
INFO  @ Wed, 29 May 2024 11:20:18:   Skipping gene non-target-12 for permutation ... 
INFO  @ Wed, 29 May 2024 11:20:18:   Skipping gene non-target-11 for permutation ... 
INFO  @ Wed, 29 May 2024 11:20:18:   Skipping gene non-target-9 for permutation ... 
INFO  @ Wed, 29 May 2024 11:20:18:   Skipping gene non-target-4 for permutation ... 
INFO  @ Wed, 29 May 2024 11:20:18:   Skipping gene non-target-34 for permutation ... 
INFO  @ Wed, 29 May 2024 11:20:18:   Warning: sgRNA  not found in the ranked list.  
INFO  @ Wed, 29 May 2024 11:20:18:   Warning: sgRNA pegRNA_462_r0 not found in the ranked list.  
INFO  @ Wed, 29 May 2024 11:20:18:   Computing false discovery rate... 
INFO  @ Wed, 29 May 2024 11:20:18:   Increase the number of permutations to 496 to get precise p values. To avoid this, use the --permutation option. 
INFO  @ Wed, 29 May 2024 11:20:18:   Total # control sgRNAs: 122 
INFO  @ Wed, 29 May 2024 11:20:18:   Permuting genes with 2 sgRNAs... 
INFO  @ Wed, 29 May 2024 11:20:18:   Permuting genes with 3 sgRNAs... 
INFO  @ Wed, 29 May 2024 11:20:18:   Permuting genes with 5 sgRNAs... 
INFO  @ Wed, 29 May 2024 11:20:18:   Permuting genes with 6 sgRNAs... 
INFO  @ Wed, 29 May 2024 11:20:18:   Permuting genes with 9 sgRNAs... 
INFO  @ Wed, 29 May 2024 11:20:18:   Permuting genes with 13 sgRNAs... 
INFO  @ Wed, 29 May 2024 11:20:18:   Permuting genes with 15 sgRNAs... 
INFO  @ Wed, 29 May 2024 11:20:18:   Number of genes under FDR adjustment: 202 
INFO  @ Wed, 29 May 2024 11:20:18:   Saving to output file... 
INFO  @ Wed, 29 May 2024 11:20:18:   Suppressing the output of gene non-target-10 since it is negative ontrol genes. 
INFO  @ Wed, 29 May 2024 11:20:18:   Suppressing the output of gene non-target-28 since it is negative ontrol genes. 
INFO  @ Wed, 29 May 2024 11:20:18:   Suppressing the output of gene non-target-22 since it is negative ontrol genes. 
INFO  @ Wed, 29 May 2024 11:20:18:   Suppressing the output of gene non-target-5 since it is negative ontrol genes. 
INFO  @ Wed, 29 May 2024 11:20:18:   Suppressing the output of gene non-target-24 since it is negative ontrol genes. 
INFO  @ Wed, 29 May 2024 11:20:18:   Suppressing the output of gene non-target-37 since it is negative ontrol genes. 
INFO  @ Wed, 29 May 2024 11:20:18:   Suppressing the output of gene non-target-2 since it is negative ontrol genes. 
INFO  @ Wed, 29 May 2024 11:20:18:   Suppressing the output of gene non-target-31 since it is negative ontrol genes. 
INFO  @ Wed, 29 May 2024 11:20:18:   Suppressing the output of gene non-target-17 since it is negative ontrol genes. 
INFO  @ Wed, 29 May 2024 11:20:18:   Suppressing the output of gene non-target-15 since it is negative ontrol genes. 
INFO  @ Wed, 29 May 2024 11:20:18:   Suppressing the output of gene non-target-36 since it is negative ontrol genes. 
INFO  @ Wed, 29 May 2024 11:20:18:   Suppressing the output of gene non-target-21 since it is negative ontrol genes. 
INFO  @ Wed, 29 May 2024 11:20:18:   Suppressing the output of gene non-target-1 since it is negative ontrol genes. 
INFO  @ Wed, 29 May 2024 11:20:18:   Suppressing the output of gene non-target-13 since it is negative ontrol genes. 
INFO  @ Wed, 29 May 2024 11:20:18:   Suppressing the output of gene non-target-26 since it is negative ontrol genes. 
INFO  @ Wed, 29 May 2024 11:20:18:   Suppressing the output of gene non-target-3 since it is negative ontrol genes. 
INFO  @ Wed, 29 May 2024 11:20:18:   Suppressing the output of gene non-target-14 since it is negative ontrol genes. 
INFO  @ Wed, 29 May 2024 11:20:18:   Suppressing the output of gene non-target-40 since it is negative ontrol genes. 
INFO  @ Wed, 29 May 2024 11:20:18:   Suppressing the output of gene non-target-33 since it is negative ontrol genes. 
INFO  @ Wed, 29 May 2024 11:20:18:   Suppressing the output of gene non-target-8 since it is negative ontrol genes. 
INFO  @ Wed, 29 May 2024 11:20:18:   Suppressing the output of gene non-target-29 since it is negative ontrol genes. 
INFO  @ Wed, 29 May 2024 11:20:18:   Suppressing the output of gene non-target-23 since it is negative ontrol genes. 
INFO  @ Wed, 29 May 2024 11:20:18:   Suppressing the output of gene non-target-6 since it is negative ontrol genes. 
INFO  @ Wed, 29 May 2024 11:20:18:   Suppressing the output of gene non-target-39 since it is negative ontrol genes. 
INFO  @ Wed, 29 May 2024 11:20:18:   Suppressing the output of gene non-target-19 since it is negative ontrol genes. 
INFO  @ Wed, 29 May 2024 11:20:18:   Suppressing the output of gene non-target-27 since it is negative ontrol genes. 
INFO  @ Wed, 29 May 2024 11:20:18:   Suppressing the output of gene non-target-32 since it is negative ontrol genes. 
INFO  @ Wed, 29 May 2024 11:20:18:   Suppressing the output of gene non-target-25 since it is negative ontrol genes. 
INFO  @ Wed, 29 May 2024 11:20:18:   Suppressing the output of gene non-target-16 since it is negative ontrol genes. 
INFO  @ Wed, 29 May 2024 11:20:18:   Suppressing the output of gene non-target-30 since it is negative ontrol genes. 
INFO  @ Wed, 29 May 2024 11:20:18:   Suppressing the output of gene non-target-38 since it is negative ontrol genes. 
INFO  @ Wed, 29 May 2024 11:20:18:   Suppressing the output of gene non-target-35 since it is negative ontrol genes. 
INFO  @ Wed, 29 May 2024 11:20:18:   Suppressing the output of gene non-target-41 since it is negative ontrol genes. 
INFO  @ Wed, 29 May 2024 11:20:18:   Suppressing the output of gene non-target-18 since it is negative ontrol genes. 
INFO  @ Wed, 29 May 2024 11:20:18:   Suppressing the output of gene non-target-7 since it is negative ontrol genes. 
INFO  @ Wed, 29 May 2024 11:20:18:   Suppressing the output of gene non-target-20 since it is negative ontrol genes. 
INFO  @ Wed, 29 May 2024 11:20:18:   Suppressing the output of gene non-target-12 since it is negative ontrol genes. 
INFO  @ Wed, 29 May 2024 11:20:18:   Suppressing the output of gene non-target-11 since it is negative ontrol genes. 
INFO  @ Wed, 29 May 2024 11:20:18:   Suppressing the output of gene non-target-9 since it is negative ontrol genes. 
INFO  @ Wed, 29 May 2024 11:20:18:   Suppressing the output of gene non-target-4 since it is negative ontrol genes. 
INFO  @ Wed, 29 May 2024 11:20:18:   Suppressing the output of gene non-target-34 since it is negative ontrol genes. 
INFO  @ Wed, 29 May 2024 11:20:18:   RRA completed. 
INFO  @ Wed, 29 May 2024 11:20:18:   Groups deletion complete. 
INFO  @ Wed, 29 May 2024 11:20:18:   Lists deletion complete. 
INFO  @ Wed, 29 May 2024 11:20:18:   ControlSeqPercentile deletion complete. 
INFO  @ Wed, 29 May 2024 11:20:18:    
INFO  @ Wed, 29 May 2024 11:20:18: End command message. 
INFO  @ Wed, 29 May 2024 11:20:18: Running command: RRA -i Q4_presort_PAIRED_controls.phigh.txt -o Q4_presort_PAIRED_controls.gene.high.txt -p 0.1381623071763917 --control Q4_presort_PAIRED_controls.negctrl_ids.txt --skip-gene NA --skip-gene na  
INFO  @ Wed, 29 May 2024 11:20:18: Command message: 
INFO  @ Wed, 29 May 2024 11:20:18:   Welcome to RRA v 0.5.9. 
INFO  @ Wed, 29 May 2024 11:20:18:   124 control sequences loaded. 
INFO  @ Wed, 29 May 2024 11:20:18:   Skipping gene NA for permutation ... 
INFO  @ Wed, 29 May 2024 11:20:18:   Skipping gene na for permutation ... 
INFO  @ Wed, 29 May 2024 11:20:18:   Reading input file... 
INFO  @ Wed, 29 May 2024 11:20:18:   Summary: 1491 sgRNAs, 202 genes, 1 lists; skipped sgRNAs:0 
INFO  @ Wed, 29 May 2024 11:20:18:   Computing lo-values for each group... 
INFO  @ Wed, 29 May 2024 11:20:18:   Skipping gene non-target-3 for permutation ... 
INFO  @ Wed, 29 May 2024 11:20:18:   Skipping gene non-target-4 for permutation ... 
INFO  @ Wed, 29 May 2024 11:20:18:   Skipping gene non-target-11 for permutation ... 
INFO  @ Wed, 29 May 2024 11:20:18:   Skipping gene non-target-18 for permutation ... 
INFO  @ Wed, 29 May 2024 11:20:18:   Skipping gene non-target-40 for permutation ... 
INFO  @ Wed, 29 May 2024 11:20:18:   Skipping gene non-target-34 for permutation ... 
INFO  @ Wed, 29 May 2024 11:20:18:   Skipping gene non-target-9 for permutation ... 
INFO  @ Wed, 29 May 2024 11:20:18:   Skipping gene non-target-15 for permutation ... 
INFO  @ Wed, 29 May 2024 11:20:18:   Skipping gene non-target-7 for permutation ... 
INFO  @ Wed, 29 May 2024 11:20:18:   Skipping gene non-target-38 for permutation ... 
INFO  @ Wed, 29 May 2024 11:20:18:   Skipping gene non-target-14 for permutation ... 
INFO  @ Wed, 29 May 2024 11:20:18:   Skipping gene non-target-41 for permutation ... 
INFO  @ Wed, 29 May 2024 11:20:18:   Skipping gene non-target-6 for permutation ... 
INFO  @ Wed, 29 May 2024 11:20:18:   Skipping gene non-target-35 for permutation ... 
INFO  @ Wed, 29 May 2024 11:20:18:   Skipping gene non-target-37 for permutation ... 
INFO  @ Wed, 29 May 2024 11:20:18:   Skipping gene non-target-33 for permutation ... 
INFO  @ Wed, 29 May 2024 11:20:18:   Skipping gene non-target-26 for permutation ... 
INFO  @ Wed, 29 May 2024 11:20:18:   Skipping gene non-target-29 for permutation ... 
INFO  @ Wed, 29 May 2024 11:20:18:   Skipping gene non-target-25 for permutation ... 
INFO  @ Wed, 29 May 2024 11:20:18:   Skipping gene non-target-39 for permutation ... 
INFO  @ Wed, 29 May 2024 11:20:18:   Skipping gene non-target-27 for permutation ... 
INFO  @ Wed, 29 May 2024 11:20:18:   Skipping gene non-target-13 for permutation ... 
INFO  @ Wed, 29 May 2024 11:20:18:   Skipping gene non-target-21 for permutation ... 
INFO  @ Wed, 29 May 2024 11:20:18:   Skipping gene non-target-16 for permutation ... 
INFO  @ Wed, 29 May 2024 11:20:18:   Skipping gene non-target-19 for permutation ... 
INFO  @ Wed, 29 May 2024 11:20:18:   Skipping gene non-target-1 for permutation ... 
INFO  @ Wed, 29 May 2024 11:20:18:   Skipping gene non-target-31 for permutation ... 
INFO  @ Wed, 29 May 2024 11:20:18:   Skipping gene non-target-30 for permutation ... 
INFO  @ Wed, 29 May 2024 11:20:18:   Skipping gene non-target-20 for permutation ... 
INFO  @ Wed, 29 May 2024 11:20:18:   Skipping gene non-target-12 for permutation ... 
INFO  @ Wed, 29 May 2024 11:20:18:   Skipping gene non-target-2 for permutation ... 
INFO  @ Wed, 29 May 2024 11:20:18:   Skipping gene non-target-23 for permutation ... 
INFO  @ Wed, 29 May 2024 11:20:18:   Skipping gene non-target-36 for permutation ... 
INFO  @ Wed, 29 May 2024 11:20:18:   Skipping gene non-target-32 for permutation ... 
INFO  @ Wed, 29 May 2024 11:20:18:   Skipping gene non-target-8 for permutation ... 
INFO  @ Wed, 29 May 2024 11:20:18:   Skipping gene non-target-17 for permutation ... 
INFO  @ Wed, 29 May 2024 11:20:18:   Skipping gene non-target-24 for permutation ... 
INFO  @ Wed, 29 May 2024 11:20:18:   Skipping gene non-target-5 for permutation ... 
INFO  @ Wed, 29 May 2024 11:20:18:   Skipping gene non-target-22 for permutation ... 
INFO  @ Wed, 29 May 2024 11:20:18:   Skipping gene non-target-28 for permutation ... 
INFO  @ Wed, 29 May 2024 11:20:18:   Skipping gene non-target-10 for permutation ... 
INFO  @ Wed, 29 May 2024 11:20:18:   Warning: sgRNA  not found in the ranked list.  
INFO  @ Wed, 29 May 2024 11:20:18:   Warning: sgRNA pegRNA_462_r0 not found in the ranked list.  
INFO  @ Wed, 29 May 2024 11:20:18:   Computing false discovery rate... 
INFO  @ Wed, 29 May 2024 11:20:18:   Increase the number of permutations to 496 to get precise p values. To avoid this, use the --permutation option. 
INFO  @ Wed, 29 May 2024 11:20:18:   Total # control sgRNAs: 122 
INFO  @ Wed, 29 May 2024 11:20:18:   Permuting genes with 2 sgRNAs... 
INFO  @ Wed, 29 May 2024 11:20:18:   Permuting genes with 3 sgRNAs... 
INFO  @ Wed, 29 May 2024 11:20:18:   Permuting genes with 5 sgRNAs... 
INFO  @ Wed, 29 May 2024 11:20:18:   Permuting genes with 6 sgRNAs... 
INFO  @ Wed, 29 May 2024 11:20:18:   Permuting genes with 9 sgRNAs... 
INFO  @ Wed, 29 May 2024 11:20:18:   Permuting genes with 13 sgRNAs... 
INFO  @ Wed, 29 May 2024 11:20:18:   Permuting genes with 15 sgRNAs... 
INFO  @ Wed, 29 May 2024 11:20:18:   Number of genes under FDR adjustment: 202 
INFO  @ Wed, 29 May 2024 11:20:18:   Saving to output file... 
INFO  @ Wed, 29 May 2024 11:20:18:   Suppressing the output of gene non-target-3 since it is negative ontrol genes. 
INFO  @ Wed, 29 May 2024 11:20:18:   Suppressing the output of gene non-target-4 since it is negative ontrol genes. 
INFO  @ Wed, 29 May 2024 11:20:18:   Suppressing the output of gene non-target-11 since it is negative ontrol genes. 
INFO  @ Wed, 29 May 2024 11:20:18:   Suppressing the output of gene non-target-18 since it is negative ontrol genes. 
INFO  @ Wed, 29 May 2024 11:20:18:   Suppressing the output of gene non-target-40 since it is negative ontrol genes. 
INFO  @ Wed, 29 May 2024 11:20:18:   Suppressing the output of gene non-target-34 since it is negative ontrol genes. 
INFO  @ Wed, 29 May 2024 11:20:18:   Suppressing the output of gene non-target-9 since it is negative ontrol genes. 
INFO  @ Wed, 29 May 2024 11:20:18:   Suppressing the output of gene non-target-15 since it is negative ontrol genes. 
INFO  @ Wed, 29 May 2024 11:20:18:   Suppressing the output of gene non-target-7 since it is negative ontrol genes. 
INFO  @ Wed, 29 May 2024 11:20:18:   Suppressing the output of gene non-target-38 since it is negative ontrol genes. 
INFO  @ Wed, 29 May 2024 11:20:18:   Suppressing the output of gene non-target-14 since it is negative ontrol genes. 
INFO  @ Wed, 29 May 2024 11:20:18:   Suppressing the output of gene non-target-41 since it is negative ontrol genes. 
INFO  @ Wed, 29 May 2024 11:20:18:   Suppressing the output of gene non-target-6 since it is negative ontrol genes. 
INFO  @ Wed, 29 May 2024 11:20:18:   Suppressing the output of gene non-target-35 since it is negative ontrol genes. 
INFO  @ Wed, 29 May 2024 11:20:18:   Suppressing the output of gene non-target-37 since it is negative ontrol genes. 
INFO  @ Wed, 29 May 2024 11:20:18:   Suppressing the output of gene non-target-33 since it is negative ontrol genes. 
INFO  @ Wed, 29 May 2024 11:20:18:   Suppressing the output of gene non-target-26 since it is negative ontrol genes. 
INFO  @ Wed, 29 May 2024 11:20:18:   Suppressing the output of gene non-target-29 since it is negative ontrol genes. 
INFO  @ Wed, 29 May 2024 11:20:18:   Suppressing the output of gene non-target-25 since it is negative ontrol genes. 
INFO  @ Wed, 29 May 2024 11:20:18:   Suppressing the output of gene non-target-39 since it is negative ontrol genes. 
INFO  @ Wed, 29 May 2024 11:20:18:   Suppressing the output of gene non-target-27 since it is negative ontrol genes. 
INFO  @ Wed, 29 May 2024 11:20:18:   Suppressing the output of gene non-target-13 since it is negative ontrol genes. 
INFO  @ Wed, 29 May 2024 11:20:18:   Suppressing the output of gene non-target-21 since it is negative ontrol genes. 
INFO  @ Wed, 29 May 2024 11:20:18:   Suppressing the output of gene non-target-16 since it is negative ontrol genes. 
INFO  @ Wed, 29 May 2024 11:20:18:   Suppressing the output of gene non-target-19 since it is negative ontrol genes. 
INFO  @ Wed, 29 May 2024 11:20:18:   Suppressing the output of gene non-target-1 since it is negative ontrol genes. 
INFO  @ Wed, 29 May 2024 11:20:18:   Suppressing the output of gene non-target-31 since it is negative ontrol genes. 
INFO  @ Wed, 29 May 2024 11:20:18:   Suppressing the output of gene non-target-30 since it is negative ontrol genes. 
INFO  @ Wed, 29 May 2024 11:20:18:   Suppressing the output of gene non-target-20 since it is negative ontrol genes. 
INFO  @ Wed, 29 May 2024 11:20:18:   Suppressing the output of gene non-target-12 since it is negative ontrol genes. 
INFO  @ Wed, 29 May 2024 11:20:18:   Suppressing the output of gene non-target-2 since it is negative ontrol genes. 
INFO  @ Wed, 29 May 2024 11:20:18:   Suppressing the output of gene non-target-23 since it is negative ontrol genes. 
INFO  @ Wed, 29 May 2024 11:20:18:   Suppressing the output of gene non-target-36 since it is negative ontrol genes. 
INFO  @ Wed, 29 May 2024 11:20:18:   Suppressing the output of gene non-target-32 since it is negative ontrol genes. 
INFO  @ Wed, 29 May 2024 11:20:18:   Suppressing the output of gene non-target-8 since it is negative ontrol genes. 
INFO  @ Wed, 29 May 2024 11:20:18:   Suppressing the output of gene non-target-17 since it is negative ontrol genes. 
INFO  @ Wed, 29 May 2024 11:20:18:   Suppressing the output of gene non-target-24 since it is negative ontrol genes. 
INFO  @ Wed, 29 May 2024 11:20:18:   Suppressing the output of gene non-target-5 since it is negative ontrol genes. 
INFO  @ Wed, 29 May 2024 11:20:18:   Suppressing the output of gene non-target-22 since it is negative ontrol genes. 
INFO  @ Wed, 29 May 2024 11:20:18:   Suppressing the output of gene non-target-28 since it is negative ontrol genes. 
INFO  @ Wed, 29 May 2024 11:20:18:   Suppressing the output of gene non-target-10 since it is negative ontrol genes. 
INFO  @ Wed, 29 May 2024 11:20:18:   RRA completed. 
INFO  @ Wed, 29 May 2024 11:20:18:   Groups deletion complete. 
INFO  @ Wed, 29 May 2024 11:20:18:   Lists deletion complete. 
INFO  @ Wed, 29 May 2024 11:20:18:   ControlSeqPercentile deletion complete. 
INFO  @ Wed, 29 May 2024 11:20:18:    
INFO  @ Wed, 29 May 2024 11:20:18: End command message. 
DEBUG @ Wed, 29 May 2024 11:20:18: Sorting the merged items by negative selection... 
INFO  @ Wed, 29 May 2024 11:20:18: Loading top 10 genes from Q4_presort_PAIRED_controls.gene.low.txt: V369V,safe-target-24,p.G364C,safe-target-13,p.G378C,p.I416F,safe-target-9,S45S,C171C,safe-target-29 
DEBUG @ Wed, 29 May 2024 11:20:18: Column index:3 
INFO  @ Wed, 29 May 2024 11:20:18: Loading top 10 genes from Q4_presort_PAIRED_controls.gene.high.txt: safe-target-15,safe-target-10,p.H210P,safe-target-26,p.R320Q,p.G378C,p.R362Q,p.A184G,p.V369L,p.H274R 
DEBUG @ Wed, 29 May 2024 11:20:18: Column index:9 
INFO  @ Wed, 29 May 2024 11:20:18: Running command: rm Q4_presort_PAIRED_controls.plow.txt 
INFO  @ Wed, 29 May 2024 11:20:18: Running command: rm Q4_presort_PAIRED_controls.phigh.txt 
INFO  @ Wed, 29 May 2024 11:20:18: Running command: rm Q4_presort_PAIRED_controls.gene.low.txt 
INFO  @ Wed, 29 May 2024 11:20:18: Running command: rm Q4_presort_PAIRED_controls.gene.high.txt 
