INFO  @ Tue, 28 May 2024 19:46:13: Parameters: /Users/samgould/opt/anaconda3/envs/mageckenv/bin/mageck test -k /Users/samgould/Documents/GitHub/KEAP1-pegRNA-sensor-targeted-library/mageck_counts.txt -t REP1_Q4,REP2_Q4,REP3_Q4 -c REP1_PreSort,REP2_PreSort,REP3_PreSort --normcounts-to-file -n Q4_presort 
INFO  @ Tue, 28 May 2024 19:46:13: Welcome to MAGeCK v0.5.9.5. Command: test 
INFO  @ Tue, 28 May 2024 19:46:13: Loading count table from /Users/samgould/Documents/GitHub/KEAP1-pegRNA-sensor-targeted-library/mageck_counts.txt  
INFO  @ Tue, 28 May 2024 19:46:13: Processing 1 lines.. 
DEBUG @ Tue, 28 May 2024 19:46:13: Parsing error in line 1 (usually the header line). Skip this line. 
INFO  @ Tue, 28 May 2024 19:46:13: Loaded 500 records. 
INFO  @ Tue, 28 May 2024 19:46:13: Loading Rnw template file: /Users/samgould/opt/anaconda3/envs/mageckenv/lib/python3.10/site-packages/mageck/test_report.Rmd. 
DEBUG @ Tue, 28 May 2024 19:46:13: Setting up the visualization module... 
INFO  @ Tue, 28 May 2024 19:46:13: Loading R template file: /Users/samgould/opt/anaconda3/envs/mageckenv/lib/python3.10/site-packages/mageck/plot_template.RTemplate. 
INFO  @ Tue, 28 May 2024 19:46:13: Loading R template file: /Users/samgould/opt/anaconda3/envs/mageckenv/lib/python3.10/site-packages/mageck/plot_template_indvgene.RTemplate. 
INFO  @ Tue, 28 May 2024 19:46:13: Loading Rnw template file: /Users/samgould/opt/anaconda3/envs/mageckenv/lib/python3.10/site-packages/mageck/plot_template.Rnw. 
DEBUG @ Tue, 28 May 2024 19:46:13: Setting up the visualization module... 
DEBUG @ Tue, 28 May 2024 19:46:13: Given sample labels: REP1_Q4,REP2_Q4,REP3_Q4 
DEBUG @ Tue, 28 May 2024 19:46:13: Converted index: 3 7 11 
INFO  @ Tue, 28 May 2024 19:46:13: Treatment samples:REP1_Q4,REP2_Q4,REP3_Q4 
INFO  @ Tue, 28 May 2024 19:46:13: Treatment sample index:3,7,11 
DEBUG @ Tue, 28 May 2024 19:46:13: Given sample labels: REP1_PreSort,REP2_PreSort,REP3_PreSort 
DEBUG @ Tue, 28 May 2024 19:46:13: Converted index: 12 13 14 
INFO  @ Tue, 28 May 2024 19:46:13: Control samples:REP1_PreSort,REP2_PreSort,REP3_PreSort 
INFO  @ Tue, 28 May 2024 19:46:13: Control sample index:12,13,14 
DEBUG @ Tue, 28 May 2024 19:46:13: Initial (total) size factor: 0.9603776174805416 0.7996895553037128 1.070547831521838 1.2908237372671343 0.8013685333426517 1.3305090345329957 
DEBUG @ Tue, 28 May 2024 19:46:13: Median factor: 0.9998526376339824 0.9622128831240498 1.0612901369891292 1.1446676592726401 0.7712224723918462 1.2360359346168759 
INFO  @ Tue, 28 May 2024 19:46:13: Final size factor: 0.9998526376339824 0.9622128831240498 1.0612901369891292 1.1446676592726401 0.7712224723918462 1.2360359346168759 
INFO  @ Tue, 28 May 2024 19:46:13: Writing normalized read counts to Q4_presort.normalized.txt 
INFO  @ Tue, 28 May 2024 19:46:13: Detecting outliers from variance estimation.. Avg read count:[104.44381884272805], Var: [1476577.3642590663] 
INFO  @ Tue, 28 May 2024 19:46:13: Skipping 7 sgRNAs from variance calculation because of their extreme high counts (> 4* STD (mean counts) ). 
DEBUG @ Tue, 28 May 2024 19:46:13: Adjusted model: 1.9195971208287035	0 
INFO  @ Tue, 28 May 2024 19:46:13: Before RRA, 3 sgRNAs are removed with zero counts in both group(s). 
INFO  @ Tue, 28 May 2024 19:46:13: Use qnorm to reversely calculate sgRNA scores ... 
DEBUG @ Tue, 28 May 2024 19:46:13: lower test FDR cutoff: 0.05835010060362173 
DEBUG @ Tue, 28 May 2024 19:46:13: higher test FDR cutoff: 0.07847082494969819 
INFO  @ Tue, 28 May 2024 19:46:13: Running command: RRA -i Q4_presort.plow.txt -o Q4_presort.gene.low.txt -p 0.05835010060362173 --skip-gene NA --skip-gene na  
INFO  @ Tue, 28 May 2024 19:46:13: Command message: 
INFO  @ Tue, 28 May 2024 19:46:13:   Welcome to RRA v 0.5.9. 
INFO  @ Tue, 28 May 2024 19:46:13:   Skipping gene NA for permutation ... 
INFO  @ Tue, 28 May 2024 19:46:13:   Skipping gene na for permutation ... 
INFO  @ Tue, 28 May 2024 19:46:13:   Reading input file... 
INFO  @ Tue, 28 May 2024 19:46:13:   Summary: 497 sgRNAs, 201 genes, 1 lists; skipped sgRNAs:0 
INFO  @ Tue, 28 May 2024 19:46:13:   Computing lo-values for each group... 
INFO  @ Tue, 28 May 2024 19:46:13:   Computing false discovery rate... 
INFO  @ Tue, 28 May 2024 19:46:13:   Increase the number of permutations to 498 to get precise p values. To avoid this, use the --permutation option. 
INFO  @ Tue, 28 May 2024 19:46:13:   Permuting genes with 1 sgRNAs... 
INFO  @ Tue, 28 May 2024 19:46:13:   Permuting genes with 2 sgRNAs... 
INFO  @ Tue, 28 May 2024 19:46:13:   Permuting genes with 3 sgRNAs... 
INFO  @ Tue, 28 May 2024 19:46:13:   Permuting genes with 4 sgRNAs... 
INFO  @ Tue, 28 May 2024 19:46:13:   Permuting genes with 5 sgRNAs... 
INFO  @ Tue, 28 May 2024 19:46:13:   Number of genes under FDR adjustment: 201 
INFO  @ Tue, 28 May 2024 19:46:13:   Saving to output file... 
INFO  @ Tue, 28 May 2024 19:46:13:   RRA completed. 
INFO  @ Tue, 28 May 2024 19:46:13:   Groups deletion complete. 
INFO  @ Tue, 28 May 2024 19:46:13:   Lists deletion complete. 
INFO  @ Tue, 28 May 2024 19:46:13:    
INFO  @ Tue, 28 May 2024 19:46:13: End command message. 
INFO  @ Tue, 28 May 2024 19:46:13: Running command: RRA -i Q4_presort.phigh.txt -o Q4_presort.gene.high.txt -p 0.07847082494969819 --skip-gene NA --skip-gene na  
INFO  @ Tue, 28 May 2024 19:46:13: Command message: 
INFO  @ Tue, 28 May 2024 19:46:13:   Welcome to RRA v 0.5.9. 
INFO  @ Tue, 28 May 2024 19:46:13:   Skipping gene NA for permutation ... 
INFO  @ Tue, 28 May 2024 19:46:13:   Skipping gene na for permutation ... 
INFO  @ Tue, 28 May 2024 19:46:13:   Reading input file... 
INFO  @ Tue, 28 May 2024 19:46:13:   Summary: 497 sgRNAs, 201 genes, 1 lists; skipped sgRNAs:0 
INFO  @ Tue, 28 May 2024 19:46:13:   Computing lo-values for each group... 
INFO  @ Tue, 28 May 2024 19:46:13:   Computing false discovery rate... 
INFO  @ Tue, 28 May 2024 19:46:13:   Increase the number of permutations to 498 to get precise p values. To avoid this, use the --permutation option. 
INFO  @ Tue, 28 May 2024 19:46:13:   Permuting genes with 1 sgRNAs... 
INFO  @ Tue, 28 May 2024 19:46:13:   Permuting genes with 2 sgRNAs... 
INFO  @ Tue, 28 May 2024 19:46:13:   Permuting genes with 3 sgRNAs... 
INFO  @ Tue, 28 May 2024 19:46:13:   Permuting genes with 4 sgRNAs... 
INFO  @ Tue, 28 May 2024 19:46:13:   Permuting genes with 5 sgRNAs... 
INFO  @ Tue, 28 May 2024 19:46:13:   Number of genes under FDR adjustment: 201 
INFO  @ Tue, 28 May 2024 19:46:13:   Saving to output file... 
INFO  @ Tue, 28 May 2024 19:46:13:   RRA completed. 
INFO  @ Tue, 28 May 2024 19:46:13:   Groups deletion complete. 
INFO  @ Tue, 28 May 2024 19:46:13:   Lists deletion complete. 
INFO  @ Tue, 28 May 2024 19:46:13:    
INFO  @ Tue, 28 May 2024 19:46:13: End command message. 
DEBUG @ Tue, 28 May 2024 19:46:13: Sorting the merged items by negative selection... 
INFO  @ Tue, 28 May 2024 19:46:13: Loading top 10 genes from Q4_presort.gene.low.txt: V369V,safe-target-24,S45S,safe-target-9,non-target-5,p.G364C,C171C,p.G333C,p.G378C,safe-target-13 
DEBUG @ Tue, 28 May 2024 19:46:13: Column index:3 
INFO  @ Tue, 28 May 2024 19:46:13: Loading top 10 genes from Q4_presort.gene.high.txt: p.H210P,safe-target-15,p.R320Q,p.R362Q,safe-target-10,p.A184G,p.G378C,p.V369L,safe-target-26,p.R413C 
DEBUG @ Tue, 28 May 2024 19:46:13: Column index:9 
INFO  @ Tue, 28 May 2024 19:46:13: Running command: rm Q4_presort.plow.txt 
INFO  @ Tue, 28 May 2024 19:46:13: Running command: rm Q4_presort.phigh.txt 
INFO  @ Tue, 28 May 2024 19:46:13: Running command: rm Q4_presort.gene.low.txt 
INFO  @ Tue, 28 May 2024 19:46:13: Running command: rm Q4_presort.gene.high.txt 
