INFO  @ Wed, 29 May 2024 11:04:38: Parameters: /Users/samgould/opt/anaconda3/envs/mageckenv/bin/mageck test -k /Users/samgould/Documents/GitHub/KEAP1-pegRNA-sensor-targeted-library/mageck_counts.txt -t REP1_Q4,REP2_Q4,REP3_Q4 -c REP1_PreSort,REP2_PreSort,REP3_PreSort --paired --normcounts-to-file -n Q4_presort_PAIRED 
INFO  @ Wed, 29 May 2024 11:04:38: Welcome to MAGeCK v0.5.9.5. Command: test 
INFO  @ Wed, 29 May 2024 11:04:38: Loading count table from /Users/samgould/Documents/GitHub/KEAP1-pegRNA-sensor-targeted-library/mageck_counts.txt  
INFO  @ Wed, 29 May 2024 11:04:38: Processing 1 lines.. 
DEBUG @ Wed, 29 May 2024 11:04:38: Parsing error in line 1 (usually the header line). Skip this line. 
INFO  @ Wed, 29 May 2024 11:04:38: Loaded 500 records. 
INFO  @ Wed, 29 May 2024 11:04:38: Loading Rnw template file: /Users/samgould/opt/anaconda3/envs/mageckenv/lib/python3.10/site-packages/mageck/test_report.Rmd. 
DEBUG @ Wed, 29 May 2024 11:04:38: Setting up the visualization module... 
INFO  @ Wed, 29 May 2024 11:04:38: Loading R template file: /Users/samgould/opt/anaconda3/envs/mageckenv/lib/python3.10/site-packages/mageck/plot_template.RTemplate. 
INFO  @ Wed, 29 May 2024 11:04:38: Loading R template file: /Users/samgould/opt/anaconda3/envs/mageckenv/lib/python3.10/site-packages/mageck/plot_template_indvgene.RTemplate. 
INFO  @ Wed, 29 May 2024 11:04:38: Loading Rnw template file: /Users/samgould/opt/anaconda3/envs/mageckenv/lib/python3.10/site-packages/mageck/plot_template.Rnw. 
DEBUG @ Wed, 29 May 2024 11:04:38: Setting up the visualization module... 
DEBUG @ Wed, 29 May 2024 11:04:38: Given sample labels: REP1_Q4,REP2_Q4,REP3_Q4 
DEBUG @ Wed, 29 May 2024 11:04:38: Converted index: 3 7 11 
INFO  @ Wed, 29 May 2024 11:04:38: Treatment samples:REP1_Q4,REP2_Q4,REP3_Q4 
INFO  @ Wed, 29 May 2024 11:04:38: Treatment sample index:3,7,11 
DEBUG @ Wed, 29 May 2024 11:04:38: Given sample labels: REP1_PreSort,REP2_PreSort,REP3_PreSort 
DEBUG @ Wed, 29 May 2024 11:04:38: Converted index: 12 13 14 
INFO  @ Wed, 29 May 2024 11:04:38: Control samples:REP1_PreSort,REP2_PreSort,REP3_PreSort 
INFO  @ Wed, 29 May 2024 11:04:38: Control sample index:12,13,14 
DEBUG @ Wed, 29 May 2024 11:04:38: Initial (total) size factor: 0.9603776174805416 0.7996895553037128 1.070547831521838 1.2908237372671343 0.8013685333426517 1.3305090345329957 
DEBUG @ Wed, 29 May 2024 11:04:38: Median factor: 0.9998526376339824 0.9622128831240498 1.0612901369891292 1.1446676592726401 0.7712224723918462 1.2360359346168759 
INFO  @ Wed, 29 May 2024 11:04:38: Final size factor: 0.9998526376339824 0.9622128831240498 1.0612901369891292 1.1446676592726401 0.7712224723918462 1.2360359346168759 
INFO  @ Wed, 29 May 2024 11:04:38: Writing normalized read counts to Q4_presort_PAIRED.normalized.txt 
INFO  @ Wed, 29 May 2024 11:04:38: Detecting outliers from variance estimation.. Avg read count:[108.35502957309349], Var: [1311559.7831716214] 
INFO  @ Wed, 29 May 2024 11:04:38: Skipping 22 sgRNAs from variance calculation because of their extreme high counts (> 4* STD (mean counts) ). 
DEBUG @ Wed, 29 May 2024 11:04:38: Adjusted model: 1.8955708768541741	0 
INFO  @ Wed, 29 May 2024 11:04:38: Before RRA, 9 sgRNAs are removed with zero counts in both group(s). 
INFO  @ Wed, 29 May 2024 11:04:38: Use qnorm to reversely calculate sgRNA scores ... 
DEBUG @ Wed, 29 May 2024 11:04:38: lower test FDR cutoff: 0.10261569416498995 
DEBUG @ Wed, 29 May 2024 11:04:38: higher test FDR cutoff: 0.1381623071763917 
INFO  @ Wed, 29 May 2024 11:04:38: Running command: RRA -i Q4_presort_PAIRED.plow.txt -o Q4_presort_PAIRED.gene.low.txt -p 0.10261569416498995 --skip-gene NA --skip-gene na  
INFO  @ Wed, 29 May 2024 11:04:38: Command message: 
INFO  @ Wed, 29 May 2024 11:04:38:   Welcome to RRA v 0.5.9. 
INFO  @ Wed, 29 May 2024 11:04:38:   Skipping gene NA for permutation ... 
INFO  @ Wed, 29 May 2024 11:04:38:   Skipping gene na for permutation ... 
INFO  @ Wed, 29 May 2024 11:04:38:   Reading input file... 
INFO  @ Wed, 29 May 2024 11:04:38:   Summary: 1491 sgRNAs, 202 genes, 1 lists; skipped sgRNAs:0 
INFO  @ Wed, 29 May 2024 11:04:38:   Computing lo-values for each group... 
INFO  @ Wed, 29 May 2024 11:04:38:   Computing false discovery rate... 
INFO  @ Wed, 29 May 2024 11:04:38:   Increase the number of permutations to 496 to get precise p values. To avoid this, use the --permutation option. 
INFO  @ Wed, 29 May 2024 11:04:38:   Permuting genes with 2 sgRNAs... 
INFO  @ Wed, 29 May 2024 11:04:38:   Permuting genes with 3 sgRNAs... 
INFO  @ Wed, 29 May 2024 11:04:38:   Permuting genes with 5 sgRNAs... 
INFO  @ Wed, 29 May 2024 11:04:38:   Permuting genes with 6 sgRNAs... 
INFO  @ Wed, 29 May 2024 11:04:38:   Permuting genes with 9 sgRNAs... 
INFO  @ Wed, 29 May 2024 11:04:38:   Permuting genes with 13 sgRNAs... 
INFO  @ Wed, 29 May 2024 11:04:38:   Permuting genes with 15 sgRNAs... 
INFO  @ Wed, 29 May 2024 11:04:38:   Number of genes under FDR adjustment: 202 
INFO  @ Wed, 29 May 2024 11:04:38:   Saving to output file... 
INFO  @ Wed, 29 May 2024 11:04:38:   RRA completed. 
INFO  @ Wed, 29 May 2024 11:04:38:   Groups deletion complete. 
INFO  @ Wed, 29 May 2024 11:04:38:   Lists deletion complete. 
INFO  @ Wed, 29 May 2024 11:04:38:    
INFO  @ Wed, 29 May 2024 11:04:38: End command message. 
INFO  @ Wed, 29 May 2024 11:04:38: Running command: RRA -i Q4_presort_PAIRED.phigh.txt -o Q4_presort_PAIRED.gene.high.txt -p 0.1381623071763917 --skip-gene NA --skip-gene na  
INFO  @ Wed, 29 May 2024 11:04:39: Command message: 
INFO  @ Wed, 29 May 2024 11:04:39:   Welcome to RRA v 0.5.9. 
INFO  @ Wed, 29 May 2024 11:04:39:   Skipping gene NA for permutation ... 
INFO  @ Wed, 29 May 2024 11:04:39:   Skipping gene na for permutation ... 
INFO  @ Wed, 29 May 2024 11:04:39:   Reading input file... 
INFO  @ Wed, 29 May 2024 11:04:39:   Summary: 1491 sgRNAs, 202 genes, 1 lists; skipped sgRNAs:0 
INFO  @ Wed, 29 May 2024 11:04:39:   Computing lo-values for each group... 
INFO  @ Wed, 29 May 2024 11:04:39:   Computing false discovery rate... 
INFO  @ Wed, 29 May 2024 11:04:39:   Increase the number of permutations to 496 to get precise p values. To avoid this, use the --permutation option. 
INFO  @ Wed, 29 May 2024 11:04:39:   Permuting genes with 2 sgRNAs... 
INFO  @ Wed, 29 May 2024 11:04:39:   Permuting genes with 3 sgRNAs... 
INFO  @ Wed, 29 May 2024 11:04:39:   Permuting genes with 5 sgRNAs... 
INFO  @ Wed, 29 May 2024 11:04:39:   Permuting genes with 6 sgRNAs... 
INFO  @ Wed, 29 May 2024 11:04:39:   Permuting genes with 9 sgRNAs... 
INFO  @ Wed, 29 May 2024 11:04:39:   Permuting genes with 13 sgRNAs... 
INFO  @ Wed, 29 May 2024 11:04:39:   Permuting genes with 15 sgRNAs... 
INFO  @ Wed, 29 May 2024 11:04:39:   Number of genes under FDR adjustment: 202 
INFO  @ Wed, 29 May 2024 11:04:39:   Saving to output file... 
INFO  @ Wed, 29 May 2024 11:04:39:   RRA completed. 
INFO  @ Wed, 29 May 2024 11:04:39:   Groups deletion complete. 
INFO  @ Wed, 29 May 2024 11:04:39:   Lists deletion complete. 
INFO  @ Wed, 29 May 2024 11:04:39:    
INFO  @ Wed, 29 May 2024 11:04:39: End command message. 
DEBUG @ Wed, 29 May 2024 11:04:39: Sorting the merged items by negative selection... 
INFO  @ Wed, 29 May 2024 11:04:39: Loading top 10 genes from Q4_presort_PAIRED.gene.low.txt: V369V,safe-target-24,non-target-10,non-target-28,p.G364C,safe-target-13,p.G378C,non-target-22,non-target-5,p.I416F 
DEBUG @ Wed, 29 May 2024 11:04:39: Column index:3 
INFO  @ Wed, 29 May 2024 11:04:39: Loading top 10 genes from Q4_presort_PAIRED.gene.high.txt: safe-target-15,safe-target-10,p.H210P,safe-target-26,p.R320Q,p.G378C,p.R362Q,p.A184G,p.V369L,p.H274R 
DEBUG @ Wed, 29 May 2024 11:04:39: Column index:9 
INFO  @ Wed, 29 May 2024 11:04:39: Running command: rm Q4_presort_PAIRED.plow.txt 
INFO  @ Wed, 29 May 2024 11:04:39: Running command: rm Q4_presort_PAIRED.phigh.txt 
INFO  @ Wed, 29 May 2024 11:04:39: Running command: rm Q4_presort_PAIRED.gene.low.txt 
INFO  @ Wed, 29 May 2024 11:04:39: Running command: rm Q4_presort_PAIRED.gene.high.txt 
