INFO  @ Wed, 29 May 2024 15:55:48: Parameters: /Users/samgould/opt/anaconda3/envs/mageckenv/bin/mageck test -k /Users/samgould/Documents/GitHub/KEAP1-pegRNA-sensor-targeted-library/mageck_counts.txt -t REP1_Q4,REP2_Q4,REP3_Q4 -c REP1_Q1,REP2_Q1,REP3_Q1 --paired --normcounts-to-file --control-sgrna /Users/samgould/Documents/GitHub/KEAP1-pegRNA-sensor-targeted-library/non_targeting_guides.txt -n Q4_Q1_presort_PAIRED_controls 
INFO  @ Wed, 29 May 2024 15:55:48: Welcome to MAGeCK v0.5.9.5. Command: test 
INFO  @ Wed, 29 May 2024 15:55:48: Loading count table from /Users/samgould/Documents/GitHub/KEAP1-pegRNA-sensor-targeted-library/mageck_counts.txt  
INFO  @ Wed, 29 May 2024 15:55:48: Processing 1 lines.. 
DEBUG @ Wed, 29 May 2024 15:55:48: Parsing error in line 1 (usually the header line). Skip this line. 
INFO  @ Wed, 29 May 2024 15:55:48: Loaded 500 records. 
INFO  @ Wed, 29 May 2024 15:55:48: 41 out of 41 control sgRNAs are found in count table. 
INFO  @ Wed, 29 May 2024 15:55:48: Loading Rnw template file: /Users/samgould/opt/anaconda3/envs/mageckenv/lib/python3.10/site-packages/mageck/test_report.Rmd. 
DEBUG @ Wed, 29 May 2024 15:55:48: Setting up the visualization module... 
INFO  @ Wed, 29 May 2024 15:55:48: Loading R template file: /Users/samgould/opt/anaconda3/envs/mageckenv/lib/python3.10/site-packages/mageck/plot_template.RTemplate. 
INFO  @ Wed, 29 May 2024 15:55:48: Loading R template file: /Users/samgould/opt/anaconda3/envs/mageckenv/lib/python3.10/site-packages/mageck/plot_template_indvgene.RTemplate. 
INFO  @ Wed, 29 May 2024 15:55:48: Loading Rnw template file: /Users/samgould/opt/anaconda3/envs/mageckenv/lib/python3.10/site-packages/mageck/plot_template.Rnw. 
DEBUG @ Wed, 29 May 2024 15:55:48: Setting up the visualization module... 
DEBUG @ Wed, 29 May 2024 15:55:48: Given sample labels: REP1_Q4,REP2_Q4,REP3_Q4 
DEBUG @ Wed, 29 May 2024 15:55:48: Converted index: 3 7 11 
INFO  @ Wed, 29 May 2024 15:55:48: Treatment samples:REP1_Q4,REP2_Q4,REP3_Q4 
INFO  @ Wed, 29 May 2024 15:55:48: Treatment sample index:3,7,11 
DEBUG @ Wed, 29 May 2024 15:55:48: Given sample labels: REP1_Q1,REP2_Q1,REP3_Q1 
DEBUG @ Wed, 29 May 2024 15:55:48: Converted index: 0 4 8 
INFO  @ Wed, 29 May 2024 15:55:48: Control samples:REP1_Q1,REP2_Q1,REP3_Q1 
INFO  @ Wed, 29 May 2024 15:55:48: Control sample index:0,4,8 
DEBUG @ Wed, 29 May 2024 15:55:48: Initial (total) size factor: 1.4009813124145611 0.7861103534617262 1.0315236559405194 1.1761290524324366 0.7301638376784922 1.21228815744519 
DEBUG @ Wed, 29 May 2024 15:55:48: Median factor: 1.2963083783218428 0.7621351201129536 1.0315995927259216 1.1332866675766997 0.7628370639983938 1.1929046224230284 
INFO  @ Wed, 29 May 2024 15:55:48: Final size factor: 1.2963083783218428 0.7621351201129536 1.0315995927259216 1.1332866675766997 0.7628370639983938 1.1929046224230284 
INFO  @ Wed, 29 May 2024 15:55:48: Writing normalized read counts to Q4_Q1_presort_PAIRED_controls.normalized.txt 
INFO  @ Wed, 29 May 2024 15:55:48: The updated negative control ID file is:Q4_Q1_presort_PAIRED_controls.negctrl_ids.txt 
INFO  @ Wed, 29 May 2024 15:55:48: Detecting outliers from variance estimation.. Avg read count:[112.90040159270148], Var: [972622.6129218241] 
INFO  @ Wed, 29 May 2024 15:55:48: Skipping 23 sgRNAs from variance calculation because of their extreme high counts (> 4* STD (mean counts) ). 
DEBUG @ Wed, 29 May 2024 15:55:48: Adjusted model: 1.1911313613533236	0.9771496532315874 
INFO  @ Wed, 29 May 2024 15:55:48: Before RRA, 11 sgRNAs are removed with zero counts in both group(s). 
INFO  @ Wed, 29 May 2024 15:55:48: Use qnorm to reversely calculate sgRNA scores ... 
DEBUG @ Wed, 29 May 2024 15:55:48: lower test FDR cutoff: 0.3304231027535259 
DEBUG @ Wed, 29 May 2024 15:55:48: higher test FDR cutoff: 0.3525856279382136 
INFO  @ Wed, 29 May 2024 15:55:48: Running command: RRA -i Q4_Q1_presort_PAIRED_controls.plow.txt -o Q4_Q1_presort_PAIRED_controls.gene.low.txt -p 0.3304231027535259 --control Q4_Q1_presort_PAIRED_controls.negctrl_ids.txt --skip-gene NA --skip-gene na  
INFO  @ Wed, 29 May 2024 15:55:49: Command message: 
INFO  @ Wed, 29 May 2024 15:55:49:   Welcome to RRA v 0.5.9. 
INFO  @ Wed, 29 May 2024 15:55:49:   124 control sequences loaded. 
INFO  @ Wed, 29 May 2024 15:55:49:   Skipping gene NA for permutation ... 
INFO  @ Wed, 29 May 2024 15:55:49:   Skipping gene na for permutation ... 
INFO  @ Wed, 29 May 2024 15:55:49:   Reading input file... 
INFO  @ Wed, 29 May 2024 15:55:49:   Summary: 1489 sgRNAs, 202 genes, 1 lists; skipped sgRNAs:0 
INFO  @ Wed, 29 May 2024 15:55:49:   Computing lo-values for each group... 
INFO  @ Wed, 29 May 2024 15:55:49:   Skipping gene non-target-5 for permutation ... 
INFO  @ Wed, 29 May 2024 15:55:49:   Skipping gene non-target-15 for permutation ... 
INFO  @ Wed, 29 May 2024 15:55:49:   Skipping gene non-target-2 for permutation ... 
INFO  @ Wed, 29 May 2024 15:55:49:   Skipping gene non-target-28 for permutation ... 
INFO  @ Wed, 29 May 2024 15:55:49:   Skipping gene non-target-11 for permutation ... 
INFO  @ Wed, 29 May 2024 15:55:49:   Skipping gene non-target-17 for permutation ... 
INFO  @ Wed, 29 May 2024 15:55:49:   Skipping gene non-target-25 for permutation ... 
INFO  @ Wed, 29 May 2024 15:55:49:   Skipping gene non-target-33 for permutation ... 
INFO  @ Wed, 29 May 2024 15:55:49:   Skipping gene non-target-6 for permutation ... 
INFO  @ Wed, 29 May 2024 15:55:49:   Skipping gene non-target-38 for permutation ... 
INFO  @ Wed, 29 May 2024 15:55:49:   Skipping gene non-target-10 for permutation ... 
INFO  @ Wed, 29 May 2024 15:55:49:   Skipping gene non-target-4 for permutation ... 
INFO  @ Wed, 29 May 2024 15:55:49:   Skipping gene non-target-14 for permutation ... 
INFO  @ Wed, 29 May 2024 15:55:49:   Skipping gene non-target-22 for permutation ... 
INFO  @ Wed, 29 May 2024 15:55:49:   Skipping gene non-target-13 for permutation ... 
INFO  @ Wed, 29 May 2024 15:55:49:   Skipping gene non-target-27 for permutation ... 
INFO  @ Wed, 29 May 2024 15:55:49:   Skipping gene non-target-7 for permutation ... 
INFO  @ Wed, 29 May 2024 15:55:49:   Skipping gene non-target-9 for permutation ... 
INFO  @ Wed, 29 May 2024 15:55:49:   Skipping gene non-target-19 for permutation ... 
INFO  @ Wed, 29 May 2024 15:55:49:   Skipping gene non-target-40 for permutation ... 
INFO  @ Wed, 29 May 2024 15:55:49:   Skipping gene non-target-39 for permutation ... 
INFO  @ Wed, 29 May 2024 15:55:49:   Skipping gene non-target-35 for permutation ... 
INFO  @ Wed, 29 May 2024 15:55:49:   Skipping gene non-target-29 for permutation ... 
INFO  @ Wed, 29 May 2024 15:55:49:   Skipping gene non-target-23 for permutation ... 
INFO  @ Wed, 29 May 2024 15:55:49:   Skipping gene non-target-24 for permutation ... 
INFO  @ Wed, 29 May 2024 15:55:49:   Skipping gene non-target-30 for permutation ... 
INFO  @ Wed, 29 May 2024 15:55:49:   Skipping gene non-target-37 for permutation ... 
INFO  @ Wed, 29 May 2024 15:55:49:   Skipping gene non-target-12 for permutation ... 
INFO  @ Wed, 29 May 2024 15:55:49:   Skipping gene non-target-32 for permutation ... 
INFO  @ Wed, 29 May 2024 15:55:49:   Skipping gene non-target-26 for permutation ... 
INFO  @ Wed, 29 May 2024 15:55:49:   Skipping gene non-target-41 for permutation ... 
INFO  @ Wed, 29 May 2024 15:55:49:   Skipping gene non-target-8 for permutation ... 
INFO  @ Wed, 29 May 2024 15:55:49:   Skipping gene non-target-3 for permutation ... 
INFO  @ Wed, 29 May 2024 15:55:49:   Skipping gene non-target-31 for permutation ... 
INFO  @ Wed, 29 May 2024 15:55:49:   Skipping gene non-target-20 for permutation ... 
INFO  @ Wed, 29 May 2024 15:55:49:   Skipping gene non-target-36 for permutation ... 
INFO  @ Wed, 29 May 2024 15:55:49:   Skipping gene non-target-16 for permutation ... 
INFO  @ Wed, 29 May 2024 15:55:49:   Skipping gene non-target-1 for permutation ... 
INFO  @ Wed, 29 May 2024 15:55:49:   Skipping gene non-target-21 for permutation ... 
INFO  @ Wed, 29 May 2024 15:55:49:   Skipping gene non-target-34 for permutation ... 
INFO  @ Wed, 29 May 2024 15:55:49:   Skipping gene non-target-18 for permutation ... 
INFO  @ Wed, 29 May 2024 15:55:49:   Warning: sgRNA  not found in the ranked list.  
INFO  @ Wed, 29 May 2024 15:55:49:   Warning: sgRNA pegRNA_462_r0 not found in the ranked list.  
INFO  @ Wed, 29 May 2024 15:55:49:   Computing false discovery rate... 
INFO  @ Wed, 29 May 2024 15:55:49:   Increase the number of permutations to 496 to get precise p values. To avoid this, use the --permutation option. 
INFO  @ Wed, 29 May 2024 15:55:49:   Total # control sgRNAs: 122 
INFO  @ Wed, 29 May 2024 15:55:49:   Permuting genes with 1 sgRNAs... 
INFO  @ Wed, 29 May 2024 15:55:49:   Permuting genes with 3 sgRNAs... 
INFO  @ Wed, 29 May 2024 15:55:49:   Permuting genes with 5 sgRNAs... 
INFO  @ Wed, 29 May 2024 15:55:49:   Permuting genes with 6 sgRNAs... 
INFO  @ Wed, 29 May 2024 15:55:49:   Permuting genes with 9 sgRNAs... 
INFO  @ Wed, 29 May 2024 15:55:49:   Permuting genes with 12 sgRNAs... 
INFO  @ Wed, 29 May 2024 15:55:49:   Permuting genes with 15 sgRNAs... 
INFO  @ Wed, 29 May 2024 15:55:49:   Number of genes under FDR adjustment: 202 
INFO  @ Wed, 29 May 2024 15:55:49:   Saving to output file... 
INFO  @ Wed, 29 May 2024 15:55:49:   Suppressing the output of gene non-target-5 since it is negative ontrol genes. 
INFO  @ Wed, 29 May 2024 15:55:49:   Suppressing the output of gene non-target-2 since it is negative ontrol genes. 
INFO  @ Wed, 29 May 2024 15:55:49:   Suppressing the output of gene non-target-15 since it is negative ontrol genes. 
INFO  @ Wed, 29 May 2024 15:55:49:   Suppressing the output of gene non-target-28 since it is negative ontrol genes. 
INFO  @ Wed, 29 May 2024 15:55:49:   Suppressing the output of gene non-target-17 since it is negative ontrol genes. 
INFO  @ Wed, 29 May 2024 15:55:49:   Suppressing the output of gene non-target-10 since it is negative ontrol genes. 
INFO  @ Wed, 29 May 2024 15:55:49:   Suppressing the output of gene non-target-11 since it is negative ontrol genes. 
INFO  @ Wed, 29 May 2024 15:55:49:   Suppressing the output of gene non-target-33 since it is negative ontrol genes. 
INFO  @ Wed, 29 May 2024 15:55:49:   Suppressing the output of gene non-target-4 since it is negative ontrol genes. 
INFO  @ Wed, 29 May 2024 15:55:49:   Suppressing the output of gene non-target-25 since it is negative ontrol genes. 
INFO  @ Wed, 29 May 2024 15:55:49:   Suppressing the output of gene non-target-6 since it is negative ontrol genes. 
INFO  @ Wed, 29 May 2024 15:55:49:   Suppressing the output of gene non-target-38 since it is negative ontrol genes. 
INFO  @ Wed, 29 May 2024 15:55:49:   Suppressing the output of gene non-target-35 since it is negative ontrol genes. 
INFO  @ Wed, 29 May 2024 15:55:49:   Suppressing the output of gene non-target-14 since it is negative ontrol genes. 
INFO  @ Wed, 29 May 2024 15:55:49:   Suppressing the output of gene non-target-22 since it is negative ontrol genes. 
INFO  @ Wed, 29 May 2024 15:55:49:   Suppressing the output of gene non-target-13 since it is negative ontrol genes. 
INFO  @ Wed, 29 May 2024 15:55:49:   Suppressing the output of gene non-target-27 since it is negative ontrol genes. 
INFO  @ Wed, 29 May 2024 15:55:49:   Suppressing the output of gene non-target-24 since it is negative ontrol genes. 
INFO  @ Wed, 29 May 2024 15:55:49:   Suppressing the output of gene non-target-7 since it is negative ontrol genes. 
INFO  @ Wed, 29 May 2024 15:55:49:   Suppressing the output of gene non-target-9 since it is negative ontrol genes. 
INFO  @ Wed, 29 May 2024 15:55:49:   Suppressing the output of gene non-target-19 since it is negative ontrol genes. 
INFO  @ Wed, 29 May 2024 15:55:49:   Suppressing the output of gene non-target-40 since it is negative ontrol genes. 
INFO  @ Wed, 29 May 2024 15:55:49:   Suppressing the output of gene non-target-39 since it is negative ontrol genes. 
INFO  @ Wed, 29 May 2024 15:55:49:   Suppressing the output of gene non-target-29 since it is negative ontrol genes. 
INFO  @ Wed, 29 May 2024 15:55:49:   Suppressing the output of gene non-target-23 since it is negative ontrol genes. 
INFO  @ Wed, 29 May 2024 15:55:49:   Suppressing the output of gene non-target-3 since it is negative ontrol genes. 
INFO  @ Wed, 29 May 2024 15:55:49:   Suppressing the output of gene non-target-30 since it is negative ontrol genes. 
INFO  @ Wed, 29 May 2024 15:55:49:   Suppressing the output of gene non-target-37 since it is negative ontrol genes. 
INFO  @ Wed, 29 May 2024 15:55:49:   Suppressing the output of gene non-target-12 since it is negative ontrol genes. 
INFO  @ Wed, 29 May 2024 15:55:49:   Suppressing the output of gene non-target-32 since it is negative ontrol genes. 
INFO  @ Wed, 29 May 2024 15:55:49:   Suppressing the output of gene non-target-26 since it is negative ontrol genes. 
INFO  @ Wed, 29 May 2024 15:55:49:   Suppressing the output of gene non-target-41 since it is negative ontrol genes. 
INFO  @ Wed, 29 May 2024 15:55:49:   Suppressing the output of gene non-target-8 since it is negative ontrol genes. 
INFO  @ Wed, 29 May 2024 15:55:49:   Suppressing the output of gene non-target-31 since it is negative ontrol genes. 
INFO  @ Wed, 29 May 2024 15:55:49:   Suppressing the output of gene non-target-20 since it is negative ontrol genes. 
INFO  @ Wed, 29 May 2024 15:55:49:   Suppressing the output of gene non-target-36 since it is negative ontrol genes. 
INFO  @ Wed, 29 May 2024 15:55:49:   Suppressing the output of gene non-target-16 since it is negative ontrol genes. 
INFO  @ Wed, 29 May 2024 15:55:49:   Suppressing the output of gene non-target-1 since it is negative ontrol genes. 
INFO  @ Wed, 29 May 2024 15:55:49:   Suppressing the output of gene non-target-21 since it is negative ontrol genes. 
INFO  @ Wed, 29 May 2024 15:55:49:   Suppressing the output of gene non-target-34 since it is negative ontrol genes. 
INFO  @ Wed, 29 May 2024 15:55:49:   Suppressing the output of gene non-target-18 since it is negative ontrol genes. 
INFO  @ Wed, 29 May 2024 15:55:49:   RRA completed. 
INFO  @ Wed, 29 May 2024 15:55:49:   Groups deletion complete. 
INFO  @ Wed, 29 May 2024 15:55:49:   Lists deletion complete. 
INFO  @ Wed, 29 May 2024 15:55:49:   ControlSeqPercentile deletion complete. 
INFO  @ Wed, 29 May 2024 15:55:49:    
INFO  @ Wed, 29 May 2024 15:55:49: End command message. 
INFO  @ Wed, 29 May 2024 15:55:49: Running command: RRA -i Q4_Q1_presort_PAIRED_controls.phigh.txt -o Q4_Q1_presort_PAIRED_controls.gene.high.txt -p 0.3525856279382136 --control Q4_Q1_presort_PAIRED_controls.negctrl_ids.txt --skip-gene NA --skip-gene na  
INFO  @ Wed, 29 May 2024 15:55:49: Command message: 
INFO  @ Wed, 29 May 2024 15:55:49:   Welcome to RRA v 0.5.9. 
INFO  @ Wed, 29 May 2024 15:55:49:   124 control sequences loaded. 
INFO  @ Wed, 29 May 2024 15:55:49:   Skipping gene NA for permutation ... 
INFO  @ Wed, 29 May 2024 15:55:49:   Skipping gene na for permutation ... 
INFO  @ Wed, 29 May 2024 15:55:49:   Reading input file... 
INFO  @ Wed, 29 May 2024 15:55:49:   Summary: 1489 sgRNAs, 202 genes, 1 lists; skipped sgRNAs:0 
INFO  @ Wed, 29 May 2024 15:55:49:   Computing lo-values for each group... 
INFO  @ Wed, 29 May 2024 15:55:49:   Skipping gene non-target-11 for permutation ... 
INFO  @ Wed, 29 May 2024 15:55:49:   Skipping gene non-target-18 for permutation ... 
INFO  @ Wed, 29 May 2024 15:55:49:   Skipping gene non-target-30 for permutation ... 
INFO  @ Wed, 29 May 2024 15:55:49:   Skipping gene non-target-34 for permutation ... 
INFO  @ Wed, 29 May 2024 15:55:49:   Skipping gene non-target-7 for permutation ... 
INFO  @ Wed, 29 May 2024 15:55:49:   Skipping gene non-target-40 for permutation ... 
INFO  @ Wed, 29 May 2024 15:55:49:   Skipping gene non-target-23 for permutation ... 
INFO  @ Wed, 29 May 2024 15:55:49:   Skipping gene non-target-37 for permutation ... 
INFO  @ Wed, 29 May 2024 15:55:49:   Skipping gene non-target-1 for permutation ... 
INFO  @ Wed, 29 May 2024 15:55:49:   Skipping gene non-target-21 for permutation ... 
INFO  @ Wed, 29 May 2024 15:55:49:   Skipping gene non-target-20 for permutation ... 
INFO  @ Wed, 29 May 2024 15:55:49:   Skipping gene non-target-9 for permutation ... 
INFO  @ Wed, 29 May 2024 15:55:49:   Skipping gene non-target-31 for permutation ... 
INFO  @ Wed, 29 May 2024 15:55:49:   Skipping gene non-target-19 for permutation ... 
INFO  @ Wed, 29 May 2024 15:55:49:   Skipping gene non-target-41 for permutation ... 
INFO  @ Wed, 29 May 2024 15:55:49:   Skipping gene non-target-28 for permutation ... 
INFO  @ Wed, 29 May 2024 15:55:49:   Skipping gene non-target-36 for permutation ... 
INFO  @ Wed, 29 May 2024 15:55:49:   Skipping gene non-target-33 for permutation ... 
INFO  @ Wed, 29 May 2024 15:55:49:   Skipping gene non-target-16 for permutation ... 
INFO  @ Wed, 29 May 2024 15:55:49:   Skipping gene non-target-29 for permutation ... 
INFO  @ Wed, 29 May 2024 15:55:49:   Skipping gene non-target-14 for permutation ... 
INFO  @ Wed, 29 May 2024 15:55:49:   Skipping gene non-target-8 for permutation ... 
INFO  @ Wed, 29 May 2024 15:55:49:   Skipping gene non-target-4 for permutation ... 
INFO  @ Wed, 29 May 2024 15:55:49:   Skipping gene non-target-39 for permutation ... 
INFO  @ Wed, 29 May 2024 15:55:49:   Skipping gene non-target-12 for permutation ... 
INFO  @ Wed, 29 May 2024 15:55:49:   Skipping gene non-target-6 for permutation ... 
INFO  @ Wed, 29 May 2024 15:55:49:   Skipping gene non-target-38 for permutation ... 
INFO  @ Wed, 29 May 2024 15:55:49:   Skipping gene non-target-13 for permutation ... 
INFO  @ Wed, 29 May 2024 15:55:49:   Skipping gene non-target-32 for permutation ... 
INFO  @ Wed, 29 May 2024 15:55:49:   Skipping gene non-target-25 for permutation ... 
INFO  @ Wed, 29 May 2024 15:55:49:   Skipping gene non-target-15 for permutation ... 
INFO  @ Wed, 29 May 2024 15:55:49:   Skipping gene non-target-35 for permutation ... 
INFO  @ Wed, 29 May 2024 15:55:49:   Skipping gene non-target-3 for permutation ... 
INFO  @ Wed, 29 May 2024 15:55:49:   Skipping gene non-target-24 for permutation ... 
INFO  @ Wed, 29 May 2024 15:55:49:   Skipping gene non-target-27 for permutation ... 
INFO  @ Wed, 29 May 2024 15:55:49:   Skipping gene non-target-10 for permutation ... 
INFO  @ Wed, 29 May 2024 15:55:49:   Skipping gene non-target-26 for permutation ... 
INFO  @ Wed, 29 May 2024 15:55:49:   Skipping gene non-target-22 for permutation ... 
INFO  @ Wed, 29 May 2024 15:55:49:   Skipping gene non-target-17 for permutation ... 
INFO  @ Wed, 29 May 2024 15:55:49:   Skipping gene non-target-5 for permutation ... 
INFO  @ Wed, 29 May 2024 15:55:49:   Skipping gene non-target-2 for permutation ... 
INFO  @ Wed, 29 May 2024 15:55:49:   Warning: sgRNA  not found in the ranked list.  
INFO  @ Wed, 29 May 2024 15:55:49:   Warning: sgRNA pegRNA_462_r0 not found in the ranked list.  
INFO  @ Wed, 29 May 2024 15:55:49:   Computing false discovery rate... 
INFO  @ Wed, 29 May 2024 15:55:49:   Increase the number of permutations to 496 to get precise p values. To avoid this, use the --permutation option. 
INFO  @ Wed, 29 May 2024 15:55:49:   Total # control sgRNAs: 122 
INFO  @ Wed, 29 May 2024 15:55:49:   Permuting genes with 1 sgRNAs... 
INFO  @ Wed, 29 May 2024 15:55:49:   Permuting genes with 3 sgRNAs... 
INFO  @ Wed, 29 May 2024 15:55:49:   Permuting genes with 5 sgRNAs... 
INFO  @ Wed, 29 May 2024 15:55:49:   Permuting genes with 6 sgRNAs... 
INFO  @ Wed, 29 May 2024 15:55:49:   Permuting genes with 9 sgRNAs... 
INFO  @ Wed, 29 May 2024 15:55:49:   Permuting genes with 12 sgRNAs... 
INFO  @ Wed, 29 May 2024 15:55:49:   Permuting genes with 15 sgRNAs... 
INFO  @ Wed, 29 May 2024 15:55:49:   Number of genes under FDR adjustment: 202 
INFO  @ Wed, 29 May 2024 15:55:49:   Saving to output file... 
INFO  @ Wed, 29 May 2024 15:55:49:   Suppressing the output of gene non-target-18 since it is negative ontrol genes. 
INFO  @ Wed, 29 May 2024 15:55:49:   Suppressing the output of gene non-target-34 since it is negative ontrol genes. 
INFO  @ Wed, 29 May 2024 15:55:49:   Suppressing the output of gene non-target-21 since it is negative ontrol genes. 
INFO  @ Wed, 29 May 2024 15:55:49:   Suppressing the output of gene non-target-1 since it is negative ontrol genes. 
INFO  @ Wed, 29 May 2024 15:55:49:   Suppressing the output of gene non-target-30 since it is negative ontrol genes. 
INFO  @ Wed, 29 May 2024 15:55:49:   Suppressing the output of gene non-target-16 since it is negative ontrol genes. 
INFO  @ Wed, 29 May 2024 15:55:49:   Suppressing the output of gene non-target-36 since it is negative ontrol genes. 
INFO  @ Wed, 29 May 2024 15:55:49:   Suppressing the output of gene non-target-11 since it is negative ontrol genes. 
INFO  @ Wed, 29 May 2024 15:55:49:   Suppressing the output of gene non-target-29 since it is negative ontrol genes. 
INFO  @ Wed, 29 May 2024 15:55:49:   Suppressing the output of gene non-target-7 since it is negative ontrol genes. 
INFO  @ Wed, 29 May 2024 15:55:49:   Suppressing the output of gene non-target-14 since it is negative ontrol genes. 
INFO  @ Wed, 29 May 2024 15:55:49:   Suppressing the output of gene non-target-20 since it is negative ontrol genes. 
INFO  @ Wed, 29 May 2024 15:55:49:   Suppressing the output of gene non-target-40 since it is negative ontrol genes. 
INFO  @ Wed, 29 May 2024 15:55:49:   Suppressing the output of gene non-target-19 since it is negative ontrol genes. 
INFO  @ Wed, 29 May 2024 15:55:49:   Suppressing the output of gene non-target-23 since it is negative ontrol genes. 
INFO  @ Wed, 29 May 2024 15:55:49:   Suppressing the output of gene non-target-37 since it is negative ontrol genes. 
INFO  @ Wed, 29 May 2024 15:55:49:   Suppressing the output of gene non-target-9 since it is negative ontrol genes. 
INFO  @ Wed, 29 May 2024 15:55:49:   Suppressing the output of gene non-target-41 since it is negative ontrol genes. 
INFO  @ Wed, 29 May 2024 15:55:49:   Suppressing the output of gene non-target-31 since it is negative ontrol genes. 
INFO  @ Wed, 29 May 2024 15:55:49:   Suppressing the output of gene non-target-28 since it is negative ontrol genes. 
INFO  @ Wed, 29 May 2024 15:55:49:   Suppressing the output of gene non-target-33 since it is negative ontrol genes. 
INFO  @ Wed, 29 May 2024 15:55:49:   Suppressing the output of gene non-target-8 since it is negative ontrol genes. 
INFO  @ Wed, 29 May 2024 15:55:49:   Suppressing the output of gene non-target-4 since it is negative ontrol genes. 
INFO  @ Wed, 29 May 2024 15:55:49:   Suppressing the output of gene non-target-39 since it is negative ontrol genes. 
INFO  @ Wed, 29 May 2024 15:55:49:   Suppressing the output of gene non-target-12 since it is negative ontrol genes. 
INFO  @ Wed, 29 May 2024 15:55:49:   Suppressing the output of gene non-target-6 since it is negative ontrol genes. 
INFO  @ Wed, 29 May 2024 15:55:49:   Suppressing the output of gene non-target-3 since it is negative ontrol genes. 
INFO  @ Wed, 29 May 2024 15:55:49:   Suppressing the output of gene non-target-38 since it is negative ontrol genes. 
INFO  @ Wed, 29 May 2024 15:55:49:   Suppressing the output of gene non-target-13 since it is negative ontrol genes. 
INFO  @ Wed, 29 May 2024 15:55:49:   Suppressing the output of gene non-target-32 since it is negative ontrol genes. 
INFO  @ Wed, 29 May 2024 15:55:49:   Suppressing the output of gene non-target-25 since it is negative ontrol genes. 
INFO  @ Wed, 29 May 2024 15:55:49:   Suppressing the output of gene non-target-15 since it is negative ontrol genes. 
INFO  @ Wed, 29 May 2024 15:55:49:   Suppressing the output of gene non-target-35 since it is negative ontrol genes. 
INFO  @ Wed, 29 May 2024 15:55:49:   Suppressing the output of gene non-target-24 since it is negative ontrol genes. 
INFO  @ Wed, 29 May 2024 15:55:49:   Suppressing the output of gene non-target-27 since it is negative ontrol genes. 
INFO  @ Wed, 29 May 2024 15:55:49:   Suppressing the output of gene non-target-10 since it is negative ontrol genes. 
INFO  @ Wed, 29 May 2024 15:55:49:   Suppressing the output of gene non-target-26 since it is negative ontrol genes. 
INFO  @ Wed, 29 May 2024 15:55:49:   Suppressing the output of gene non-target-22 since it is negative ontrol genes. 
INFO  @ Wed, 29 May 2024 15:55:49:   Suppressing the output of gene non-target-17 since it is negative ontrol genes. 
INFO  @ Wed, 29 May 2024 15:55:49:   Suppressing the output of gene non-target-5 since it is negative ontrol genes. 
INFO  @ Wed, 29 May 2024 15:55:49:   Suppressing the output of gene non-target-2 since it is negative ontrol genes. 
INFO  @ Wed, 29 May 2024 15:55:49:   RRA completed. 
INFO  @ Wed, 29 May 2024 15:55:49:   Groups deletion complete. 
INFO  @ Wed, 29 May 2024 15:55:49:   Lists deletion complete. 
INFO  @ Wed, 29 May 2024 15:55:49:   ControlSeqPercentile deletion complete. 
INFO  @ Wed, 29 May 2024 15:55:49:    
INFO  @ Wed, 29 May 2024 15:55:49: End command message. 
DEBUG @ Wed, 29 May 2024 15:55:49: Sorting the merged items by negative selection... 
INFO  @ Wed, 29 May 2024 15:55:49: Loading top 10 genes from Q4_Q1_presort_PAIRED_controls.gene.low.txt: safe-target-19,p.R234W,p.M550K,E192E,p.A510V,p.G558R,safe-target-16,p.G430C,p.S45F,G186G 
DEBUG @ Wed, 29 May 2024 15:55:49: Column index:3 
INFO  @ Wed, 29 May 2024 15:55:49: Loading top 10 genes from Q4_Q1_presort_PAIRED_controls.gene.high.txt: p.A184G,p.S224F,p.N414I,safe-target-42,p.V369L,p.H274R,safe-target-34,R601R,safe-target-12,safe-target-35 
DEBUG @ Wed, 29 May 2024 15:55:49: Column index:9 
INFO  @ Wed, 29 May 2024 15:55:49: Running command: rm Q4_Q1_presort_PAIRED_controls.plow.txt 
INFO  @ Wed, 29 May 2024 15:55:49: Running command: rm Q4_Q1_presort_PAIRED_controls.phigh.txt 
INFO  @ Wed, 29 May 2024 15:55:49: Running command: rm Q4_Q1_presort_PAIRED_controls.gene.low.txt 
INFO  @ Wed, 29 May 2024 15:55:49: Running command: rm Q4_Q1_presort_PAIRED_controls.gene.high.txt 
