INFO  @ Wed, 29 May 2024 15:57:53: Parameters: /Users/samgould/opt/anaconda3/envs/mageckenv/bin/mageck test -k /Users/samgould/Documents/GitHub/KEAP1-pegRNA-sensor-targeted-library/mageck_counts.txt -t REP1_Q4,REP2_Q4,REP3_Q4 -c REP1_Q2,REP2_Q2,REP3_Q2 --paired --normcounts-to-file --control-sgrna /Users/samgould/Documents/GitHub/KEAP1-pegRNA-sensor-targeted-library/non_targeting_guides.txt -n Q4_Q2_presort_PAIRED_controls 
INFO  @ Wed, 29 May 2024 15:57:53: Welcome to MAGeCK v0.5.9.5. Command: test 
INFO  @ Wed, 29 May 2024 15:57:54: Loading count table from /Users/samgould/Documents/GitHub/KEAP1-pegRNA-sensor-targeted-library/mageck_counts.txt  
INFO  @ Wed, 29 May 2024 15:57:54: Processing 1 lines.. 
DEBUG @ Wed, 29 May 2024 15:57:54: Parsing error in line 1 (usually the header line). Skip this line. 
INFO  @ Wed, 29 May 2024 15:57:54: Loaded 500 records. 
INFO  @ Wed, 29 May 2024 15:57:54: 41 out of 41 control sgRNAs are found in count table. 
INFO  @ Wed, 29 May 2024 15:57:54: Loading Rnw template file: /Users/samgould/opt/anaconda3/envs/mageckenv/lib/python3.10/site-packages/mageck/test_report.Rmd. 
DEBUG @ Wed, 29 May 2024 15:57:54: Setting up the visualization module... 
INFO  @ Wed, 29 May 2024 15:57:54: Loading R template file: /Users/samgould/opt/anaconda3/envs/mageckenv/lib/python3.10/site-packages/mageck/plot_template.RTemplate. 
INFO  @ Wed, 29 May 2024 15:57:54: Loading R template file: /Users/samgould/opt/anaconda3/envs/mageckenv/lib/python3.10/site-packages/mageck/plot_template_indvgene.RTemplate. 
INFO  @ Wed, 29 May 2024 15:57:54: Loading Rnw template file: /Users/samgould/opt/anaconda3/envs/mageckenv/lib/python3.10/site-packages/mageck/plot_template.Rnw. 
DEBUG @ Wed, 29 May 2024 15:57:54: Setting up the visualization module... 
DEBUG @ Wed, 29 May 2024 15:57:54: Given sample labels: REP1_Q4,REP2_Q4,REP3_Q4 
DEBUG @ Wed, 29 May 2024 15:57:54: Converted index: 3 7 11 
INFO  @ Wed, 29 May 2024 15:57:54: Treatment samples:REP1_Q4,REP2_Q4,REP3_Q4 
INFO  @ Wed, 29 May 2024 15:57:54: Treatment sample index:3,7,11 
DEBUG @ Wed, 29 May 2024 15:57:54: Given sample labels: REP1_Q2,REP2_Q2,REP3_Q2 
DEBUG @ Wed, 29 May 2024 15:57:54: Converted index: 1 5 9 
INFO  @ Wed, 29 May 2024 15:57:54: Control samples:REP1_Q2,REP2_Q2,REP3_Q2 
INFO  @ Wed, 29 May 2024 15:57:54: Control sample index:1,5,9 
DEBUG @ Wed, 29 May 2024 15:57:54: Initial (total) size factor: 0.8846723462381825 1.0915758366060033 0.7724285769371143 1.3467709530398617 0.8361016552662665 1.3881763007084518 
DEBUG @ Wed, 29 May 2024 15:57:54: Median factor: 0.8582585755511524 1.094511566120624 0.8648500600285233 1.2236248567426224 0.8194435799932713 1.318061886386673 
INFO  @ Wed, 29 May 2024 15:57:54: Final size factor: 0.8582585755511524 1.094511566120624 0.8648500600285233 1.2236248567426224 0.8194435799932713 1.318061886386673 
INFO  @ Wed, 29 May 2024 15:57:54: Writing normalized read counts to Q4_Q2_presort_PAIRED_controls.normalized.txt 
INFO  @ Wed, 29 May 2024 15:57:54: The updated negative control ID file is:Q4_Q2_presort_PAIRED_controls.negctrl_ids.txt 
INFO  @ Wed, 29 May 2024 15:57:54: Detecting outliers from variance estimation.. Avg read count:[118.72028394680339], Var: [1361025.0133198865] 
INFO  @ Wed, 29 May 2024 15:57:54: Skipping 24 sgRNAs from variance calculation because of their extreme high counts (> 4* STD (mean counts) ). 
DEBUG @ Wed, 29 May 2024 15:57:54: Adjusted model: 1.5236837509313155	0 
INFO  @ Wed, 29 May 2024 15:57:54: Before RRA, 8 sgRNAs are removed with zero counts in both group(s). 
INFO  @ Wed, 29 May 2024 15:57:54: Use qnorm to reversely calculate sgRNA scores ... 
DEBUG @ Wed, 29 May 2024 15:57:54: lower test FDR cutoff: 0.2687667560321716 
DEBUG @ Wed, 29 May 2024 15:57:54: higher test FDR cutoff: 0.2687667560321716 
INFO  @ Wed, 29 May 2024 15:57:54: Running command: RRA -i Q4_Q2_presort_PAIRED_controls.plow.txt -o Q4_Q2_presort_PAIRED_controls.gene.low.txt -p 0.2687667560321716 --control Q4_Q2_presort_PAIRED_controls.negctrl_ids.txt --skip-gene NA --skip-gene na  
INFO  @ Wed, 29 May 2024 15:57:54: Command message: 
INFO  @ Wed, 29 May 2024 15:57:54:   Welcome to RRA v 0.5.9. 
INFO  @ Wed, 29 May 2024 15:57:54:   124 control sequences loaded. 
INFO  @ Wed, 29 May 2024 15:57:54:   Skipping gene NA for permutation ... 
INFO  @ Wed, 29 May 2024 15:57:54:   Skipping gene na for permutation ... 
INFO  @ Wed, 29 May 2024 15:57:54:   Reading input file... 
INFO  @ Wed, 29 May 2024 15:57:54:   Summary: 1492 sgRNAs, 202 genes, 1 lists; skipped sgRNAs:0 
INFO  @ Wed, 29 May 2024 15:57:54:   Computing lo-values for each group... 
INFO  @ Wed, 29 May 2024 15:57:54:   Skipping gene non-target-5 for permutation ... 
INFO  @ Wed, 29 May 2024 15:57:54:   Skipping gene non-target-10 for permutation ... 
INFO  @ Wed, 29 May 2024 15:57:54:   Skipping gene non-target-15 for permutation ... 
INFO  @ Wed, 29 May 2024 15:57:54:   Skipping gene non-target-20 for permutation ... 
INFO  @ Wed, 29 May 2024 15:57:54:   Skipping gene non-target-23 for permutation ... 
INFO  @ Wed, 29 May 2024 15:57:54:   Skipping gene non-target-22 for permutation ... 
INFO  @ Wed, 29 May 2024 15:57:54:   Skipping gene non-target-24 for permutation ... 
INFO  @ Wed, 29 May 2024 15:57:54:   Skipping gene non-target-27 for permutation ... 
INFO  @ Wed, 29 May 2024 15:57:54:   Skipping gene non-target-28 for permutation ... 
INFO  @ Wed, 29 May 2024 15:57:54:   Skipping gene non-target-29 for permutation ... 
INFO  @ Wed, 29 May 2024 15:57:54:   Skipping gene non-target-31 for permutation ... 
INFO  @ Wed, 29 May 2024 15:57:54:   Skipping gene non-target-2 for permutation ... 
INFO  @ Wed, 29 May 2024 15:57:54:   Skipping gene non-target-35 for permutation ... 
INFO  @ Wed, 29 May 2024 15:57:54:   Skipping gene non-target-8 for permutation ... 
INFO  @ Wed, 29 May 2024 15:57:54:   Skipping gene non-target-17 for permutation ... 
INFO  @ Wed, 29 May 2024 15:57:54:   Skipping gene non-target-39 for permutation ... 
INFO  @ Wed, 29 May 2024 15:57:54:   Skipping gene non-target-16 for permutation ... 
INFO  @ Wed, 29 May 2024 15:57:54:   Skipping gene non-target-36 for permutation ... 
INFO  @ Wed, 29 May 2024 15:57:54:   Skipping gene non-target-14 for permutation ... 
INFO  @ Wed, 29 May 2024 15:57:54:   Skipping gene non-target-19 for permutation ... 
INFO  @ Wed, 29 May 2024 15:57:54:   Skipping gene non-target-12 for permutation ... 
INFO  @ Wed, 29 May 2024 15:57:54:   Skipping gene non-target-6 for permutation ... 
INFO  @ Wed, 29 May 2024 15:57:54:   Skipping gene non-target-26 for permutation ... 
INFO  @ Wed, 29 May 2024 15:57:54:   Skipping gene non-target-33 for permutation ... 
INFO  @ Wed, 29 May 2024 15:57:54:   Skipping gene non-target-1 for permutation ... 
INFO  @ Wed, 29 May 2024 15:57:54:   Skipping gene non-target-37 for permutation ... 
INFO  @ Wed, 29 May 2024 15:57:54:   Skipping gene non-target-25 for permutation ... 
INFO  @ Wed, 29 May 2024 15:57:54:   Skipping gene non-target-40 for permutation ... 
INFO  @ Wed, 29 May 2024 15:57:54:   Skipping gene non-target-3 for permutation ... 
INFO  @ Wed, 29 May 2024 15:57:54:   Skipping gene non-target-13 for permutation ... 
INFO  @ Wed, 29 May 2024 15:57:54:   Skipping gene non-target-30 for permutation ... 
INFO  @ Wed, 29 May 2024 15:57:54:   Skipping gene non-target-32 for permutation ... 
INFO  @ Wed, 29 May 2024 15:57:54:   Skipping gene non-target-7 for permutation ... 
INFO  @ Wed, 29 May 2024 15:57:54:   Skipping gene non-target-21 for permutation ... 
INFO  @ Wed, 29 May 2024 15:57:54:   Skipping gene non-target-18 for permutation ... 
INFO  @ Wed, 29 May 2024 15:57:54:   Skipping gene non-target-41 for permutation ... 
INFO  @ Wed, 29 May 2024 15:57:54:   Skipping gene non-target-4 for permutation ... 
INFO  @ Wed, 29 May 2024 15:57:54:   Skipping gene non-target-11 for permutation ... 
INFO  @ Wed, 29 May 2024 15:57:54:   Skipping gene non-target-38 for permutation ... 
INFO  @ Wed, 29 May 2024 15:57:54:   Skipping gene non-target-34 for permutation ... 
INFO  @ Wed, 29 May 2024 15:57:54:   Skipping gene non-target-9 for permutation ... 
INFO  @ Wed, 29 May 2024 15:57:54:   Warning: sgRNA  not found in the ranked list.  
INFO  @ Wed, 29 May 2024 15:57:54:   Warning: sgRNA pegRNA_462_r2 not found in the ranked list.  
INFO  @ Wed, 29 May 2024 15:57:54:   Computing false discovery rate... 
INFO  @ Wed, 29 May 2024 15:57:54:   Increase the number of permutations to 496 to get precise p values. To avoid this, use the --permutation option. 
INFO  @ Wed, 29 May 2024 15:57:54:   Total # control sgRNAs: 122 
INFO  @ Wed, 29 May 2024 15:57:54:   Permuting genes with 3 sgRNAs... 
INFO  @ Wed, 29 May 2024 15:57:54:   Permuting genes with 5 sgRNAs... 
INFO  @ Wed, 29 May 2024 15:57:54:   Permuting genes with 6 sgRNAs... 
INFO  @ Wed, 29 May 2024 15:57:54:   Permuting genes with 9 sgRNAs... 
INFO  @ Wed, 29 May 2024 15:57:54:   Permuting genes with 12 sgRNAs... 
INFO  @ Wed, 29 May 2024 15:57:54:   Permuting genes with 15 sgRNAs... 
INFO  @ Wed, 29 May 2024 15:57:54:   Number of genes under FDR adjustment: 202 
INFO  @ Wed, 29 May 2024 15:57:54:   Saving to output file... 
INFO  @ Wed, 29 May 2024 15:57:54:   Suppressing the output of gene non-target-5 since it is negative ontrol genes. 
INFO  @ Wed, 29 May 2024 15:57:54:   Suppressing the output of gene non-target-24 since it is negative ontrol genes. 
INFO  @ Wed, 29 May 2024 15:57:54:   Suppressing the output of gene non-target-27 since it is negative ontrol genes. 
INFO  @ Wed, 29 May 2024 15:57:54:   Suppressing the output of gene non-target-35 since it is negative ontrol genes. 
INFO  @ Wed, 29 May 2024 15:57:54:   Suppressing the output of gene non-target-13 since it is negative ontrol genes. 
INFO  @ Wed, 29 May 2024 15:57:54:   Suppressing the output of gene non-target-22 since it is negative ontrol genes. 
INFO  @ Wed, 29 May 2024 15:57:54:   Suppressing the output of gene non-target-14 since it is negative ontrol genes. 
INFO  @ Wed, 29 May 2024 15:57:54:   Suppressing the output of gene non-target-19 since it is negative ontrol genes. 
INFO  @ Wed, 29 May 2024 15:57:54:   Suppressing the output of gene non-target-10 since it is negative ontrol genes. 
INFO  @ Wed, 29 May 2024 15:57:54:   Suppressing the output of gene non-target-15 since it is negative ontrol genes. 
INFO  @ Wed, 29 May 2024 15:57:54:   Suppressing the output of gene non-target-16 since it is negative ontrol genes. 
INFO  @ Wed, 29 May 2024 15:57:54:   Suppressing the output of gene non-target-23 since it is negative ontrol genes. 
INFO  @ Wed, 29 May 2024 15:57:54:   Suppressing the output of gene non-target-20 since it is negative ontrol genes. 
INFO  @ Wed, 29 May 2024 15:57:54:   Suppressing the output of gene non-target-37 since it is negative ontrol genes. 
INFO  @ Wed, 29 May 2024 15:57:54:   Suppressing the output of gene non-target-7 since it is negative ontrol genes. 
INFO  @ Wed, 29 May 2024 15:57:54:   Suppressing the output of gene non-target-28 since it is negative ontrol genes. 
INFO  @ Wed, 29 May 2024 15:57:54:   Suppressing the output of gene non-target-6 since it is negative ontrol genes. 
INFO  @ Wed, 29 May 2024 15:57:54:   Suppressing the output of gene non-target-29 since it is negative ontrol genes. 
INFO  @ Wed, 29 May 2024 15:57:54:   Suppressing the output of gene non-target-31 since it is negative ontrol genes. 
INFO  @ Wed, 29 May 2024 15:57:54:   Suppressing the output of gene non-target-2 since it is negative ontrol genes. 
INFO  @ Wed, 29 May 2024 15:57:54:   Suppressing the output of gene non-target-8 since it is negative ontrol genes. 
INFO  @ Wed, 29 May 2024 15:57:54:   Suppressing the output of gene non-target-17 since it is negative ontrol genes. 
INFO  @ Wed, 29 May 2024 15:57:54:   Suppressing the output of gene non-target-39 since it is negative ontrol genes. 
INFO  @ Wed, 29 May 2024 15:57:54:   Suppressing the output of gene non-target-36 since it is negative ontrol genes. 
INFO  @ Wed, 29 May 2024 15:57:54:   Suppressing the output of gene non-target-12 since it is negative ontrol genes. 
INFO  @ Wed, 29 May 2024 15:57:54:   Suppressing the output of gene non-target-3 since it is negative ontrol genes. 
INFO  @ Wed, 29 May 2024 15:57:54:   Suppressing the output of gene non-target-26 since it is negative ontrol genes. 
INFO  @ Wed, 29 May 2024 15:57:54:   Suppressing the output of gene non-target-33 since it is negative ontrol genes. 
INFO  @ Wed, 29 May 2024 15:57:54:   Suppressing the output of gene non-target-1 since it is negative ontrol genes. 
INFO  @ Wed, 29 May 2024 15:57:54:   Suppressing the output of gene non-target-25 since it is negative ontrol genes. 
INFO  @ Wed, 29 May 2024 15:57:54:   Suppressing the output of gene non-target-40 since it is negative ontrol genes. 
INFO  @ Wed, 29 May 2024 15:57:54:   Suppressing the output of gene non-target-30 since it is negative ontrol genes. 
INFO  @ Wed, 29 May 2024 15:57:54:   Suppressing the output of gene non-target-32 since it is negative ontrol genes. 
INFO  @ Wed, 29 May 2024 15:57:54:   Suppressing the output of gene non-target-21 since it is negative ontrol genes. 
INFO  @ Wed, 29 May 2024 15:57:54:   Suppressing the output of gene non-target-18 since it is negative ontrol genes. 
INFO  @ Wed, 29 May 2024 15:57:54:   Suppressing the output of gene non-target-41 since it is negative ontrol genes. 
INFO  @ Wed, 29 May 2024 15:57:54:   Suppressing the output of gene non-target-4 since it is negative ontrol genes. 
INFO  @ Wed, 29 May 2024 15:57:54:   Suppressing the output of gene non-target-11 since it is negative ontrol genes. 
INFO  @ Wed, 29 May 2024 15:57:54:   Suppressing the output of gene non-target-38 since it is negative ontrol genes. 
INFO  @ Wed, 29 May 2024 15:57:54:   Suppressing the output of gene non-target-34 since it is negative ontrol genes. 
INFO  @ Wed, 29 May 2024 15:57:54:   Suppressing the output of gene non-target-9 since it is negative ontrol genes. 
INFO  @ Wed, 29 May 2024 15:57:54:   RRA completed. 
INFO  @ Wed, 29 May 2024 15:57:54:   Groups deletion complete. 
INFO  @ Wed, 29 May 2024 15:57:54:   Lists deletion complete. 
INFO  @ Wed, 29 May 2024 15:57:54:   ControlSeqPercentile deletion complete. 
INFO  @ Wed, 29 May 2024 15:57:54:    
INFO  @ Wed, 29 May 2024 15:57:54: End command message. 
INFO  @ Wed, 29 May 2024 15:57:54: Running command: RRA -i Q4_Q2_presort_PAIRED_controls.phigh.txt -o Q4_Q2_presort_PAIRED_controls.gene.high.txt -p 0.2687667560321716 --control Q4_Q2_presort_PAIRED_controls.negctrl_ids.txt --skip-gene NA --skip-gene na  
INFO  @ Wed, 29 May 2024 15:57:54: Command message: 
INFO  @ Wed, 29 May 2024 15:57:54:   Welcome to RRA v 0.5.9. 
INFO  @ Wed, 29 May 2024 15:57:54:   124 control sequences loaded. 
INFO  @ Wed, 29 May 2024 15:57:54:   Skipping gene NA for permutation ... 
INFO  @ Wed, 29 May 2024 15:57:54:   Skipping gene na for permutation ... 
INFO  @ Wed, 29 May 2024 15:57:54:   Reading input file... 
INFO  @ Wed, 29 May 2024 15:57:54:   Summary: 1492 sgRNAs, 202 genes, 1 lists; skipped sgRNAs:0 
INFO  @ Wed, 29 May 2024 15:57:54:   Computing lo-values for each group... 
INFO  @ Wed, 29 May 2024 15:57:54:   Skipping gene non-target-4 for permutation ... 
INFO  @ Wed, 29 May 2024 15:57:54:   Skipping gene non-target-34 for permutation ... 
INFO  @ Wed, 29 May 2024 15:57:54:   Skipping gene non-target-9 for permutation ... 
INFO  @ Wed, 29 May 2024 15:57:54:   Skipping gene non-target-41 for permutation ... 
INFO  @ Wed, 29 May 2024 15:57:54:   Skipping gene non-target-12 for permutation ... 
INFO  @ Wed, 29 May 2024 15:57:54:   Skipping gene non-target-25 for permutation ... 
INFO  @ Wed, 29 May 2024 15:57:54:   Skipping gene non-target-2 for permutation ... 
INFO  @ Wed, 29 May 2024 15:57:54:   Skipping gene non-target-40 for permutation ... 
INFO  @ Wed, 29 May 2024 15:57:54:   Skipping gene non-target-1 for permutation ... 
INFO  @ Wed, 29 May 2024 15:57:54:   Skipping gene non-target-3 for permutation ... 
INFO  @ Wed, 29 May 2024 15:57:54:   Skipping gene non-target-15 for permutation ... 
INFO  @ Wed, 29 May 2024 15:57:54:   Skipping gene non-target-32 for permutation ... 
INFO  @ Wed, 29 May 2024 15:57:54:   Skipping gene non-target-33 for permutation ... 
INFO  @ Wed, 29 May 2024 15:57:54:   Skipping gene non-target-28 for permutation ... 
INFO  @ Wed, 29 May 2024 15:57:54:   Skipping gene non-target-5 for permutation ... 
INFO  @ Wed, 29 May 2024 15:57:54:   Skipping gene non-target-38 for permutation ... 
INFO  @ Wed, 29 May 2024 15:57:54:   Skipping gene non-target-20 for permutation ... 
INFO  @ Wed, 29 May 2024 15:57:54:   Skipping gene non-target-8 for permutation ... 
INFO  @ Wed, 29 May 2024 15:57:54:   Skipping gene non-target-26 for permutation ... 
INFO  @ Wed, 29 May 2024 15:57:54:   Skipping gene non-target-6 for permutation ... 
INFO  @ Wed, 29 May 2024 15:57:54:   Skipping gene non-target-17 for permutation ... 
INFO  @ Wed, 29 May 2024 15:57:54:   Skipping gene non-target-23 for permutation ... 
INFO  @ Wed, 29 May 2024 15:57:54:   Skipping gene non-target-11 for permutation ... 
INFO  @ Wed, 29 May 2024 15:57:54:   Skipping gene non-target-19 for permutation ... 
INFO  @ Wed, 29 May 2024 15:57:54:   Skipping gene non-target-7 for permutation ... 
INFO  @ Wed, 29 May 2024 15:57:54:   Skipping gene non-target-18 for permutation ... 
INFO  @ Wed, 29 May 2024 15:57:54:   Skipping gene non-target-36 for permutation ... 
INFO  @ Wed, 29 May 2024 15:57:54:   Skipping gene non-target-16 for permutation ... 
INFO  @ Wed, 29 May 2024 15:57:54:   Skipping gene non-target-29 for permutation ... 
INFO  @ Wed, 29 May 2024 15:57:54:   Skipping gene non-target-30 for permutation ... 
INFO  @ Wed, 29 May 2024 15:57:54:   Skipping gene non-target-21 for permutation ... 
INFO  @ Wed, 29 May 2024 15:57:54:   Skipping gene non-target-31 for permutation ... 
INFO  @ Wed, 29 May 2024 15:57:54:   Skipping gene non-target-39 for permutation ... 
INFO  @ Wed, 29 May 2024 15:57:54:   Skipping gene non-target-10 for permutation ... 
INFO  @ Wed, 29 May 2024 15:57:54:   Skipping gene non-target-14 for permutation ... 
INFO  @ Wed, 29 May 2024 15:57:54:   Skipping gene non-target-37 for permutation ... 
INFO  @ Wed, 29 May 2024 15:57:54:   Skipping gene non-target-22 for permutation ... 
INFO  @ Wed, 29 May 2024 15:57:54:   Skipping gene non-target-13 for permutation ... 
INFO  @ Wed, 29 May 2024 15:57:54:   Skipping gene non-target-35 for permutation ... 
INFO  @ Wed, 29 May 2024 15:57:54:   Skipping gene non-target-27 for permutation ... 
INFO  @ Wed, 29 May 2024 15:57:54:   Skipping gene non-target-24 for permutation ... 
INFO  @ Wed, 29 May 2024 15:57:54:   Warning: sgRNA  not found in the ranked list.  
INFO  @ Wed, 29 May 2024 15:57:54:   Warning: sgRNA pegRNA_462_r2 not found in the ranked list.  
INFO  @ Wed, 29 May 2024 15:57:54:   Computing false discovery rate... 
INFO  @ Wed, 29 May 2024 15:57:54:   Increase the number of permutations to 496 to get precise p values. To avoid this, use the --permutation option. 
INFO  @ Wed, 29 May 2024 15:57:54:   Total # control sgRNAs: 122 
INFO  @ Wed, 29 May 2024 15:57:54:   Permuting genes with 3 sgRNAs... 
INFO  @ Wed, 29 May 2024 15:57:54:   Permuting genes with 5 sgRNAs... 
INFO  @ Wed, 29 May 2024 15:57:54:   Permuting genes with 6 sgRNAs... 
INFO  @ Wed, 29 May 2024 15:57:54:   Permuting genes with 9 sgRNAs... 
INFO  @ Wed, 29 May 2024 15:57:54:   Permuting genes with 12 sgRNAs... 
INFO  @ Wed, 29 May 2024 15:57:54:   Permuting genes with 15 sgRNAs... 
INFO  @ Wed, 29 May 2024 15:57:54:   Number of genes under FDR adjustment: 202 
INFO  @ Wed, 29 May 2024 15:57:54:   Saving to output file... 
INFO  @ Wed, 29 May 2024 15:57:54:   Suppressing the output of gene non-target-9 since it is negative ontrol genes. 
INFO  @ Wed, 29 May 2024 15:57:54:   Suppressing the output of gene non-target-4 since it is negative ontrol genes. 
INFO  @ Wed, 29 May 2024 15:57:54:   Suppressing the output of gene non-target-34 since it is negative ontrol genes. 
INFO  @ Wed, 29 May 2024 15:57:54:   Suppressing the output of gene non-target-3 since it is negative ontrol genes. 
INFO  @ Wed, 29 May 2024 15:57:54:   Suppressing the output of gene non-target-41 since it is negative ontrol genes. 
INFO  @ Wed, 29 May 2024 15:57:54:   Suppressing the output of gene non-target-12 since it is negative ontrol genes. 
INFO  @ Wed, 29 May 2024 15:57:54:   Suppressing the output of gene non-target-25 since it is negative ontrol genes. 
INFO  @ Wed, 29 May 2024 15:57:54:   Suppressing the output of gene non-target-2 since it is negative ontrol genes. 
INFO  @ Wed, 29 May 2024 15:57:54:   Suppressing the output of gene non-target-40 since it is negative ontrol genes. 
INFO  @ Wed, 29 May 2024 15:57:54:   Suppressing the output of gene non-target-1 since it is negative ontrol genes. 
INFO  @ Wed, 29 May 2024 15:57:54:   Suppressing the output of gene non-target-15 since it is negative ontrol genes. 
INFO  @ Wed, 29 May 2024 15:57:54:   Suppressing the output of gene non-target-32 since it is negative ontrol genes. 
INFO  @ Wed, 29 May 2024 15:57:54:   Suppressing the output of gene non-target-33 since it is negative ontrol genes. 
INFO  @ Wed, 29 May 2024 15:57:54:   Suppressing the output of gene non-target-28 since it is negative ontrol genes. 
INFO  @ Wed, 29 May 2024 15:57:54:   Suppressing the output of gene non-target-5 since it is negative ontrol genes. 
INFO  @ Wed, 29 May 2024 15:57:54:   Suppressing the output of gene non-target-38 since it is negative ontrol genes. 
INFO  @ Wed, 29 May 2024 15:57:54:   Suppressing the output of gene non-target-20 since it is negative ontrol genes. 
INFO  @ Wed, 29 May 2024 15:57:54:   Suppressing the output of gene non-target-8 since it is negative ontrol genes. 
INFO  @ Wed, 29 May 2024 15:57:54:   Suppressing the output of gene non-target-26 since it is negative ontrol genes. 
INFO  @ Wed, 29 May 2024 15:57:54:   Suppressing the output of gene non-target-6 since it is negative ontrol genes. 
INFO  @ Wed, 29 May 2024 15:57:54:   Suppressing the output of gene non-target-17 since it is negative ontrol genes. 
INFO  @ Wed, 29 May 2024 15:57:54:   Suppressing the output of gene non-target-23 since it is negative ontrol genes. 
INFO  @ Wed, 29 May 2024 15:57:54:   Suppressing the output of gene non-target-11 since it is negative ontrol genes. 
INFO  @ Wed, 29 May 2024 15:57:54:   Suppressing the output of gene non-target-19 since it is negative ontrol genes. 
INFO  @ Wed, 29 May 2024 15:57:54:   Suppressing the output of gene non-target-7 since it is negative ontrol genes. 
INFO  @ Wed, 29 May 2024 15:57:54:   Suppressing the output of gene non-target-18 since it is negative ontrol genes. 
INFO  @ Wed, 29 May 2024 15:57:54:   Suppressing the output of gene non-target-36 since it is negative ontrol genes. 
INFO  @ Wed, 29 May 2024 15:57:54:   Suppressing the output of gene non-target-16 since it is negative ontrol genes. 
INFO  @ Wed, 29 May 2024 15:57:54:   Suppressing the output of gene non-target-29 since it is negative ontrol genes. 
INFO  @ Wed, 29 May 2024 15:57:54:   Suppressing the output of gene non-target-30 since it is negative ontrol genes. 
INFO  @ Wed, 29 May 2024 15:57:54:   Suppressing the output of gene non-target-21 since it is negative ontrol genes. 
INFO  @ Wed, 29 May 2024 15:57:54:   Suppressing the output of gene non-target-31 since it is negative ontrol genes. 
INFO  @ Wed, 29 May 2024 15:57:54:   Suppressing the output of gene non-target-39 since it is negative ontrol genes. 
INFO  @ Wed, 29 May 2024 15:57:54:   Suppressing the output of gene non-target-10 since it is negative ontrol genes. 
INFO  @ Wed, 29 May 2024 15:57:54:   Suppressing the output of gene non-target-14 since it is negative ontrol genes. 
INFO  @ Wed, 29 May 2024 15:57:54:   Suppressing the output of gene non-target-37 since it is negative ontrol genes. 
INFO  @ Wed, 29 May 2024 15:57:54:   Suppressing the output of gene non-target-22 since it is negative ontrol genes. 
INFO  @ Wed, 29 May 2024 15:57:54:   Suppressing the output of gene non-target-13 since it is negative ontrol genes. 
INFO  @ Wed, 29 May 2024 15:57:54:   Suppressing the output of gene non-target-35 since it is negative ontrol genes. 
INFO  @ Wed, 29 May 2024 15:57:54:   Suppressing the output of gene non-target-27 since it is negative ontrol genes. 
INFO  @ Wed, 29 May 2024 15:57:54:   Suppressing the output of gene non-target-24 since it is negative ontrol genes. 
INFO  @ Wed, 29 May 2024 15:57:54:   RRA completed. 
INFO  @ Wed, 29 May 2024 15:57:54:   Groups deletion complete. 
INFO  @ Wed, 29 May 2024 15:57:54:   Lists deletion complete. 
INFO  @ Wed, 29 May 2024 15:57:54:   ControlSeqPercentile deletion complete. 
INFO  @ Wed, 29 May 2024 15:57:54:    
INFO  @ Wed, 29 May 2024 15:57:54: End command message. 
DEBUG @ Wed, 29 May 2024 15:57:54: Sorting the merged items by negative selection... 
INFO  @ Wed, 29 May 2024 15:57:54: Loading top 10 genes from Q4_Q2_presort_PAIRED_controls.gene.low.txt: p.Gly31Glu,p.Arg34Gly,safe-target-27,p.G364C,p.Glu82Asp,safe-target-24,p.R601L,V369V,V465V,safe-target-19 
DEBUG @ Wed, 29 May 2024 15:57:54: Column index:3 
INFO  @ Wed, 29 May 2024 15:57:54: Loading top 10 genes from Q4_Q2_presort_PAIRED_controls.gene.high.txt: p.A184G,p.S224F,p.V369L,S224S,p.H210P,safe-target-42,S45S,p.H274R,p.R320L,p.R320Q 
DEBUG @ Wed, 29 May 2024 15:57:54: Column index:9 
INFO  @ Wed, 29 May 2024 15:57:54: Running command: rm Q4_Q2_presort_PAIRED_controls.plow.txt 
INFO  @ Wed, 29 May 2024 15:57:54: Running command: rm Q4_Q2_presort_PAIRED_controls.phigh.txt 
INFO  @ Wed, 29 May 2024 15:57:54: Running command: rm Q4_Q2_presort_PAIRED_controls.gene.low.txt 
INFO  @ Wed, 29 May 2024 15:57:54: Running command: rm Q4_Q2_presort_PAIRED_controls.gene.high.txt 
