INFO  @ Tue, 28 May 2024 19:53:40: Parameters: /Users/samgould/opt/anaconda3/envs/mageckenv/bin/mageck test -k /Users/samgould/Documents/GitHub/KEAP1-pegRNA-sensor-targeted-library/mageck_counts.txt -t REP1_Q4,REP2_Q4,REP3_Q4 -c REP1_Q1,REP2_Q1,REP3_Q1 --normcounts-to-file -n Q4_Q1 
INFO  @ Tue, 28 May 2024 19:53:40: Welcome to MAGeCK v0.5.9.5. Command: test 
INFO  @ Tue, 28 May 2024 19:53:40: Loading count table from /Users/samgould/Documents/GitHub/KEAP1-pegRNA-sensor-targeted-library/mageck_counts.txt  
INFO  @ Tue, 28 May 2024 19:53:40: Processing 1 lines.. 
DEBUG @ Tue, 28 May 2024 19:53:40: Parsing error in line 1 (usually the header line). Skip this line. 
INFO  @ Tue, 28 May 2024 19:53:40: Loaded 500 records. 
INFO  @ Tue, 28 May 2024 19:53:40: Loading Rnw template file: /Users/samgould/opt/anaconda3/envs/mageckenv/lib/python3.10/site-packages/mageck/test_report.Rmd. 
DEBUG @ Tue, 28 May 2024 19:53:40: Setting up the visualization module... 
INFO  @ Tue, 28 May 2024 19:53:40: Loading R template file: /Users/samgould/opt/anaconda3/envs/mageckenv/lib/python3.10/site-packages/mageck/plot_template.RTemplate. 
INFO  @ Tue, 28 May 2024 19:53:40: Loading R template file: /Users/samgould/opt/anaconda3/envs/mageckenv/lib/python3.10/site-packages/mageck/plot_template_indvgene.RTemplate. 
INFO  @ Tue, 28 May 2024 19:53:40: Loading Rnw template file: /Users/samgould/opt/anaconda3/envs/mageckenv/lib/python3.10/site-packages/mageck/plot_template.Rnw. 
DEBUG @ Tue, 28 May 2024 19:53:40: Setting up the visualization module... 
DEBUG @ Tue, 28 May 2024 19:53:40: Given sample labels: REP1_Q4,REP2_Q4,REP3_Q4 
DEBUG @ Tue, 28 May 2024 19:53:40: Converted index: 3 7 11 
INFO  @ Tue, 28 May 2024 19:53:40: Treatment samples:REP1_Q4,REP2_Q4,REP3_Q4 
INFO  @ Tue, 28 May 2024 19:53:40: Treatment sample index:3,7,11 
DEBUG @ Tue, 28 May 2024 19:53:40: Given sample labels: REP1_Q1,REP2_Q1,REP3_Q1 
DEBUG @ Tue, 28 May 2024 19:53:40: Converted index: 0 4 8 
INFO  @ Tue, 28 May 2024 19:53:40: Control samples:REP1_Q1,REP2_Q1,REP3_Q1 
INFO  @ Tue, 28 May 2024 19:53:40: Control sample index:0,4,8 
DEBUG @ Tue, 28 May 2024 19:53:40: Initial (total) size factor: 1.4009813124145611 0.7861103534617262 1.0315236559405194 1.1761290524324366 0.7301638376784922 1.21228815744519 
DEBUG @ Tue, 28 May 2024 19:53:40: Median factor: 1.2963083783218428 0.7621351201129536 1.0315995927259216 1.1332866675766997 0.7628370639983938 1.1929046224230284 
INFO  @ Tue, 28 May 2024 19:53:40: Final size factor: 1.2963083783218428 0.7621351201129536 1.0315995927259216 1.1332866675766997 0.7628370639983938 1.1929046224230284 
INFO  @ Tue, 28 May 2024 19:53:40: Writing normalized read counts to Q4_Q1.normalized.txt 
INFO  @ Tue, 28 May 2024 19:53:40: Detecting outliers from variance estimation.. Avg read count:[113.47595519985137], Var: [944887.5513600301] 
INFO  @ Tue, 28 May 2024 19:53:40: Skipping 7 sgRNAs from variance calculation because of their extreme high counts (> 4* STD (mean counts) ). 
DEBUG @ Tue, 28 May 2024 19:53:40: Adjusted model: 1.4038706215665595	0 
INFO  @ Tue, 28 May 2024 19:53:40: Before RRA, 4 sgRNAs are removed with zero counts in both group(s). 
INFO  @ Tue, 28 May 2024 19:53:40: Use qnorm to reversely calculate sgRNA scores ... 
DEBUG @ Tue, 28 May 2024 19:53:40: lower test FDR cutoff: 0.2056451612903226 
DEBUG @ Tue, 28 May 2024 19:53:40: higher test FDR cutoff: 0.24798387096774194 
INFO  @ Tue, 28 May 2024 19:53:40: Running command: RRA -i Q4_Q1.plow.txt -o Q4_Q1.gene.low.txt -p 0.2056451612903226 --skip-gene NA --skip-gene na  
INFO  @ Tue, 28 May 2024 19:53:40: Command message: 
INFO  @ Tue, 28 May 2024 19:53:40:   Welcome to RRA v 0.5.9. 
INFO  @ Tue, 28 May 2024 19:53:40:   Skipping gene NA for permutation ... 
INFO  @ Tue, 28 May 2024 19:53:40:   Skipping gene na for permutation ... 
INFO  @ Tue, 28 May 2024 19:53:40:   Reading input file... 
INFO  @ Tue, 28 May 2024 19:53:40:   Summary: 496 sgRNAs, 200 genes, 1 lists; skipped sgRNAs:0 
INFO  @ Tue, 28 May 2024 19:53:40:   Computing lo-values for each group... 
INFO  @ Tue, 28 May 2024 19:53:40:   Computing false discovery rate... 
INFO  @ Tue, 28 May 2024 19:53:40:   Increase the number of permutations to 501 to get precise p values. To avoid this, use the --permutation option. 
INFO  @ Tue, 28 May 2024 19:53:40:   Permuting genes with 1 sgRNAs... 
INFO  @ Tue, 28 May 2024 19:53:40:   Permuting genes with 2 sgRNAs... 
INFO  @ Tue, 28 May 2024 19:53:40:   Permuting genes with 3 sgRNAs... 
INFO  @ Tue, 28 May 2024 19:53:40:   Permuting genes with 4 sgRNAs... 
INFO  @ Tue, 28 May 2024 19:53:40:   Permuting genes with 5 sgRNAs... 
INFO  @ Tue, 28 May 2024 19:53:40:   Number of genes under FDR adjustment: 200 
INFO  @ Tue, 28 May 2024 19:53:40:   Saving to output file... 
INFO  @ Tue, 28 May 2024 19:53:40:   RRA completed. 
INFO  @ Tue, 28 May 2024 19:53:40:   Groups deletion complete. 
INFO  @ Tue, 28 May 2024 19:53:40:   Lists deletion complete. 
INFO  @ Tue, 28 May 2024 19:53:40:    
INFO  @ Tue, 28 May 2024 19:53:40: End command message. 
INFO  @ Tue, 28 May 2024 19:53:40: Running command: RRA -i Q4_Q1.phigh.txt -o Q4_Q1.gene.high.txt -p 0.24798387096774194 --skip-gene NA --skip-gene na  
INFO  @ Tue, 28 May 2024 19:53:40: Command message: 
INFO  @ Tue, 28 May 2024 19:53:40:   Welcome to RRA v 0.5.9. 
INFO  @ Tue, 28 May 2024 19:53:40:   Skipping gene NA for permutation ... 
INFO  @ Tue, 28 May 2024 19:53:40:   Skipping gene na for permutation ... 
INFO  @ Tue, 28 May 2024 19:53:40:   Reading input file... 
INFO  @ Tue, 28 May 2024 19:53:40:   Summary: 496 sgRNAs, 200 genes, 1 lists; skipped sgRNAs:0 
INFO  @ Tue, 28 May 2024 19:53:40:   Computing lo-values for each group... 
INFO  @ Tue, 28 May 2024 19:53:40:   Computing false discovery rate... 
INFO  @ Tue, 28 May 2024 19:53:40:   Increase the number of permutations to 501 to get precise p values. To avoid this, use the --permutation option. 
INFO  @ Tue, 28 May 2024 19:53:40:   Permuting genes with 1 sgRNAs... 
INFO  @ Tue, 28 May 2024 19:53:40:   Permuting genes with 2 sgRNAs... 
INFO  @ Tue, 28 May 2024 19:53:40:   Permuting genes with 3 sgRNAs... 
INFO  @ Tue, 28 May 2024 19:53:40:   Permuting genes with 4 sgRNAs... 
INFO  @ Tue, 28 May 2024 19:53:40:   Permuting genes with 5 sgRNAs... 
INFO  @ Tue, 28 May 2024 19:53:40:   Number of genes under FDR adjustment: 200 
INFO  @ Tue, 28 May 2024 19:53:40:   Saving to output file... 
INFO  @ Tue, 28 May 2024 19:53:40:   RRA completed. 
INFO  @ Tue, 28 May 2024 19:53:40:   Groups deletion complete. 
INFO  @ Tue, 28 May 2024 19:53:40:   Lists deletion complete. 
INFO  @ Tue, 28 May 2024 19:53:40:    
INFO  @ Tue, 28 May 2024 19:53:40: End command message. 
DEBUG @ Tue, 28 May 2024 19:53:40: Sorting the merged items by negative selection... 
INFO  @ Tue, 28 May 2024 19:53:40: Loading top 10 genes from Q4_Q1.gene.low.txt: non-target-5,p.R234W,p.A510V,p.M550K,V369V,G186G,H210H,G332G,p.G430C,p.G332C 
DEBUG @ Tue, 28 May 2024 19:53:40: Column index:3 
INFO  @ Tue, 28 May 2024 19:53:40: Loading top 10 genes from Q4_Q1.gene.high.txt: p.N414I,p.A184G,p.S224F,p.R320Q,p.V369L,p.H274R,p.C171F,safe-target-34,R413R,p.R320L 
DEBUG @ Tue, 28 May 2024 19:53:40: Column index:9 
INFO  @ Tue, 28 May 2024 19:53:40: Running command: rm Q4_Q1.plow.txt 
INFO  @ Tue, 28 May 2024 19:53:40: Running command: rm Q4_Q1.phigh.txt 
INFO  @ Tue, 28 May 2024 19:53:40: Running command: rm Q4_Q1.gene.low.txt 
INFO  @ Tue, 28 May 2024 19:53:40: Running command: rm Q4_Q1.gene.high.txt 
